Apache Maven 3.9.12 (848fbb4bf2d427b72bdb2471c22fced7ebd9a7a1)
Maven home: /opt/homebrew/Cellar/maven/3.9.12/libexec
Java version: 21.0.9, vendor: Eclipse Adoptium, runtime: /Library/Java/JavaVirtualMachines/temurin-21.jdk/Contents/Home
Default locale: en_IN, platform encoding: UTF-8
OS name: "mac os x", version: "15.5", arch: "aarch64", family: "mac"
[DEBUG] Created new class realm maven.api
[DEBUG] Importing foreign packages into class realm maven.api
[DEBUG]   Imported: javax.annotation.* < plexus.core
[DEBUG]   Imported: javax.annotation.security.* < plexus.core
[DEBUG]   Imported: javax.inject.* < plexus.core
[DEBUG]   Imported: org.apache.maven.* < plexus.core
[DEBUG]   Imported: org.apache.maven.artifact < plexus.core
[DEBUG]   Imported: org.apache.maven.classrealm < plexus.core
[DEBUG]   Imported: org.apache.maven.cli < plexus.core
[DEBUG]   Imported: org.apache.maven.configuration < plexus.core
[DEBUG]   Imported: org.apache.maven.exception < plexus.core
[DEBUG]   Imported: org.apache.maven.execution < plexus.core
[DEBUG]   Imported: org.apache.maven.execution.scope < plexus.core
[DEBUG]   Imported: org.apache.maven.graph < plexus.core
[DEBUG]   Imported: org.apache.maven.lifecycle < plexus.core
[DEBUG]   Imported: org.apache.maven.model < plexus.core
[DEBUG]   Imported: org.apache.maven.monitor < plexus.core
[DEBUG]   Imported: org.apache.maven.plugin < plexus.core
[DEBUG]   Imported: org.apache.maven.profiles < plexus.core
[DEBUG]   Imported: org.apache.maven.project < plexus.core
[DEBUG]   Imported: org.apache.maven.reporting < plexus.core
[DEBUG]   Imported: org.apache.maven.repository < plexus.core
[DEBUG]   Imported: org.apache.maven.rtinfo < plexus.core
[DEBUG]   Imported: org.apache.maven.settings < plexus.core
[DEBUG]   Imported: org.apache.maven.toolchain < plexus.core
[DEBUG]   Imported: org.apache.maven.usability < plexus.core
[DEBUG]   Imported: org.apache.maven.wagon.* < plexus.core
[DEBUG]   Imported: org.apache.maven.wagon.authentication < plexus.core
[DEBUG]   Imported: org.apache.maven.wagon.authorization < plexus.core
[DEBUG]   Imported: org.apache.maven.wagon.events < plexus.core
[DEBUG]   Imported: org.apache.maven.wagon.observers < plexus.core
[DEBUG]   Imported: org.apache.maven.wagon.proxy < plexus.core
[DEBUG]   Imported: org.apache.maven.wagon.repository < plexus.core
[DEBUG]   Imported: org.apache.maven.wagon.resource < plexus.core
[DEBUG]   Imported: org.codehaus.classworlds < plexus.core
[DEBUG]   Imported: org.codehaus.plexus.* < plexus.core
[DEBUG]   Imported: org.codehaus.plexus.classworlds < plexus.core
[DEBUG]   Imported: org.codehaus.plexus.component < plexus.core
[DEBUG]   Imported: org.codehaus.plexus.configuration < plexus.core
[DEBUG]   Imported: org.codehaus.plexus.container < plexus.core
[DEBUG]   Imported: org.codehaus.plexus.context < plexus.core
[DEBUG]   Imported: org.codehaus.plexus.lifecycle < plexus.core
[DEBUG]   Imported: org.codehaus.plexus.logging < plexus.core
[DEBUG]   Imported: org.codehaus.plexus.personality < plexus.core
[DEBUG]   Imported: org.codehaus.plexus.util.xml.Xpp3Dom < plexus.core
[DEBUG]   Imported: org.codehaus.plexus.util.xml.pull.XmlPullParser < plexus.core
[DEBUG]   Imported: org.codehaus.plexus.util.xml.pull.XmlPullParserException < plexus.core
[DEBUG]   Imported: org.codehaus.plexus.util.xml.pull.XmlSerializer < plexus.core
[DEBUG]   Imported: org.eclipse.aether.* < plexus.core
[DEBUG]   Imported: org.eclipse.aether.artifact < plexus.core
[DEBUG]   Imported: org.eclipse.aether.collection < plexus.core
[DEBUG]   Imported: org.eclipse.aether.deployment < plexus.core
[DEBUG]   Imported: org.eclipse.aether.graph < plexus.core
[DEBUG]   Imported: org.eclipse.aether.impl < plexus.core
[DEBUG]   Imported: org.eclipse.aether.installation < plexus.core
[DEBUG]   Imported: org.eclipse.aether.internal.impl < plexus.core
[DEBUG]   Imported: org.eclipse.aether.metadata < plexus.core
[DEBUG]   Imported: org.eclipse.aether.repository < plexus.core
[DEBUG]   Imported: org.eclipse.aether.resolution < plexus.core
[DEBUG]   Imported: org.eclipse.aether.spi < plexus.core
[DEBUG]   Imported: org.eclipse.aether.transfer < plexus.core
[DEBUG]   Imported: org.eclipse.aether.util < plexus.core
[DEBUG]   Imported: org.eclipse.aether.version < plexus.core
[DEBUG]   Imported: org.fusesource.jansi.* < plexus.core
[DEBUG]   Imported: org.slf4j.* < plexus.core
[DEBUG]   Imported: org.slf4j.event.* < plexus.core
[DEBUG]   Imported: org.slf4j.helpers.* < plexus.core
[DEBUG]   Imported: org.slf4j.spi.* < plexus.core
[DEBUG] Populating class realm maven.api
[DEBUG] Created adapter factory; available factories [file-lock, rwlock-local, semaphore-local, noop]; available name mappers [discriminating, file-gaecv, file-gav, file-hgaecv, file-hgav, file-static, gaecv, gav, static]
[INFO] Error stacktraces are turned on.
[DEBUG] Message scheme: color
[DEBUG] Message styles: debug info warning error success failure strong mojo project
[DEBUG] Reading global settings from /opt/homebrew/Cellar/maven/3.9.12/libexec/conf/settings.xml
[DEBUG] Reading user settings from /Users/yuktinandwana/.m2/settings.xml
[DEBUG] Reading global toolchains from /opt/homebrew/Cellar/maven/3.9.12/libexec/conf/toolchains.xml
[DEBUG] Reading user toolchains from /Users/yuktinandwana/.m2/toolchains.xml
[DEBUG] Using local repository at /Users/yuktinandwana/.m2/repository
[DEBUG] Using manager EnhancedLocalRepositoryManager with priority 10.0 for /Users/yuktinandwana/.m2/repository
[INFO] Scanning for projects...
[DEBUG] Creating adapter using nameMapper 'gaecv' and factory 'rwlock-local'
[DEBUG] Dependency collection stats {ConflictMarker.analyzeTime=139125, ConflictMarker.markTime=32875, ConflictMarker.nodeCount=20, ConflictIdSorter.graphTime=75666, ConflictIdSorter.topsortTime=73917, ConflictIdSorter.conflictIdCount=19, ConflictIdSorter.conflictIdCycleCount=0, ConflictResolver.totalTime=1003875, ConflictResolver.conflictItemCount=20, DfDependencyCollector.collectTime=65082375, DfDependencyCollector.transformTime=1805584}
[DEBUG] org.sonatype.central:central-publishing-maven-plugin:jar:0.10.0
[DEBUG]    org.codehaus.plexus:plexus-utils:jar:3.5.1:compile
[DEBUG]    com.github.package-url:packageurl-java:jar:1.4.1:compile
[DEBUG]    com.google.guava:guava:jar:32.1.0-jre:compile
[DEBUG]       com.google.guava:failureaccess:jar:1.0.1:compile
[DEBUG]       com.google.guava:listenablefuture:jar:9999.0-empty-to-avoid-conflict-with-guava:compile
[DEBUG]       com.google.code.findbugs:jsr305:jar:3.0.2:compile
[DEBUG]       org.checkerframework:checker-qual:jar:3.33.0:compile
[DEBUG]       com.google.errorprone:error_prone_annotations:jar:2.18.0:compile
[DEBUG]       com.google.j2objc:j2objc-annotations:jar:2.8:compile
[DEBUG]    commons-io:commons-io:jar:2.15.1:compile
[DEBUG]    org.apache.commons:commons-lang3:jar:3.18.0:compile
[DEBUG]    com.fasterxml.jackson.core:jackson-databind:jar:2.16.1:compile
[DEBUG]       com.fasterxml.jackson.core:jackson-annotations:jar:2.16.1:compile
[DEBUG]       com.fasterxml.jackson.core:jackson-core:jar:2.16.1:compile
[DEBUG]    org.apache.httpcomponents.client5:httpclient5:jar:5.3.1:compile
[DEBUG]       org.apache.httpcomponents.core5:httpcore5:jar:5.2.4:compile
[DEBUG]       org.apache.httpcomponents.core5:httpcore5-h2:jar:5.2.4:compile
[DEBUG]       org.slf4j:slf4j-api:jar:1.7.36:compile
[DEBUG] Created new class realm extension>org.sonatype.central:central-publishing-maven-plugin:0.10.0
[DEBUG] Importing foreign packages into class realm extension>org.sonatype.central:central-publishing-maven-plugin:0.10.0
[DEBUG]   Imported:  < maven.api
[DEBUG] Populating class realm extension>org.sonatype.central:central-publishing-maven-plugin:0.10.0
[DEBUG]   Included: org.sonatype.central:central-publishing-maven-plugin:jar:0.10.0
[DEBUG]   Included: org.codehaus.plexus:plexus-utils:jar:3.5.1
[DEBUG]   Included: com.github.package-url:packageurl-java:jar:1.4.1
[DEBUG]   Included: com.google.guava:guava:jar:32.1.0-jre
[DEBUG]   Included: com.google.guava:failureaccess:jar:1.0.1
[DEBUG]   Included: com.google.guava:listenablefuture:jar:9999.0-empty-to-avoid-conflict-with-guava
[DEBUG]   Included: com.google.code.findbugs:jsr305:jar:3.0.2
[DEBUG]   Included: org.checkerframework:checker-qual:jar:3.33.0
[DEBUG]   Included: com.google.errorprone:error_prone_annotations:jar:2.18.0
[DEBUG]   Included: com.google.j2objc:j2objc-annotations:jar:2.8
[DEBUG]   Included: commons-io:commons-io:jar:2.15.1
[DEBUG]   Included: org.apache.commons:commons-lang3:jar:3.18.0
[DEBUG]   Included: com.fasterxml.jackson.core:jackson-databind:jar:2.16.1
[DEBUG]   Included: com.fasterxml.jackson.core:jackson-annotations:jar:2.16.1
[DEBUG]   Included: com.fasterxml.jackson.core:jackson-core:jar:2.16.1
[DEBUG]   Included: org.apache.httpcomponents.client5:httpclient5:jar:5.3.1
[DEBUG]   Included: org.apache.httpcomponents.core5:httpcore5:jar:5.2.4
[DEBUG]   Included: org.apache.httpcomponents.core5:httpcore5-h2:jar:5.2.4
[DEBUG] Extension realms for project com.puppycrawl.tools:checkstyle:jar:13.1.0-SNAPSHOT: [ClassRealm[extension>org.sonatype.central:central-publishing-maven-plugin:0.10.0, parent: jdk.internal.loader.ClassLoaders$AppClassLoader@c387f44]]
[DEBUG] Created new class realm project>com.puppycrawl.tools:checkstyle:13.1.0-SNAPSHOT
[DEBUG] Populating class realm project>com.puppycrawl.tools:checkstyle:13.1.0-SNAPSHOT
[DEBUG] Looking up lifecycle mappings for packaging jar from ClassRealm[project>com.puppycrawl.tools:checkstyle:13.1.0-SNAPSHOT, parent: ClassRealm[maven.api, parent: null]]
[DEBUG] Extension realms for project org.sonatype.oss:oss-parent:pom:9: (none)
[DEBUG] Looking up lifecycle mappings for packaging pom from ClassRealm[plexus.core, parent: null]
[INFO] Inspecting build with total of 1 modules
[INFO] Installing Central Publishing features
[DEBUG] === REACTOR BUILD PLAN ================================================
[DEBUG] Project: com.puppycrawl.tools:checkstyle:jar:13.1.0-SNAPSHOT
[DEBUG] Tasks:   [clean, verify]
[DEBUG] Style:   Regular
[DEBUG] =======================================================================
[INFO] 
[INFO] ------------------< com.puppycrawl.tools:checkstyle >-------------------
[INFO] Building checkstyle 13.1.0-SNAPSHOT
[INFO]   from pom.xml
[INFO] --------------------------------[ jar ]---------------------------------
[DEBUG] Lifecycle clean -> [pre-clean, clean, post-clean]
[DEBUG] Lifecycle default -> [validate, initialize, generate-sources, process-sources, generate-resources, process-resources, compile, process-classes, generate-test-sources, process-test-sources, generate-test-resources, process-test-resources, test-compile, process-test-classes, test, prepare-package, package, pre-integration-test, integration-test, post-integration-test, verify, install, deploy]
[DEBUG] Lifecycle site -> [pre-site, site, post-site, site-deploy]
[DEBUG] Lifecycle clean -> [pre-clean, clean, post-clean]
[DEBUG] Lifecycle default -> [validate, initialize, generate-sources, process-sources, generate-resources, process-resources, compile, process-classes, generate-test-sources, process-test-sources, generate-test-resources, process-test-resources, test-compile, process-test-classes, test, prepare-package, package, pre-integration-test, integration-test, post-integration-test, verify, install, deploy]
[DEBUG] Lifecycle site -> [pre-site, site, post-site, site-deploy]
[DEBUG] Lifecycle clean -> [pre-clean, clean, post-clean]
[DEBUG] Lifecycle default -> [validate, initialize, generate-sources, process-sources, generate-resources, process-resources, compile, process-classes, generate-test-sources, process-test-sources, generate-test-resources, process-test-resources, test-compile, process-test-classes, test, prepare-package, package, pre-integration-test, integration-test, post-integration-test, verify, install, deploy]
[DEBUG] Lifecycle site -> [pre-site, site, post-site, site-deploy]
[DEBUG] Lifecycle clean -> [pre-clean, clean, post-clean]
[DEBUG] Lifecycle default -> [validate, initialize, generate-sources, process-sources, generate-resources, process-resources, compile, process-classes, generate-test-sources, process-test-sources, generate-test-resources, process-test-resources, test-compile, process-test-classes, test, prepare-package, package, pre-integration-test, integration-test, post-integration-test, verify, install, deploy]
[DEBUG] Lifecycle site -> [pre-site, site, post-site, site-deploy]
[DEBUG] Lifecycle clean -> [pre-clean, clean, post-clean]
[DEBUG] Lifecycle default -> [validate, initialize, generate-sources, process-sources, generate-resources, process-resources, compile, process-classes, generate-test-sources, process-test-sources, generate-test-resources, process-test-resources, test-compile, process-test-classes, test, prepare-package, package, pre-integration-test, integration-test, post-integration-test, verify, install, deploy]
[DEBUG] Lifecycle site -> [pre-site, site, post-site, site-deploy]
[DEBUG] Lifecycle clean -> [pre-clean, clean, post-clean]
[DEBUG] Lifecycle default -> [validate, initialize, generate-sources, process-sources, generate-resources, process-resources, compile, process-classes, generate-test-sources, process-test-sources, generate-test-resources, process-test-resources, test-compile, process-test-classes, test, prepare-package, package, pre-integration-test, integration-test, post-integration-test, verify, install, deploy]
[DEBUG] Lifecycle site -> [pre-site, site, post-site, site-deploy]
[DEBUG] Lifecycle clean -> [pre-clean, clean, post-clean]
[DEBUG] Lifecycle default -> [validate, initialize, generate-sources, process-sources, generate-resources, process-resources, compile, process-classes, generate-test-sources, process-test-sources, generate-test-resources, process-test-resources, test-compile, process-test-classes, test, prepare-package, package, pre-integration-test, integration-test, post-integration-test, verify, install, deploy]
[DEBUG] Lifecycle site -> [pre-site, site, post-site, site-deploy]
[DEBUG] Lifecycle clean -> [pre-clean, clean, post-clean]
[DEBUG] Lifecycle default -> [validate, initialize, generate-sources, process-sources, generate-resources, process-resources, compile, process-classes, generate-test-sources, process-test-sources, generate-test-resources, process-test-resources, test-compile, process-test-classes, test, prepare-package, package, pre-integration-test, integration-test, post-integration-test, verify, install, deploy]
[DEBUG] Lifecycle site -> [pre-site, site, post-site, site-deploy]
[DEBUG] Lifecycle clean -> [pre-clean, clean, post-clean]
[DEBUG] Lifecycle default -> [validate, initialize, generate-sources, process-sources, generate-resources, process-resources, compile, process-classes, generate-test-sources, process-test-sources, generate-test-resources, process-test-resources, test-compile, process-test-classes, test, prepare-package, package, pre-integration-test, integration-test, post-integration-test, verify, install, deploy]
[DEBUG] Lifecycle site -> [pre-site, site, post-site, site-deploy]
[DEBUG] Lifecycle clean -> [pre-clean, clean, post-clean]
[DEBUG] Lifecycle default -> [validate, initialize, generate-sources, process-sources, generate-resources, process-resources, compile, process-classes, generate-test-sources, process-test-sources, generate-test-resources, process-test-resources, test-compile, process-test-classes, test, prepare-package, package, pre-integration-test, integration-test, post-integration-test, verify, install, deploy]
[DEBUG] Lifecycle site -> [pre-site, site, post-site, site-deploy]
[DEBUG] Lifecycle clean -> [pre-clean, clean, post-clean]
[DEBUG] Lifecycle default -> [validate, initialize, generate-sources, process-sources, generate-resources, process-resources, compile, process-classes, generate-test-sources, process-test-sources, generate-test-resources, process-test-resources, test-compile, process-test-classes, test, prepare-package, package, pre-integration-test, integration-test, post-integration-test, verify, install, deploy]
[DEBUG] Lifecycle site -> [pre-site, site, post-site, site-deploy]
[DEBUG] Lifecycle clean -> [pre-clean, clean, post-clean]
[DEBUG] Lifecycle default -> [validate, initialize, generate-sources, process-sources, generate-resources, process-resources, compile, process-classes, generate-test-sources, process-test-sources, generate-test-resources, process-test-resources, test-compile, process-test-classes, test, prepare-package, package, pre-integration-test, integration-test, post-integration-test, verify, install, deploy]
[DEBUG] Lifecycle site -> [pre-site, site, post-site, site-deploy]
[DEBUG] Lifecycle clean -> [pre-clean, clean, post-clean]
[DEBUG] Lifecycle default -> [validate, initialize, generate-sources, process-sources, generate-resources, process-resources, compile, process-classes, generate-test-sources, process-test-sources, generate-test-resources, process-test-resources, test-compile, process-test-classes, test, prepare-package, package, pre-integration-test, integration-test, post-integration-test, verify, install, deploy]
[DEBUG] Lifecycle site -> [pre-site, site, post-site, site-deploy]
[DEBUG] Lifecycle clean -> [pre-clean, clean, post-clean]
[DEBUG] Lifecycle default -> [validate, initialize, generate-sources, process-sources, generate-resources, process-resources, compile, process-classes, generate-test-sources, process-test-sources, generate-test-resources, process-test-resources, test-compile, process-test-classes, test, prepare-package, package, pre-integration-test, integration-test, post-integration-test, verify, install, deploy]
[DEBUG] Lifecycle site -> [pre-site, site, post-site, site-deploy]
[DEBUG] Lifecycle clean -> [pre-clean, clean, post-clean]
[DEBUG] Lifecycle default -> [validate, initialize, generate-sources, process-sources, generate-resources, process-resources, compile, process-classes, generate-test-sources, process-test-sources, generate-test-resources, process-test-resources, test-compile, process-test-classes, test, prepare-package, package, pre-integration-test, integration-test, post-integration-test, verify, install, deploy]
[DEBUG] Lifecycle site -> [pre-site, site, post-site, site-deploy]
[DEBUG] Lifecycle clean -> [pre-clean, clean, post-clean]
[DEBUG] Lifecycle default -> [validate, initialize, generate-sources, process-sources, generate-resources, process-resources, compile, process-classes, generate-test-sources, process-test-sources, generate-test-resources, process-test-resources, test-compile, process-test-classes, test, prepare-package, package, pre-integration-test, integration-test, post-integration-test, verify, install, deploy]
[DEBUG] Lifecycle site -> [pre-site, site, post-site, site-deploy]
[DEBUG] Lifecycle clean -> [pre-clean, clean, post-clean]
[DEBUG] Lifecycle default -> [validate, initialize, generate-sources, process-sources, generate-resources, process-resources, compile, process-classes, generate-test-sources, process-test-sources, generate-test-resources, process-test-resources, test-compile, process-test-classes, test, prepare-package, package, pre-integration-test, integration-test, post-integration-test, verify, install, deploy]
[DEBUG] Lifecycle site -> [pre-site, site, post-site, site-deploy]
[DEBUG] === PROJECT BUILD PLAN ================================================
[DEBUG] Project:       com.puppycrawl.tools:checkstyle:13.1.0-SNAPSHOT
[DEBUG] Dependencies (collect): [test]
[DEBUG] Dependencies (resolve): [compile, runtime, test]
[DEBUG] Repositories (dependencies): [sonatype-nexus-snapshots (https://oss.sonatype.org/content/repositories/snapshots, default, snapshots), central (https://repo.maven.apache.org/maven2, default, releases)]
[DEBUG] Repositories (plugins)     : [nexus-codehaus-snapshot (https://oss.sonatype.org/content/repositories/codehaus-snapshots/, default, releases+snapshots), central (https://repo.maven.apache.org/maven2, default, releases)]
[DEBUG] -----------------------------------------------------------------------
[DEBUG] Goal:          org.apache.maven.plugins:maven-clean-plugin:3.5.0:clean (default-clean)
[DEBUG] Style:         Regular
[DEBUG] Configuration: <?xml version="1.0" encoding="UTF-8"?>
<configuration>
  <directory default-value="${project.build.directory}"/>
  <excludeDefaultDirectories default-value="false">${maven.clean.excludeDefaultDirectories}</excludeDefaultDirectories>
  <failOnError default-value="true">${maven.clean.failOnError}</failOnError>
  <fast default-value="false">${maven.clean.fast}</fast>
  <fastDir>${maven.clean.fastDir}</fastDir>
  <fastMode default-value="background">${maven.clean.fastMode}</fastMode>
  <followSymLinks default-value="false">${maven.clean.followSymLinks}</followSymLinks>
  <force default-value="false">${maven.clean.force}</force>
  <outputDirectory default-value="${project.build.outputDirectory}"/>
  <reportDirectory default-value="${project.build.outputDirectory}"/>
  <retryOnError default-value="true">${maven.clean.retryOnError}</retryOnError>
  <session default-value="${session}"/>
  <skip default-value="false">${maven.clean.skip}</skip>
  <testOutputDirectory default-value="${project.build.testOutputDirectory}"/>
  <verbose>${maven.clean.verbose}</verbose>
</configuration>
[DEBUG] -----------------------------------------------------------------------
[DEBUG] Goal:          org.codehaus.mojo:tidy-maven-plugin:1.4.0:check (validate)
[DEBUG] Style:         Regular
[DEBUG] Configuration: <?xml version="1.0" encoding="UTF-8"?>
<configuration>
  <pomFile default-value="${project.file}">${tidy.pomFile}</pomFile>
  <project default-value="${project}"/>
  <skip default-value="false">${tidy.skip}</skip>
</configuration>
[DEBUG] -----------------------------------------------------------------------
[DEBUG] Goal:          org.apache.maven.plugins:maven-enforcer-plugin:3.6.2:enforce (enforce-maven)
[DEBUG] Style:         Regular
[DEBUG] Configuration: <?xml version="1.0" encoding="UTF-8"?>
<configuration>
  <commandLineRules>${rules}</commandLineRules>
  <fail default-value="true">${enforcer.fail}</fail>
  <failFast default-value="false">${enforcer.failFast}</failFast>
  <failIfNoRules default-value="true">${enforcer.failIfNoRules}</failIfNoRules>
  <ignoreCache default-value="false">${enforcer.ignoreCache}</ignoreCache>
  <mojoExecution default-value="${mojoExecution}"/>
  <project default-value="${project}"/>
  <rules>
    <requireMavenVersion>
      <version>(,2.1.0),(2.1.0,2.2.0),(2.2.0,)</version>
      <message>Maven 2.1.0 and 2.2.0 produce incorrect GPG signatures and checksums respectively.</message>
    </requireMavenVersion>
  </rules>
  <rulesToExecute>${enforcer.rules}</rulesToExecute>
  <rulesToSkip>${enforcer.skipRules}</rulesToSkip>
  <session default-value="${session}"/>
  <skip default-value="false">${enforcer.skip}</skip>
</configuration>
[DEBUG] -----------------------------------------------------------------------
[DEBUG] Goal:          org.apache.maven.plugins:maven-enforcer-plugin:3.6.2:enforce (enforce-versions)
[DEBUG] Style:         Regular
[DEBUG] Configuration: <?xml version="1.0" encoding="UTF-8"?>
<configuration>
  <commandLineRules>${rules}</commandLineRules>
  <fail default-value="true">${enforcer.fail}</fail>
  <failFast default-value="false">${enforcer.failFast}</failFast>
  <failIfNoRules default-value="true">${enforcer.failIfNoRules}</failIfNoRules>
  <ignoreCache default-value="false">${enforcer.ignoreCache}</ignoreCache>
  <mojoExecution default-value="${mojoExecution}"/>
  <project default-value="${project}"/>
  <rules>
    <requireJavaVersion>
      <version>21</version>
    </requireJavaVersion>
    <requireMavenVersion>
      <version>3.6.3</version>
    </requireMavenVersion>
    <dependencyConvergence>
      <excludes>
        <exclude>org.apache.maven.doxia:doxia-core</exclude>
        <exclude>org.apache.commons*</exclude>
        <exclude>org.apache.httpcomponents*</exclude>
        <exclude>org.codehaus.plexus*</exclude>
        <exclude>org.slf4j*</exclude>
      </excludes>
    </dependencyConvergence>
  </rules>
  <rulesToExecute>${enforcer.rules}</rulesToExecute>
  <rulesToSkip>${enforcer.skipRules}</rulesToSkip>
  <session default-value="${session}"/>
  <skip default-value="false">${enforcer.skip}</skip>
</configuration>
[DEBUG] -----------------------------------------------------------------------
[DEBUG] Goal:          org.codehaus.mojo:xml-maven-plugin:1.2.0:check-format (default)
[DEBUG] Style:         Regular
[DEBUG] Configuration: <?xml version="1.0" encoding="UTF-8"?>
<configuration>
  <basedir default-value="${project.basedir}"/>
  <catalogHandling default-value="passThrough">strict</catalogHandling>
  <catalogs>
    <catalog>config/catalog.xml</catalog>
  </catalogs>
  <encoding default-value="${project.build.sourceEncoding}">${xml.encoding}</encoding>
  <failOnFormatViolation default-value="true">${xml.failOnFormatViolation}</failOnFormatViolation>
  <formatFileSets>
    <formatFileSet>
      <directory>.</directory>
      <includes>
        <include>**/*.xml</include>
        <include>**/*.xsd</include>
        <include>**/*.xml.vm</include>
      </includes>
      <excludes>
        <exclude>.git/**</exclude>
        <exclude>src/site/xdoc/**</exclude>
        <exclude>target/**</exclude>
        <exclude>.ci-temp/**</exclude>
        <exclude>src/test/resources/**</exclude>
        <exclude>src/xdocs-examples/resources/**</exclude>
        <exclude>src/site/xdoc/releasenotes.xml</exclude>
        <exclude>src/site/xdoc/releasenotes_old*.xml</exclude>
        <exclude>src/main/resources/com/puppycrawl/tools/checkstyle/meta/**</exclude>
      </excludes>
    </formatFileSet>
  </formatFileSets>
  <indentSize default-value="2">${xml.indentSize}</indentSize>
  <pluginDependencies default-value="${plugin.artifacts}"/>
  <project default-value="${project}"/>
  <settings default-value="${settings}"/>
  <skip default-value="false">${xml.skip}</skip>
  <useDefaultFormatFileSet default-value="true">false</useDefaultFormatFileSet>
</configuration>
[DEBUG] -----------------------------------------------------------------------
[DEBUG] Goal:          org.antlr:antlr4-maven-plugin:4.13.2:antlr4 (default)
[DEBUG] Style:         Regular
[DEBUG] Configuration: <?xml version="1.0" encoding="UTF-8"?>
<configuration>
  <atn default-value="false">${antlr4.atn}</atn>
  <forceATN default-value="false">${antlr4.forceATN}</forceATN>
  <generateTestSources default-value="false">${antlr4.generateTestSources}</generateTestSources>
  <includes>
    <include>com/puppycrawl/tools/checkstyle/grammar/javadoc/*.g4</include>
    <include>com/puppycrawl/tools/checkstyle/grammar/java/*.g4</include>
  </includes>
  <inputEncoding>${project.build.sourceEncoding}</inputEncoding>
  <libDirectory default-value="${basedir}/src/main/antlr4/imports"/>
  <listener default-value="true">false</listener>
  <outputDirectory default-value="${project.build.directory}/generated-sources/antlr4">/Users/yuktinandwana/checkstyle_Workspace/target/generated-sources/antlr/</outputDirectory>
  <outputEncoding>${project.build.sourceEncoding}</outputEncoding>
  <project>${project}</project>
  <sourceDirectory default-value="${basedir}/src/main/antlr4">/Users/yuktinandwana/checkstyle_Workspace/src/main/resources/</sourceDirectory>
  <statusDirectory default-value="${project.build.directory}/maven-status/antlr4"/>
  <treatWarningsAsErrors default-value="false">${antlr4.treatWarningsAsErrors}</treatWarningsAsErrors>
  <visitor default-value="false">true</visitor>
</configuration>
[DEBUG] -----------------------------------------------------------------------
[DEBUG] Goal:          org.codehaus.mojo:build-helper-maven-plugin:3.6.1:add-source (add-source)
[DEBUG] Style:         Regular
[DEBUG] Configuration: <?xml version="1.0" encoding="UTF-8"?>
<configuration>
  <project default-value="${project}"/>
  <skipAddSource default-value="false">${buildhelper.addsource.skip}</skipAddSource>
  <skipAddSourceIfMissing default-value="false">${buildhelper.addsource.skipIfMissing}</skipAddSourceIfMissing>
  <sources>
    <source>/Users/yuktinandwana/checkstyle_Workspace/target/generated-sources/antlr/</source>${sources}</sources>
</configuration>
[DEBUG] -----------------------------------------------------------------------
[DEBUG] Goal:          org.apache.maven.plugins:maven-resources-plugin:3.4.0:resources (default-resources)
[DEBUG] Style:         Regular
[DEBUG] Configuration: <?xml version="1.0" encoding="UTF-8"?>
<configuration>
  <addDefaultExcludes default-value="true"/>
  <buildFilters default-value="${project.build.filters}"/>
  <encoding default-value="${project.build.sourceEncoding}"/>
  <escapeWindowsPaths default-value="true"/>
  <fileNameFiltering default-value="false"/>
  <includeEmptyDirs default-value="false"/>
  <outputDirectory default-value="${project.build.outputDirectory}"/>
  <overwrite default-value="false"/>
  <project default-value="${project}"/>
  <resources default-value="${project.resources}"/>
  <session default-value="${session}"/>
  <skip default-value="false">${maven.resources.skip}</skip>
  <supportMultiLineFiltering default-value="false"/>
  <useBuildFilters default-value="true"/>
  <useDefaultDelimiters default-value="true"/>
</configuration>
[DEBUG] -----------------------------------------------------------------------
[DEBUG] Goal:          org.codehaus.mojo:build-helper-maven-plugin:3.6.1:add-test-source (add-test-source)
[DEBUG] Style:         Regular
[DEBUG] Configuration: <?xml version="1.0" encoding="UTF-8"?>
<configuration>
  <project default-value="${project}"/>
  <skipAddTestSource default-value="false">true</skipAddTestSource>
  <skipAddTestSourceIfMissing default-value="false">${buildhelper.addtestsource.skipIfMissing}</skipAddTestSourceIfMissing>
  <sources>
    <source>src/test/resources</source>
  </sources>
</configuration>
[DEBUG] -----------------------------------------------------------------------
[DEBUG] Goal:          org.codehaus.mojo:build-helper-maven-plugin:3.6.1:add-test-source (add-it-test-source)
[DEBUG] Style:         Regular
[DEBUG] Configuration: <?xml version="1.0" encoding="UTF-8"?>
<configuration>
  <project default-value="${project}"/>
  <skipAddTestSource default-value="false">${buildhelper.addtestsource.skip}</skipAddTestSource>
  <skipAddTestSourceIfMissing default-value="false">${buildhelper.addtestsource.skipIfMissing}</skipAddTestSourceIfMissing>
  <sources>
    <source>src/it/java</source>
  </sources>
</configuration>
[DEBUG] -----------------------------------------------------------------------
[DEBUG] Goal:          org.codehaus.mojo:build-helper-maven-plugin:3.6.1:add-test-source (add-it-test-resource)
[DEBUG] Style:         Regular
[DEBUG] Configuration: <?xml version="1.0" encoding="UTF-8"?>
<configuration>
  <project default-value="${project}"/>
  <skipAddTestSource default-value="false">true</skipAddTestSource>
  <skipAddTestSourceIfMissing default-value="false">${buildhelper.addtestsource.skipIfMissing}</skipAddTestSourceIfMissing>
  <sources>
    <source>src/it/resources</source>
  </sources>
</configuration>
[DEBUG] -----------------------------------------------------------------------
[DEBUG] Goal:          org.codehaus.mojo:build-helper-maven-plugin:3.6.1:add-test-source (add-xdocs-examples-source)
[DEBUG] Style:         Regular
[DEBUG] Configuration: <?xml version="1.0" encoding="UTF-8"?>
<configuration>
  <project default-value="${project}"/>
  <skipAddTestSource default-value="false">${buildhelper.addtestsource.skip}</skipAddTestSource>
  <skipAddTestSourceIfMissing default-value="false">${buildhelper.addtestsource.skipIfMissing}</skipAddTestSourceIfMissing>
  <sources>
    <source>src/xdocs-examples/java</source>
  </sources>
</configuration>
[DEBUG] -----------------------------------------------------------------------
[DEBUG] Goal:          org.codehaus.mojo:build-helper-maven-plugin:3.6.1:add-test-source (add-xdocs-examples-resource)
[DEBUG] Style:         Regular
[DEBUG] Configuration: <?xml version="1.0" encoding="UTF-8"?>
<configuration>
  <project default-value="${project}"/>
  <skipAddTestSource default-value="false">true</skipAddTestSource>
  <skipAddTestSourceIfMissing default-value="false">${buildhelper.addtestsource.skipIfMissing}</skipAddTestSourceIfMissing>
  <sources>
    <source>src/xdocs-examples/resources</source>
  </sources>
</configuration>
[DEBUG] -----------------------------------------------------------------------
[DEBUG] Goal:          org.apache.maven.plugins:maven-compiler-plugin:3.14.1:compile (default-compile)
[DEBUG] Style:         Regular
[DEBUG] Configuration: <?xml version="1.0" encoding="UTF-8"?>
<configuration>
  <annotationProcessorPathsUseDepMgmt default-value="false"/>
  <basedir default-value="${basedir}"/>
  <buildDirectory default-value="${project.build.directory}"/>
  <compilePath default-value="${project.compileClasspathElements}"/>
  <compileSourceRoots default-value="${project.compileSourceRoots}"/>
  <compilerArgs>
    <arg>-Xpkginfo:always</arg>
  </compilerArgs>
  <compilerId default-value="javac">${maven.compiler.compilerId}</compilerId>
  <compilerReuseStrategy default-value="${reuseCreated}">${maven.compiler.compilerReuseStrategy}</compilerReuseStrategy>
  <compilerVersion>${maven.compiler.compilerVersion}</compilerVersion>
  <createMissingPackageInfoClass default-value="true">${maven.compiler.createMissingPackageInfoClass}</createMissingPackageInfoClass>
  <debug default-value="true">${maven.compiler.debug}</debug>
  <debugFileName default-value="javac"/>
  <debuglevel>${maven.compiler.debuglevel}</debuglevel>
  <enablePreview default-value="false">${maven.compiler.enablePreview}</enablePreview>
  <encoding default-value="${project.build.sourceEncoding}">${encoding}</encoding>
  <executable>${maven.compiler.executable}</executable>
  <failOnError default-value="true">${maven.compiler.failOnError}</failOnError>
  <failOnWarning default-value="false">${maven.compiler.failOnWarning}</failOnWarning>
  <fileExtensions default-value="class,jar"/>
  <forceJavacCompilerUse default-value="false">${maven.compiler.forceJavacCompilerUse}</forceJavacCompilerUse>
  <forceLegacyJavacApi default-value="false">${maven.compiler.forceLegacyJavacApi}</forceLegacyJavacApi>
  <fork default-value="false">${maven.compiler.fork}</fork>
  <generatedSourcesDirectory default-value="${project.build.directory}/generated-sources/annotations"/>
  <implicit>${maven.compiler.implicit}</implicit>
  <maxmem>${maven.compiler.maxmem}</maxmem>
  <meminitial>${maven.compiler.meminitial}</meminitial>
  <moduleVersion default-value="${project.version}">${maven.compiler.moduleVersion}</moduleVersion>
  <mojoExecution default-value="${mojoExecution}"/>
  <optimize default-value="false">${maven.compiler.optimize}</optimize>
  <outputDirectory default-value="${project.build.outputDirectory}">${maven.compiler.outputDirectory}</outputDirectory>
  <outputTimestamp default-value="${project.build.outputTimestamp}"/>
  <parameters default-value="false">${maven.compiler.parameters}</parameters>
  <proc>${maven.compiler.proc}</proc>
  <project default-value="${project}"/>
  <projectArtifact default-value="${project.artifact}"/>
  <release>${maven.compiler.release}</release>
  <session default-value="${session}"/>
  <showCompilationChanges default-value="false">${maven.compiler.showCompilationChanges}</showCompilationChanges>
  <showDeprecation default-value="false">${maven.compiler.showDeprecation}</showDeprecation>
  <showWarnings default-value="true">${maven.compiler.showWarnings}</showWarnings>
  <skipMain>${maven.main.skip}</skipMain>
  <skipMultiThreadWarning default-value="false">${maven.compiler.skipMultiThreadWarning}</skipMultiThreadWarning>
  <source default-value="1.8">${maven.compiler.source}</source>
  <staleMillis default-value="0">${lastModGranularityMs}</staleMillis>
  <target default-value="1.8">${maven.compiler.target}</target>
  <useIncrementalCompilation default-value="true">${maven.compiler.useIncrementalCompilation}</useIncrementalCompilation>
  <useModuleVersion default-value="true">${maven.compiler.useModuleVersion}</useModuleVersion>
  <verbose default-value="false">${maven.compiler.verbose}</verbose>
</configuration>
[DEBUG] -----------------------------------------------------------------------
[DEBUG] Goal:          org.codehaus.plexus:plexus-component-metadata:2.2.0:generate-metadata (default)
[DEBUG] Style:         Regular
[DEBUG] Configuration: <?xml version="1.0" encoding="UTF-8"?>
<configuration>
  <generatedMetadata default-value="${project.build.outputDirectory}/META-INF/plexus/components.xml"/>
  <intermediaryMetadata default-value="${project.build.directory}/components.xml"/>
  <mavenProject default-value="${project}"/>
  <sourceEncoding default-value="${project.build.sourceEncoding}"/>
  <staticMetadataDirectory default-value="${basedir}/src/main/resources/META-INF/plexus"/>
</configuration>
[DEBUG] -----------------------------------------------------------------------
[DEBUG] Goal:          org.codehaus.mojo:exec-maven-plugin:3.6.3:java (default)
[DEBUG] Style:         Regular
[DEBUG] Configuration: <?xml version="1.0" encoding="UTF-8"?>
<configuration>
  <addOutputToClasspath default-value="true">${addOutputToClasspath}</addOutputToClasspath>
  <addResourcesToClasspath default-value="false">${addResourcesToClasspath}</addResourcesToClasspath>
  <arguments>
    <argument>/Users/yuktinandwana/checkstyle_Workspace/src/main/java/com/puppycrawl/tools/checkstyle/api/TokenTypes.java</argument>
    <argument>--destfile</argument>
    <argument>/Users/yuktinandwana/checkstyle_Workspace/target/classes/com/puppycrawl/tools/checkstyle/api/tokentypes.properties</argument>${exec.arguments}</arguments>
  <blockSystemExit default-value="false">${exec.blockSystemExit}</blockSystemExit>
  <classpathScope default-value="runtime">compile</classpathScope>
  <cleanupDaemonThreads default-value="true">${exec.cleanupDaemonThreads}</cleanupDaemonThreads>
  <commandlineArgs>${exec.args}</commandlineArgs>
  <daemonThreadJoinTimeout default-value="15000">${exec.daemonThreadJoinTimeout}</daemonThreadJoinTimeout>
  <includePluginDependencies default-value="false">${exec.includePluginsDependencies}</includePluginDependencies>
  <includeProjectDependencies default-value="true">${exec.includeProjectDependencies}</includeProjectDependencies>
  <keepAlive default-value="false">${exec.keepAlive}</keepAlive>
  <mainClass>com.puppycrawl.tools.checkstyle.JavadocPropertiesGenerator</mainClass>
  <pluginDependencies default-value="${plugin.artifacts}"/>
  <preloadCommonPool default-value="0">${exec.preloadCommonPool}</preloadCommonPool>
  <project default-value="${project}"/>
  <session default-value="${session}"/>
  <skip default-value="false">${exec.skip}</skip>
  <sourceRoot>${sourceRoot}</sourceRoot>
  <stopUnresponsiveDaemonThreads default-value="false">${exec.stopUnresponsiveDaemonThreads}</stopUnresponsiveDaemonThreads>
  <testSourceRoot>${testSourceRoot}</testSourceRoot>
</configuration>
[DEBUG] -----------------------------------------------------------------------
[DEBUG] Goal:          org.apache.maven.plugins:maven-resources-plugin:3.4.0:testResources (default-testResources)
[DEBUG] Style:         Regular
[DEBUG] Configuration: <?xml version="1.0" encoding="UTF-8"?>
<configuration>
  <addDefaultExcludes default-value="true"/>
  <buildFilters default-value="${project.build.filters}"/>
  <encoding default-value="${project.build.sourceEncoding}"/>
  <escapeWindowsPaths default-value="true"/>
  <fileNameFiltering default-value="false"/>
  <includeEmptyDirs default-value="false"/>
  <outputDirectory default-value="${project.build.testOutputDirectory}"/>
  <overwrite default-value="false"/>
  <project default-value="${project}"/>
  <resources default-value="${project.testResources}"/>
  <session default-value="${session}"/>
  <skip default-value="false">${maven.test.skip}</skip>
  <supportMultiLineFiltering default-value="false"/>
  <useBuildFilters default-value="true"/>
  <useDefaultDelimiters default-value="true"/>
</configuration>
[DEBUG] -----------------------------------------------------------------------
[DEBUG] Goal:          org.apache.maven.plugins:maven-compiler-plugin:3.14.1:testCompile (default-testCompile)
[DEBUG] Style:         Regular
[DEBUG] Configuration: <?xml version="1.0" encoding="UTF-8"?>
<configuration>
  <annotationProcessorPathsUseDepMgmt default-value="false"/>
  <basedir default-value="${basedir}"/>
  <buildDirectory default-value="${project.build.directory}"/>
  <compileSourceRoots default-value="${project.testCompileSourceRoots}"/>
  <compilerArgs>
    <arg>-Xpkginfo:always</arg>
  </compilerArgs>
  <compilerId default-value="javac">${maven.compiler.compilerId}</compilerId>
  <compilerReuseStrategy default-value="${reuseCreated}">${maven.compiler.compilerReuseStrategy}</compilerReuseStrategy>
  <compilerVersion>${maven.compiler.compilerVersion}</compilerVersion>
  <createMissingPackageInfoClass default-value="true">${maven.compiler.createMissingPackageInfoClass}</createMissingPackageInfoClass>
  <debug default-value="true">${maven.compiler.debug}</debug>
  <debugFileName default-value="javac-test"/>
  <debuglevel>${maven.compiler.debuglevel}</debuglevel>
  <enablePreview default-value="false">${maven.compiler.enablePreview}</enablePreview>
  <encoding default-value="${project.build.sourceEncoding}">${encoding}</encoding>
  <executable>${maven.compiler.executable}</executable>
  <failOnError default-value="true">${maven.compiler.failOnError}</failOnError>
  <failOnWarning default-value="false">${maven.compiler.failOnWarning}</failOnWarning>
  <fileExtensions default-value="class,jar"/>
  <forceJavacCompilerUse default-value="false">${maven.compiler.forceJavacCompilerUse}</forceJavacCompilerUse>
  <forceLegacyJavacApi default-value="false">${maven.compiler.forceLegacyJavacApi}</forceLegacyJavacApi>
  <fork default-value="false">${maven.compiler.fork}</fork>
  <generatedTestSourcesDirectory default-value="${project.build.directory}/generated-test-sources/test-annotations"/>
  <implicit>${maven.compiler.implicit}</implicit>
  <maxmem>${maven.compiler.maxmem}</maxmem>
  <meminitial>${maven.compiler.meminitial}</meminitial>
  <mojoExecution default-value="${mojoExecution}"/>
  <optimize default-value="false">${maven.compiler.optimize}</optimize>
  <outputDirectory default-value="${project.build.testOutputDirectory}"/>
  <outputTimestamp default-value="${project.build.outputTimestamp}"/>
  <parameters default-value="false">${maven.compiler.parameters}</parameters>
  <proc>${maven.compiler.proc}</proc>
  <project default-value="${project}"/>
  <release>${maven.compiler.release}</release>
  <session default-value="${session}"/>
  <showCompilationChanges default-value="false">${maven.compiler.showCompilationChanges}</showCompilationChanges>
  <showDeprecation default-value="false">${maven.compiler.showDeprecation}</showDeprecation>
  <showWarnings default-value="true">${maven.compiler.showWarnings}</showWarnings>
  <skip>${maven.test.skip}</skip>
  <skipMultiThreadWarning default-value="false">${maven.compiler.skipMultiThreadWarning}</skipMultiThreadWarning>
  <source default-value="1.8">${maven.compiler.source}</source>
  <staleMillis default-value="0">${lastModGranularityMs}</staleMillis>
  <target default-value="1.8">${maven.compiler.target}</target>
  <testPath default-value="${project.testClasspathElements}"/>
  <testRelease>${maven.compiler.testRelease}</testRelease>
  <testSource>${maven.compiler.testSource}</testSource>
  <testTarget>${maven.compiler.testTarget}</testTarget>
  <useIncrementalCompilation default-value="true">${maven.compiler.useIncrementalCompilation}</useIncrementalCompilation>
  <useModulePath default-value="true"/>
  <verbose default-value="false">${maven.compiler.verbose}</verbose>
</configuration>
[DEBUG] -----------------------------------------------------------------------
[DEBUG] Goal:          org.jacoco:jacoco-maven-plugin:0.8.14:instrument (default-instrument)
[DEBUG] Style:         Regular
[DEBUG] Configuration: <?xml version="1.0" encoding="UTF-8"?>
<configuration>
  <project>${project}</project>
  <skip default-value="false">${jacoco.skip}</skip>
</configuration>
[DEBUG] -----------------------------------------------------------------------
[DEBUG] Goal:          org.apache.maven.plugins:maven-surefire-plugin:3.5.4:test (default-test)
[DEBUG] Style:         Regular
[DEBUG] Configuration: <?xml version="1.0" encoding="UTF-8"?>
<configuration>
  <additionalClasspathDependencies>${maven.test.additionalClasspathDependencies}</additionalClasspathDependencies>
  <additionalClasspathElements>
    <additionalClasspathElement>src/test/resources-noncompilable</additionalClasspathElement>${maven.test.additionalClasspath}</additionalClasspathElements>
  <argLine>--add-exports=java.desktop/java.awt=ALL-UNNAMED
            --add-exports=java.desktop/java.awt.peer=ALL-UNNAMED
            --add-exports=java.desktop/sun.awt.image=ALL-UNNAMED
            --add-exports=java.desktop/sun.java2d=ALL-UNNAMED
            --add-exports=java.desktop/java.awt.dnd.peer=ALL-UNNAMED
            --add-exports=java.desktop/sun.awt=ALL-UNNAMED
            --add-exports=java.desktop/sun.awt.event=ALL-UNNAMED
            --add-exports=java.desktop/sun.awt.datatransfer=ALL-UNNAMED
            --add-exports=java.base/sun.security.action=ALL-UNNAMED
            --add-opens=java.base/java.util=ALL-UNNAMED
            --add-opens=java.desktop/java.awt=ALL-UNNAMED
            --add-opens=java.desktop/sun.java2d=ALL-UNNAMED
            --add-opens=java.base/java.lang.reflect=ALL-UNNAMED
            -XX:+EnableDynamicAgentLoading
            -Xshare:off</argLine>
  <basedir default-value="${basedir}"/>
  <childDelegation default-value="false">${childDelegation}</childDelegation>
  <classesDirectory default-value="${project.build.outputDirectory}"/>
  <classpathDependencyExcludes>${maven.test.dependency.excludes}</classpathDependencyExcludes>
  <debugForkedProcess>${maven.surefire.debug}</debugForkedProcess>
  <dependenciesToScan>${dependenciesToScan}</dependenciesToScan>
  <disableXmlReport>${disableXmlReport}</disableXmlReport>
  <enableAssertions default-value="true">${enableAssertions}</enableAssertions>
  <enableOutErrElements default-value="true">${enableOutErrElements}</enableOutErrElements>
  <enableProcessChecker>${surefire.enableProcessChecker}</enableProcessChecker>
  <enablePropertiesElement default-value="true">${enablePropertiesElement}</enablePropertiesElement>
  <encoding default-value="${project.reporting.outputEncoding}">${surefire.encoding}</encoding>
  <excludeJUnit5Engines>${surefire.excludeJUnit5Engines}</excludeJUnit5Engines>
  <excludedEnvironmentVariables>${surefire.excludedEnvironmentVariables}</excludedEnvironmentVariables>
  <excludedGroups>${excludedGroups}</excludedGroups>
  <excludes>${surefire.excludes}</excludes>
  <excludesFile>${surefire.excludesFile}</excludesFile>
  <failIfNoSpecifiedTests default-value="true">${surefire.failIfNoSpecifiedTests}</failIfNoSpecifiedTests>
  <failIfNoTests default-value="false">${failIfNoTests}</failIfNoTests>
  <failOnFlakeCount default-value="0">${surefire.failOnFlakeCount}</failOnFlakeCount>
  <forkCount default-value="1">${forkCount}</forkCount>
  <forkNode>${surefire.forkNode}</forkNode>
  <forkedProcessExitTimeoutInSeconds default-value="30">${surefire.exitTimeout}</forkedProcessExitTimeoutInSeconds>
  <forkedProcessTimeoutInSeconds>${surefire.timeout}</forkedProcessTimeoutInSeconds>
  <groups>${groups}</groups>
  <includeJUnit5Engines>${surefire.includeJUnit5Engines}</includeJUnit5Engines>
  <includes>
    <include>com/puppycrawl/**/*.java</include>${surefire.includes}</includes>
  <includesFile>${surefire.includesFile}</includesFile>
  <junitArtifactName default-value="junit:junit">${junitArtifactName}</junitArtifactName>
  <jvm>${jvm}</jvm>
  <objectFactory>${objectFactory}</objectFactory>
  <parallel>${parallel}</parallel>
  <parallelMavenExecution default-value="${session.parallel}"/>
  <parallelOptimized default-value="true">${parallelOptimized}</parallelOptimized>
  <parallelTestsTimeoutForcedInSeconds>${surefire.parallel.forcedTimeout}</parallelTestsTimeoutForcedInSeconds>
  <parallelTestsTimeoutInSeconds>${surefire.parallel.timeout}</parallelTestsTimeoutInSeconds>
  <perCoreThreadCount default-value="true">${perCoreThreadCount}</perCoreThreadCount>
  <pluginArtifactMap>${plugin.artifactMap}</pluginArtifactMap>
  <pluginDescriptor default-value="${plugin}"/>
  <printSummary default-value="true">${surefire.printSummary}</printSummary>
  <project default-value="${project}"/>
  <projectArtifactMap>${project.artifactMap}</projectArtifactMap>
  <projectBuildDirectory default-value="${project.build.directory}"/>
  <promoteUserPropertiesToSystemProperties default-value="true"/>
  <redirectTestOutputToFile default-value="false">${maven.test.redirectTestOutputToFile}</redirectTestOutputToFile>
  <reportFormat default-value="brief">${surefire.reportFormat}</reportFormat>
  <reportNameSuffix default-value="">${surefire.reportNameSuffix}</reportNameSuffix>
  <reportsDirectory default-value="${project.build.directory}/surefire-reports"/>
  <rerunFailingTestsCount default-value="0">${surefire.rerunFailingTestsCount}</rerunFailingTestsCount>
  <reuseForks default-value="true">${reuseForks}</reuseForks>
  <runOrder default-value="filesystem">${surefire.runOrder}</runOrder>
  <runOrderRandomSeed>${surefire.runOrder.random.seed}</runOrderRandomSeed>
  <session default-value="${session}"/>
  <shutdown default-value="exit">${surefire.shutdown}</shutdown>
  <skip default-value="false">${maven.test.skip}</skip>
  <skipAfterFailureCount default-value="0">${surefire.skipAfterFailureCount}</skipAfterFailureCount>
  <skipExec>${maven.test.skip.exec}</skipExec>
  <skipTests default-value="false">${skipTests}</skipTests>
  <suiteXmlFiles>${surefire.suiteXmlFiles}</suiteXmlFiles>
  <systemPropertiesFile>${surefire.systemPropertiesFile}</systemPropertiesFile>
  <systemPropertyVariables>
    <jacoco-agent.destfile>/Users/yuktinandwana/checkstyle_Workspace/target/jacoco.exec</jacoco-agent.destfile>
    <awt.toolkit>com.github.caciocavallosilano.cacio.ctc.CTCToolkit</awt.toolkit>
    <java.awt.headless>false</java.awt.headless>
    <java.awt.graphicsenv>com.github.caciocavallosilano.cacio.ctc.CTCGraphicsEnvironment</java.awt.graphicsenv>
  </systemPropertyVariables>
  <tempDir default-value="surefire">${tempDir}</tempDir>
  <test>${test}</test>
  <testClassesDirectory default-value="${project.build.testOutputDirectory}"/>
  <testFailureIgnore default-value="false">${maven.test.failure.ignore}</testFailureIgnore>
  <testNGArtifactName default-value="org.testng:testng">${testNGArtifactName}</testNGArtifactName>
  <testSourceDirectory default-value="${project.build.testSourceDirectory}"/>
  <threadCount>${threadCount}</threadCount>
  <threadCountClasses default-value="0">${threadCountClasses}</threadCountClasses>
  <threadCountMethods default-value="0">${threadCountMethods}</threadCountMethods>
  <threadCountSuites default-value="0">${threadCountSuites}</threadCountSuites>
  <trimStackTrace default-value="false">${trimStackTrace}</trimStackTrace>
  <useFile default-value="true">${surefire.useFile}</useFile>
  <useManifestOnlyJar default-value="true">${surefire.useManifestOnlyJar}</useManifestOnlyJar>
  <useModulePath default-value="true">${surefire.useModulePath}</useModulePath>
  <useSystemClassLoader default-value="true">${surefire.useSystemClassLoader}</useSystemClassLoader>
  <useUnlimitedThreads default-value="false">${useUnlimitedThreads}</useUnlimitedThreads>
  <workingDirectory>${basedir}</workingDirectory>
</configuration>
[DEBUG] -----------------------------------------------------------------------
[DEBUG] Goal:          org.codehaus.mojo:xml-maven-plugin:1.2.0:validate (default)
[DEBUG] Style:         Regular
[DEBUG] Configuration: <?xml version="1.0" encoding="UTF-8"?>
<configuration>
  <basedir default-value="${project.basedir}"/>
  <catalogHandling default-value="passThrough">strict</catalogHandling>
  <catalogs>
    <catalog>config/catalog.xml</catalog>
  </catalogs>
  <pluginDependencies default-value="${plugin.artifacts}"/>
  <project default-value="${project}"/>
  <settings default-value="${settings}"/>
  <skip default-value="false">${xml.skip}</skip>
  <validationSets>
    <validationSet>
      <dir>config</dir>
      <excludes>
        <exclude>archunit-store/**</exclude>
        <exclude>codenarc-rules.groovy.txt</exclude>
        <exclude>google-java-format/**</exclude>
        <exclude>intellij-idea-inspections.properties</exclude>
        <exclude>java-regexp.header</exclude>
        <exclude>java.header</exclude>
        <exclude>jsoref-spellchecker/**</exclude>
        <exclude>markdownlint.rb</exclude>
        <exclude>openrewrite-recipes-checkstyle.properties</exclude>
        <exclude>org.eclipse.jdt.core.prefs</exclude>
        <exclude>projects-to-test/**</exclude>
        <exclude>rewrite.yml</exclude>
        <exclude>sarif-schema-2.1.0.json</exclude>
        <exclude>signatures-test.txt</exclude>
        <exclude>signatures.txt</exclude>
        <exclude>spotless/import.order</exclude>
        <exclude>spotless/licence.header</exclude>
        <exclude>yamllint.yaml</exclude>
        <exclude>linkcheck-suppressions.txt</exclude>
      </excludes>
    </validationSet>
    <validationSet>
      <validating>true</validating>
      <dir>src/site/resources/files</dir>
    </validationSet>
    <validationSet>
      <validating>true</validating>
      <dir>src/site</dir>
      <includes>
        <include>site.xml</include>
      </includes>
      <systemId>config/site-2.0.0.xsd</systemId>
    </validationSet>
    <validationSet>
      <validating>true</validating>
      <dir>src/test/resources</dir>
      <includes>
        <include>com/puppycrawl/tools/checkstyle/packagenamesloader/InputPackageNamesLoaderFile.xml</include>
        <include>com/puppycrawl/tools/checkstyle/treewalker/InputTreeWalkerNotJava.xml</include>
      </includes>
    </validationSet>
    <validationSet>
      <validating>true</validating>
      <dir>src/main/resources</dir>
      <includes>
        <include>google_checks.xml</include>
        <include>sun_checks.xml</include>
      </includes>
      <systemId>config/configuration-1-3.xsd</systemId>
    </validationSet>
    <validationSet>
      <validating>true</validating>
      <dir>src/test/resources/com/puppycrawl/tools/checkstyle/xmllogger</dir>
      <includes>
        <include>*.xml</include>
      </includes>
      <systemId>config/checkstyle-report-1.0.0.xsd</systemId>
    </validationSet>
  </validationSets>
</configuration>
[DEBUG] -----------------------------------------------------------------------
[DEBUG] Goal:          org.jacoco:jacoco-maven-plugin:0.8.14:restore-instrumented-classes (default-restore-instrumented-classes)
[DEBUG] Style:         Regular
[DEBUG] Configuration: <?xml version="1.0" encoding="UTF-8"?>
<configuration>
  <project>${project}</project>
  <skip default-value="false">${jacoco.skip}</skip>
</configuration>
[DEBUG] -----------------------------------------------------------------------
[DEBUG] Goal:          org.apache.maven.plugins:maven-jar-plugin:3.5.0:jar (default-jar)
[DEBUG] Style:         Regular
[DEBUG] Configuration: <?xml version="1.0" encoding="UTF-8"?>
<configuration>
  <addDefaultExcludes default-value="true"/>
  <archive>
    <manifest>
      <addDefaultImplementationEntries>true</addDefaultImplementationEntries>
      <addDefaultSpecificationEntries>true</addDefaultSpecificationEntries>
    </manifest>
    <manifestEntries>
      <Automatic-Module-Name>com.puppycrawl.tools.checkstyle</Automatic-Module-Name>
    </manifestEntries>
  </archive>
  <attach default-value="true">${maven.jar.attach}</attach>
  <classesDirectory default-value="${project.build.outputDirectory}"/>
  <detectMultiReleaseJar default-value="true">${maven.jar.detectMultiReleaseJar}</detectMultiReleaseJar>
  <excludes>
    <exclude>**/Input*.*</exclude>
    <exclude>**/Expected*.*</exclude>
  </excludes>
  <finalName default-value="${project.build.finalName}"/>
  <forceCreation default-value="false">${maven.jar.forceCreation}</forceCreation>
  <outputDirectory default-value="${project.build.directory}"/>
  <outputTimestamp default-value="${project.build.outputTimestamp}"/>
  <skipIfEmpty default-value="false"/>
  <useDefaultManifestFile default-value="false">${jar.useDefaultManifestFile}</useDefaultManifestFile>
</configuration>
[DEBUG] -----------------------------------------------------------------------
[DEBUG] Goal:          org.apache.maven.plugins:maven-jar-plugin:3.5.0:test-jar (default)
[DEBUG] Style:         Regular
[DEBUG] Configuration: <?xml version="1.0" encoding="UTF-8"?>
<configuration>
  <addDefaultExcludes default-value="true"/>
  <archive>
    <manifest>
      <addDefaultImplementationEntries>true</addDefaultImplementationEntries>
      <addDefaultSpecificationEntries>true</addDefaultSpecificationEntries>
    </manifest>
    <manifestEntries>
      <Automatic-Module-Name>com.puppycrawl.tools.checkstyle</Automatic-Module-Name>
    </manifestEntries>
  </archive>
  <attach default-value="true">${maven.jar.attach}</attach>
  <classifier default-value="tests"/>
  <detectMultiReleaseJar default-value="true">${maven.jar.detectMultiReleaseJar}</detectMultiReleaseJar>
  <excludes>
    <exclude>**/Input*.*</exclude>
    <exclude>**/Expected*.*</exclude>
  </excludes>
  <finalName default-value="${project.build.finalName}"/>
  <forceCreation default-value="false">${maven.jar.forceCreation}</forceCreation>
  <outputDirectory default-value="${project.build.directory}"/>
  <outputTimestamp default-value="${project.build.outputTimestamp}"/>
  <skip>${maven.test.skip}</skip>
  <skipIfEmpty default-value="false"/>
  <testClassesDirectory default-value="${project.build.testOutputDirectory}"/>
  <useDefaultManifestFile default-value="false">${jar.useDefaultManifestFile}</useDefaultManifestFile>
</configuration>
[DEBUG] --- init fork of com.puppycrawl.tools:checkstyle:13.1.0-SNAPSHOT for org.apache.maven.plugins:maven-source-plugin:3.4.0:test-jar (attach-sources) ---
[DEBUG] Dependencies (collect): [test]
[DEBUG] Dependencies (resolve): [compile]
[DEBUG] -----------------------------------------------------------------------
[DEBUG] Goal:          org.codehaus.mojo:tidy-maven-plugin:1.4.0:check (validate)
[DEBUG] Style:         Regular
[DEBUG] Configuration: <?xml version="1.0" encoding="UTF-8"?>
<configuration>
  <pomFile default-value="${project.file}">${tidy.pomFile}</pomFile>
  <project default-value="${project}"/>
  <skip default-value="false">${tidy.skip}</skip>
</configuration>
[DEBUG] -----------------------------------------------------------------------
[DEBUG] Goal:          org.apache.maven.plugins:maven-enforcer-plugin:3.6.2:enforce (enforce-maven)
[DEBUG] Style:         Regular
[DEBUG] Configuration: <?xml version="1.0" encoding="UTF-8"?>
<configuration>
  <commandLineRules>${rules}</commandLineRules>
  <fail default-value="true">${enforcer.fail}</fail>
  <failFast default-value="false">${enforcer.failFast}</failFast>
  <failIfNoRules default-value="true">${enforcer.failIfNoRules}</failIfNoRules>
  <ignoreCache default-value="false">${enforcer.ignoreCache}</ignoreCache>
  <mojoExecution default-value="${mojoExecution}"/>
  <project default-value="${project}"/>
  <rules>
    <requireMavenVersion>
      <version>(,2.1.0),(2.1.0,2.2.0),(2.2.0,)</version>
      <message>Maven 2.1.0 and 2.2.0 produce incorrect GPG signatures and checksums respectively.</message>
    </requireMavenVersion>
  </rules>
  <rulesToExecute>${enforcer.rules}</rulesToExecute>
  <rulesToSkip>${enforcer.skipRules}</rulesToSkip>
  <session default-value="${session}"/>
  <skip default-value="false">${enforcer.skip}</skip>
</configuration>
[DEBUG] -----------------------------------------------------------------------
[DEBUG] Goal:          org.apache.maven.plugins:maven-enforcer-plugin:3.6.2:enforce (enforce-versions)
[DEBUG] Style:         Regular
[DEBUG] Configuration: <?xml version="1.0" encoding="UTF-8"?>
<configuration>
  <commandLineRules>${rules}</commandLineRules>
  <fail default-value="true">${enforcer.fail}</fail>
  <failFast default-value="false">${enforcer.failFast}</failFast>
  <failIfNoRules default-value="true">${enforcer.failIfNoRules}</failIfNoRules>
  <ignoreCache default-value="false">${enforcer.ignoreCache}</ignoreCache>
  <mojoExecution default-value="${mojoExecution}"/>
  <project default-value="${project}"/>
  <rules>
    <requireJavaVersion>
      <version>21</version>
    </requireJavaVersion>
    <requireMavenVersion>
      <version>3.6.3</version>
    </requireMavenVersion>
    <dependencyConvergence>
      <excludes>
        <exclude>org.apache.maven.doxia:doxia-core</exclude>
        <exclude>org.apache.commons*</exclude>
        <exclude>org.apache.httpcomponents*</exclude>
        <exclude>org.codehaus.plexus*</exclude>
        <exclude>org.slf4j*</exclude>
      </excludes>
    </dependencyConvergence>
  </rules>
  <rulesToExecute>${enforcer.rules}</rulesToExecute>
  <rulesToSkip>${enforcer.skipRules}</rulesToSkip>
  <session default-value="${session}"/>
  <skip default-value="false">${enforcer.skip}</skip>
</configuration>
[DEBUG] -----------------------------------------------------------------------
[DEBUG] Goal:          org.codehaus.mojo:xml-maven-plugin:1.2.0:check-format (default)
[DEBUG] Style:         Regular
[DEBUG] Configuration: <?xml version="1.0" encoding="UTF-8"?>
<configuration>
  <basedir default-value="${project.basedir}"/>
  <catalogHandling default-value="passThrough">strict</catalogHandling>
  <catalogs>
    <catalog>config/catalog.xml</catalog>
  </catalogs>
  <encoding default-value="${project.build.sourceEncoding}">${xml.encoding}</encoding>
  <failOnFormatViolation default-value="true">${xml.failOnFormatViolation}</failOnFormatViolation>
  <formatFileSets>
    <formatFileSet>
      <directory>.</directory>
      <includes>
        <include>**/*.xml</include>
        <include>**/*.xsd</include>
        <include>**/*.xml.vm</include>
      </includes>
      <excludes>
        <exclude>.git/**</exclude>
        <exclude>src/site/xdoc/**</exclude>
        <exclude>target/**</exclude>
        <exclude>.ci-temp/**</exclude>
        <exclude>src/test/resources/**</exclude>
        <exclude>src/xdocs-examples/resources/**</exclude>
        <exclude>src/site/xdoc/releasenotes.xml</exclude>
        <exclude>src/site/xdoc/releasenotes_old*.xml</exclude>
        <exclude>src/main/resources/com/puppycrawl/tools/checkstyle/meta/**</exclude>
      </excludes>
    </formatFileSet>
  </formatFileSets>
  <indentSize default-value="2">${xml.indentSize}</indentSize>
  <pluginDependencies default-value="${plugin.artifacts}"/>
  <project default-value="${project}"/>
  <settings default-value="${settings}"/>
  <skip default-value="false">${xml.skip}</skip>
  <useDefaultFormatFileSet default-value="true">false</useDefaultFormatFileSet>
</configuration>
[DEBUG] -----------------------------------------------------------------------
[DEBUG] Goal:          org.antlr:antlr4-maven-plugin:4.13.2:antlr4 (default)
[DEBUG] Style:         Regular
[DEBUG] Configuration: <?xml version="1.0" encoding="UTF-8"?>
<configuration>
  <atn default-value="false">${antlr4.atn}</atn>
  <forceATN default-value="false">${antlr4.forceATN}</forceATN>
  <generateTestSources default-value="false">${antlr4.generateTestSources}</generateTestSources>
  <includes>
    <include>com/puppycrawl/tools/checkstyle/grammar/javadoc/*.g4</include>
    <include>com/puppycrawl/tools/checkstyle/grammar/java/*.g4</include>
  </includes>
  <inputEncoding>${project.build.sourceEncoding}</inputEncoding>
  <libDirectory default-value="${basedir}/src/main/antlr4/imports"/>
  <listener default-value="true">false</listener>
  <outputDirectory default-value="${project.build.directory}/generated-sources/antlr4">/Users/yuktinandwana/checkstyle_Workspace/target/generated-sources/antlr/</outputDirectory>
  <outputEncoding>${project.build.sourceEncoding}</outputEncoding>
  <project>${project}</project>
  <sourceDirectory default-value="${basedir}/src/main/antlr4">/Users/yuktinandwana/checkstyle_Workspace/src/main/resources/</sourceDirectory>
  <statusDirectory default-value="${project.build.directory}/maven-status/antlr4"/>
  <treatWarningsAsErrors default-value="false">${antlr4.treatWarningsAsErrors}</treatWarningsAsErrors>
  <visitor default-value="false">true</visitor>
</configuration>
[DEBUG] -----------------------------------------------------------------------
[DEBUG] Goal:          org.codehaus.mojo:build-helper-maven-plugin:3.6.1:add-source (add-source)
[DEBUG] Style:         Regular
[DEBUG] Configuration: <?xml version="1.0" encoding="UTF-8"?>
<configuration>
  <project default-value="${project}"/>
  <skipAddSource default-value="false">${buildhelper.addsource.skip}</skipAddSource>
  <skipAddSourceIfMissing default-value="false">${buildhelper.addsource.skipIfMissing}</skipAddSourceIfMissing>
  <sources>
    <source>/Users/yuktinandwana/checkstyle_Workspace/target/generated-sources/antlr/</source>${sources}</sources>
</configuration>
[DEBUG] --- exit fork of com.puppycrawl.tools:checkstyle:13.1.0-SNAPSHOT for org.apache.maven.plugins:maven-source-plugin:3.4.0:test-jar (attach-sources) ---
[DEBUG] -----------------------------------------------------------------------
[DEBUG] Goal:          org.apache.maven.plugins:maven-source-plugin:3.4.0:test-jar (attach-sources)
[DEBUG] Style:         Regular
[DEBUG] Configuration: <?xml version="1.0" encoding="UTF-8"?>
<configuration>
  <attach default-value="true">${maven.source.attach}</attach>
  <classifier default-value="test-sources">${maven.source.test.classifier}</classifier>
  <defaultManifestFile default-value="${project.build.outputDirectory}/META-INF/MANIFEST.MF"/>
  <excludeResources default-value="false">${maven.source.excludeResources}</excludeResources>
  <finalName default-value="${project.build.finalName}"/>
  <forceCreation default-value="false">${maven.source.forceCreation}</forceCreation>
  <includePom default-value="false">${maven.source.includePom}</includePom>
  <outputDirectory default-value="${project.build.directory}"/>
  <outputTimestamp default-value="${project.build.outputTimestamp}"/>
  <project default-value="${project}"/>
  <reactorProjects default-value="${reactorProjects}"/>
  <session default-value="${session}"/>
  <skipSource default-value="false">${maven.source.skip}</skipSource>
  <useDefaultExcludes default-value="true">${maven.source.useDefaultExcludes}</useDefaultExcludes>
  <useDefaultManifestFile default-value="false">${maven.source.useDefaultManifestFile}</useDefaultManifestFile>
</configuration>
[DEBUG] --- init fork of com.puppycrawl.tools:checkstyle:13.1.0-SNAPSHOT for org.apache.maven.plugins:maven-source-plugin:3.4.0:jar (attach-sources) ---
[DEBUG] Dependencies (collect): [test]
[DEBUG] Dependencies (resolve): [compile]
[DEBUG] -----------------------------------------------------------------------
[DEBUG] Goal:          org.codehaus.mojo:tidy-maven-plugin:1.4.0:check (validate)
[DEBUG] Style:         Regular
[DEBUG] Configuration: <?xml version="1.0" encoding="UTF-8"?>
<configuration>
  <pomFile default-value="${project.file}">${tidy.pomFile}</pomFile>
  <project default-value="${project}"/>
  <skip default-value="false">${tidy.skip}</skip>
</configuration>
[DEBUG] -----------------------------------------------------------------------
[DEBUG] Goal:          org.apache.maven.plugins:maven-enforcer-plugin:3.6.2:enforce (enforce-maven)
[DEBUG] Style:         Regular
[DEBUG] Configuration: <?xml version="1.0" encoding="UTF-8"?>
<configuration>
  <commandLineRules>${rules}</commandLineRules>
  <fail default-value="true">${enforcer.fail}</fail>
  <failFast default-value="false">${enforcer.failFast}</failFast>
  <failIfNoRules default-value="true">${enforcer.failIfNoRules}</failIfNoRules>
  <ignoreCache default-value="false">${enforcer.ignoreCache}</ignoreCache>
  <mojoExecution default-value="${mojoExecution}"/>
  <project default-value="${project}"/>
  <rules>
    <requireMavenVersion>
      <version>(,2.1.0),(2.1.0,2.2.0),(2.2.0,)</version>
      <message>Maven 2.1.0 and 2.2.0 produce incorrect GPG signatures and checksums respectively.</message>
    </requireMavenVersion>
  </rules>
  <rulesToExecute>${enforcer.rules}</rulesToExecute>
  <rulesToSkip>${enforcer.skipRules}</rulesToSkip>
  <session default-value="${session}"/>
  <skip default-value="false">${enforcer.skip}</skip>
</configuration>
[DEBUG] -----------------------------------------------------------------------
[DEBUG] Goal:          org.apache.maven.plugins:maven-enforcer-plugin:3.6.2:enforce (enforce-versions)
[DEBUG] Style:         Regular
[DEBUG] Configuration: <?xml version="1.0" encoding="UTF-8"?>
<configuration>
  <commandLineRules>${rules}</commandLineRules>
  <fail default-value="true">${enforcer.fail}</fail>
  <failFast default-value="false">${enforcer.failFast}</failFast>
  <failIfNoRules default-value="true">${enforcer.failIfNoRules}</failIfNoRules>
  <ignoreCache default-value="false">${enforcer.ignoreCache}</ignoreCache>
  <mojoExecution default-value="${mojoExecution}"/>
  <project default-value="${project}"/>
  <rules>
    <requireJavaVersion>
      <version>21</version>
    </requireJavaVersion>
    <requireMavenVersion>
      <version>3.6.3</version>
    </requireMavenVersion>
    <dependencyConvergence>
      <excludes>
        <exclude>org.apache.maven.doxia:doxia-core</exclude>
        <exclude>org.apache.commons*</exclude>
        <exclude>org.apache.httpcomponents*</exclude>
        <exclude>org.codehaus.plexus*</exclude>
        <exclude>org.slf4j*</exclude>
      </excludes>
    </dependencyConvergence>
  </rules>
  <rulesToExecute>${enforcer.rules}</rulesToExecute>
  <rulesToSkip>${enforcer.skipRules}</rulesToSkip>
  <session default-value="${session}"/>
  <skip default-value="false">${enforcer.skip}</skip>
</configuration>
[DEBUG] -----------------------------------------------------------------------
[DEBUG] Goal:          org.codehaus.mojo:xml-maven-plugin:1.2.0:check-format (default)
[DEBUG] Style:         Regular
[DEBUG] Configuration: <?xml version="1.0" encoding="UTF-8"?>
<configuration>
  <basedir default-value="${project.basedir}"/>
  <catalogHandling default-value="passThrough">strict</catalogHandling>
  <catalogs>
    <catalog>config/catalog.xml</catalog>
  </catalogs>
  <encoding default-value="${project.build.sourceEncoding}">${xml.encoding}</encoding>
  <failOnFormatViolation default-value="true">${xml.failOnFormatViolation}</failOnFormatViolation>
  <formatFileSets>
    <formatFileSet>
      <directory>.</directory>
      <includes>
        <include>**/*.xml</include>
        <include>**/*.xsd</include>
        <include>**/*.xml.vm</include>
      </includes>
      <excludes>
        <exclude>.git/**</exclude>
        <exclude>src/site/xdoc/**</exclude>
        <exclude>target/**</exclude>
        <exclude>.ci-temp/**</exclude>
        <exclude>src/test/resources/**</exclude>
        <exclude>src/xdocs-examples/resources/**</exclude>
        <exclude>src/site/xdoc/releasenotes.xml</exclude>
        <exclude>src/site/xdoc/releasenotes_old*.xml</exclude>
        <exclude>src/main/resources/com/puppycrawl/tools/checkstyle/meta/**</exclude>
      </excludes>
    </formatFileSet>
  </formatFileSets>
  <indentSize default-value="2">${xml.indentSize}</indentSize>
  <pluginDependencies default-value="${plugin.artifacts}"/>
  <project default-value="${project}"/>
  <settings default-value="${settings}"/>
  <skip default-value="false">${xml.skip}</skip>
  <useDefaultFormatFileSet default-value="true">false</useDefaultFormatFileSet>
</configuration>
[DEBUG] -----------------------------------------------------------------------
[DEBUG] Goal:          org.antlr:antlr4-maven-plugin:4.13.2:antlr4 (default)
[DEBUG] Style:         Regular
[DEBUG] Configuration: <?xml version="1.0" encoding="UTF-8"?>
<configuration>
  <atn default-value="false">${antlr4.atn}</atn>
  <forceATN default-value="false">${antlr4.forceATN}</forceATN>
  <generateTestSources default-value="false">${antlr4.generateTestSources}</generateTestSources>
  <includes>
    <include>com/puppycrawl/tools/checkstyle/grammar/javadoc/*.g4</include>
    <include>com/puppycrawl/tools/checkstyle/grammar/java/*.g4</include>
  </includes>
  <inputEncoding>${project.build.sourceEncoding}</inputEncoding>
  <libDirectory default-value="${basedir}/src/main/antlr4/imports"/>
  <listener default-value="true">false</listener>
  <outputDirectory default-value="${project.build.directory}/generated-sources/antlr4">/Users/yuktinandwana/checkstyle_Workspace/target/generated-sources/antlr/</outputDirectory>
  <outputEncoding>${project.build.sourceEncoding}</outputEncoding>
  <project>${project}</project>
  <sourceDirectory default-value="${basedir}/src/main/antlr4">/Users/yuktinandwana/checkstyle_Workspace/src/main/resources/</sourceDirectory>
  <statusDirectory default-value="${project.build.directory}/maven-status/antlr4"/>
  <treatWarningsAsErrors default-value="false">${antlr4.treatWarningsAsErrors}</treatWarningsAsErrors>
  <visitor default-value="false">true</visitor>
</configuration>
[DEBUG] -----------------------------------------------------------------------
[DEBUG] Goal:          org.codehaus.mojo:build-helper-maven-plugin:3.6.1:add-source (add-source)
[DEBUG] Style:         Regular
[DEBUG] Configuration: <?xml version="1.0" encoding="UTF-8"?>
<configuration>
  <project default-value="${project}"/>
  <skipAddSource default-value="false">${buildhelper.addsource.skip}</skipAddSource>
  <skipAddSourceIfMissing default-value="false">${buildhelper.addsource.skipIfMissing}</skipAddSourceIfMissing>
  <sources>
    <source>/Users/yuktinandwana/checkstyle_Workspace/target/generated-sources/antlr/</source>${sources}</sources>
</configuration>
[DEBUG] --- exit fork of com.puppycrawl.tools:checkstyle:13.1.0-SNAPSHOT for org.apache.maven.plugins:maven-source-plugin:3.4.0:jar (attach-sources) ---
[DEBUG] -----------------------------------------------------------------------
[DEBUG] Goal:          org.apache.maven.plugins:maven-source-plugin:3.4.0:jar (attach-sources)
[DEBUG] Style:         Regular
[DEBUG] Configuration: <?xml version="1.0" encoding="UTF-8"?>
<configuration>
  <attach default-value="true">${maven.source.attach}</attach>
  <classifier default-value="sources">${maven.source.classifier}</classifier>
  <defaultManifestFile default-value="${project.build.outputDirectory}/META-INF/MANIFEST.MF"/>
  <excludeResources default-value="false">${maven.source.excludeResources}</excludeResources>
  <finalName default-value="${project.build.finalName}"/>
  <forceCreation default-value="false">${maven.source.forceCreation}</forceCreation>
  <includePom default-value="false">${maven.source.includePom}</includePom>
  <outputDirectory default-value="${project.build.directory}"/>
  <outputTimestamp default-value="${project.build.outputTimestamp}"/>
  <project default-value="${project}"/>
  <reactorProjects default-value="${reactorProjects}"/>
  <session default-value="${session}"/>
  <skipSource default-value="false">${maven.source.skip}</skipSource>
  <useDefaultExcludes default-value="true">${maven.source.useDefaultExcludes}</useDefaultExcludes>
  <useDefaultManifestFile default-value="false">${maven.source.useDefaultManifestFile}</useDefaultManifestFile>
</configuration>
[DEBUG] -----------------------------------------------------------------------
[DEBUG] Goal:          org.apache.maven.plugins:maven-failsafe-plugin:3.5.4:integration-test (integration-test)
[DEBUG] Style:         Regular
[DEBUG] Configuration: <?xml version="1.0" encoding="UTF-8"?>
<configuration>
  <additionalClasspathDependencies>${maven.test.additionalClasspathDependencies}</additionalClasspathDependencies>
  <additionalClasspathElements>${maven.test.additionalClasspath}</additionalClasspathElements>
  <argLine>${argLine}</argLine>
  <basedir default-value="${basedir}"/>
  <childDelegation default-value="false">${childDelegation}</childDelegation>
  <classpathDependencyExcludes>${maven.test.dependency.excludes}</classpathDependencyExcludes>
  <debugForkedProcess>${maven.failsafe.debug}</debugForkedProcess>
  <defaultClassesDirectory default-value="${project.build.outputDirectory}"/>
  <dependenciesToScan>${dependenciesToScan}</dependenciesToScan>
  <disableXmlReport>${disableXmlReport}</disableXmlReport>
  <enableAssertions default-value="true">${enableAssertions}</enableAssertions>
  <enableOutErrElements default-value="true">${enableOutErrElements}</enableOutErrElements>
  <enableProcessChecker>${failsafe.enableProcessChecker}</enableProcessChecker>
  <enablePropertiesElement default-value="true">${enablePropertiesElement}</enablePropertiesElement>
  <encoding default-value="${project.reporting.outputEncoding}">${encoding}</encoding>
  <excludeJUnit5Engines>${failsafe.excludeJUnit5Engines}</excludeJUnit5Engines>
  <excludedEnvironmentVariables>${failsafe.excludedEnvironmentVariables}</excludedEnvironmentVariables>
  <excludedGroups>${excludedGroups}</excludedGroups>
  <excludes>${failsafe.excludes}</excludes>
  <excludesFile>${failsafe.excludesFile}</excludesFile>
  <failIfNoSpecifiedTests default-value="true">${failsafe.failIfNoSpecifiedTests}</failIfNoSpecifiedTests>
  <failIfNoSpecifiedTestsDeprecated default-value="true">${it.failIfNoSpecifiedTests}</failIfNoSpecifiedTestsDeprecated>
  <failIfNoTests default-value="false">${failIfNoTests}</failIfNoTests>
  <forkCount default-value="1">${forkCount}</forkCount>
  <forkNode>${failsafe.forkNode}</forkNode>
  <forkedProcessExitTimeoutInSeconds default-value="30">${failsafe.exitTimeout}</forkedProcessExitTimeoutInSeconds>
  <forkedProcessTimeoutInSeconds>${failsafe.timeout}</forkedProcessTimeoutInSeconds>
  <groups>${groups}</groups>
  <includeJUnit5Engines>${failsafe.includeJUnit5Engines}</includeJUnit5Engines>
  <includes>
    <include>com/google/**/*.java</include>
    <include>org/checkstyle/**/*.java</include>${failsafe.includes}</includes>
  <includesFile>${failsafe.includesFile}</includesFile>
  <junitArtifactName default-value="junit:junit">${junitArtifactName}</junitArtifactName>
  <jvm>${jvm}</jvm>
  <objectFactory>${objectFactory}</objectFactory>
  <parallel>${parallel}</parallel>
  <parallelMavenExecution default-value="${session.parallel}"/>
  <parallelOptimized default-value="true">${parallelOptimized}</parallelOptimized>
  <parallelTestsTimeoutForcedInSeconds>${failsafe.parallel.forcedTimeout}</parallelTestsTimeoutForcedInSeconds>
  <parallelTestsTimeoutInSeconds>${failsafe.parallel.timeout}</parallelTestsTimeoutInSeconds>
  <perCoreThreadCount default-value="true">${perCoreThreadCount}</perCoreThreadCount>
  <pluginArtifactMap>${plugin.artifactMap}</pluginArtifactMap>
  <pluginDescriptor default-value="${plugin}"/>
  <printSummary default-value="true">${failsafe.printSummary}</printSummary>
  <project default-value="${project}"/>
  <projectArtifactMap>${project.artifactMap}</projectArtifactMap>
  <projectBuildDirectory default-value="${project.build.directory}"/>
  <promoteUserPropertiesToSystemProperties default-value="true"/>
  <redirectTestOutputToFile default-value="false">${maven.test.redirectTestOutputToFile}</redirectTestOutputToFile>
  <reportFormat default-value="brief">${failsafe.reportFormat}</reportFormat>
  <reportNameSuffix default-value="">${surefire.reportNameSuffix}</reportNameSuffix>
  <reportsDirectory default-value="${project.build.directory}/failsafe-reports"/>
  <rerunFailingTestsCount default-value="0">${failsafe.rerunFailingTestsCount}</rerunFailingTestsCount>
  <reuseForks default-value="true">${reuseForks}</reuseForks>
  <runOrder default-value="filesystem">${failsafe.runOrder}</runOrder>
  <runOrderRandomSeed>${failsafe.runOrder.random.seed}</runOrderRandomSeed>
  <session default-value="${session}"/>
  <shutdown default-value="exit">${failsafe.shutdown}</shutdown>
  <skip default-value="false">${maven.test.skip}</skip>
  <skipAfterFailureCount default-value="0">${failsafe.skipAfterFailureCount}</skipAfterFailureCount>
  <skipExec>${maven.test.skip.exec}</skipExec>
  <skipITs>${skipITs}</skipITs>
  <skipTests default-value="false">${skipTests}</skipTests>
  <suiteXmlFiles>${failsafe.suiteXmlFiles}</suiteXmlFiles>
  <summaryFile default-value="${project.build.directory}/failsafe-reports/failsafe-summary.xml"/>
  <systemPropertiesFile>${failsafe.systemPropertiesFile}</systemPropertiesFile>
  <tempDir default-value="surefire">${tempDir}</tempDir>
  <test>${it.test}</test>
  <testClassesDirectory default-value="${project.build.testOutputDirectory}"/>
  <testNGArtifactName default-value="org.testng:testng">${testNGArtifactName}</testNGArtifactName>
  <testSourceDirectory default-value="${project.build.testSourceDirectory}"/>
  <threadCount>${threadCount}</threadCount>
  <threadCountClasses default-value="0">${threadCountClasses}</threadCountClasses>
  <threadCountMethods default-value="0">${threadCountMethods}</threadCountMethods>
  <threadCountSuites default-value="0">${threadCountSuites}</threadCountSuites>
  <trimStackTrace default-value="false">${trimStackTrace}</trimStackTrace>
  <useFile default-value="true">${failsafe.useFile}</useFile>
  <useManifestOnlyJar default-value="true">${failsafe.useManifestOnlyJar}</useManifestOnlyJar>
  <useModulePath default-value="true">${failsafe.useModulePath}</useModulePath>
  <useSystemClassLoader default-value="true">${failsafe.useSystemClassLoader}</useSystemClassLoader>
  <useUnlimitedThreads default-value="false">${useUnlimitedThreads}</useUnlimitedThreads>
  <workingDirectory>${basedir}</workingDirectory>
</configuration>
[DEBUG] -----------------------------------------------------------------------
[DEBUG] Goal:          org.gaul:modernizer-maven-plugin:3.2.0:modernizer (modernizer)
[DEBUG] Style:         Regular
[DEBUG] Configuration: <?xml version="1.0" encoding="UTF-8"?>
<configuration>
  <codeClimateSeverity default-value="MINOR">${modernizer.codeclimateSeverity}</codeClimateSeverity>
  <exclusionPatterns>
    <exclusionPattern>java/util/Optional.get:.*</exclusionPattern>
    <exclusionPattern>java/io/File.*</exclusionPattern>
  </exclusionPatterns>
  <exclusionsFile>${modernizer.exclusionsFile}</exclusionsFile>
  <failOnViolations default-value="true">${modernizer.failOnViolations}</failOnViolations>
  <ignoreGeneratedClasses default-value="true">${modernizer.ignoreGeneratedClasses}</ignoreGeneratedClasses>
  <includeTestClasses default-value="true">false</includeTestClasses>
  <javaVersion>21</javaVersion>
  <outputDirectory>${project.build.outputDirectory}</outputDirectory>
  <outputFile>${modernizer.outputFile}</outputFile>
  <outputFormat default-value="CONSOLE">${modernizer.outputFormat}</outputFormat>
  <project default-value="${project}"/>
  <skip default-value="false">${modernizer.skip}</skip>
  <sourceDirectory>${project.build.sourceDirectory}</sourceDirectory>
  <testOutputDirectory>${project.build.testOutputDirectory}</testOutputDirectory>
  <testSourceDirectory>${project.build.testSourceDirectory}</testSourceDirectory>
  <violationLogLevel default-value="error">${modernizer.violationLogLevel}</violationLogLevel>
  <violationsFile>${modernizer.violationsFile}</violationsFile>
  <violationsFiles>${modernizer.violationsFiles}</violationsFiles>
</configuration>
[DEBUG] -----------------------------------------------------------------------
[DEBUG] Goal:          org.jacoco:jacoco-maven-plugin:0.8.14:check (default-check)
[DEBUG] Style:         Regular
[DEBUG] Configuration: <?xml version="1.0" encoding="UTF-8"?>
<configuration>
  <dataFile default-value="${project.build.directory}/jacoco.exec"/>
  <haltOnFailure default-value="true">${jacoco.haltOnFailure}</haltOnFailure>
  <project>${project}</project>
  <rules>
    <rule>
      <element>CLASS</element>
      <excludes>
        <exclude>com.puppycrawl.tools.checkstyle.api.AutomaticBean*</exclude>
        <exclude>com.puppycrawl.tools.checkstyle.site.*</exclude>
        <exclude>com.puppycrawl.tools.checkstyle.grammar.java.JavaLanguageParser*</exclude>
        <exclude>com.puppycrawl.tools.checkstyle.grammar.java.JavaLanguageLexer</exclude>
        <exclude>com.puppycrawl.tools.checkstyle.CheckstyleParserErrorStrategy</exclude>
        <exclude>com.puppycrawl.tools.checkstyle.grammar.javadoc.JavadocCommentsParser*</exclude>
        <exclude>com.puppycrawl.tools.checkstyle.grammar.javadoc.JavadocCommentsLexer</exclude>
        <exclude>com.puppycrawl.tools.checkstyle.JavadocCommentsAstVisitor</exclude>
        <exclude>com.puppycrawl.tools.checkstyle.grammar.JavadocCommentsParserUtil</exclude>
        <exclude>com.puppycrawl.tools.checkstyle.grammar.JavadocCommentsLexerUtil</exclude>
        <exclude>com.puppycrawl.tools.checkstyle.grammar.SimpleToken</exclude>
        <exclude>com.puppycrawl.tools.checkstyle.checks.javadoc.JavadocMethodCheck</exclude>
        <exclude>com.puppycrawl.tools.checkstyle.checks.javadoc.JavadocMethodCheck.RegularClass</exclude>
        <exclude>com.puppycrawl.tools.checkstyle.gui.BaseCellEditor</exclude>
        <exclude>com.puppycrawl.tools.checkstyle.gui.CodeSelector</exclude>
        <exclude>com.puppycrawl.tools.checkstyle.gui.ListToTreeSelectionModelWrapper</exclude>
        <exclude>com.puppycrawl.tools.checkstyle.gui.ParseTreeTableModel</exclude>
        <exclude>com.puppycrawl.tools.checkstyle.gui.TreeTable</exclude>
        <exclude>com.puppycrawl.tools.checkstyle.gui.TreeTable.TreeTableCellEditor</exclude>
        <exclude>com.puppycrawl.tools.checkstyle.gui.TreeTableCellRenderer</exclude>
        <exclude>com.puppycrawl.tools.checkstyle.gui.TreeTableModelAdapter</exclude>
        <exclude>com.puppycrawl.tools.checkstyle.gui.TreeTableModelAdapter.UpdatingTreeModelListener</exclude>
        <exclude>com.puppycrawl.tools.checkstyle.meta.MetadataGeneratorUtil</exclude>
        <exclude>com.puppycrawl.tools.checkstyle.meta.ModuleDetails*</exclude>
        <exclude>com.puppycrawl.tools.checkstyle.meta.JavadocMetadataScraperUtil*</exclude>
        <exclude>com.puppycrawl.tools.checkstyle.meta.XmlMeta*</exclude>
        <exclude>com.puppycrawl.tools.checkstyle.utils.OsSpecificUtil</exclude>
      </excludes>
      <limits>
        <limit>
          <counter>LINE</counter>
          <value>COVEREDRATIO</value>
          <minimum>1.00</minimum>
        </limit>
        <limit>
          <counter>BRANCH</counter>
          <value>COVEREDRATIO</value>
          <minimum>1.00</minimum>
        </limit>
      </limits>
    </rule>
    <rule>
      <element>CLASS</element>
      <includes>
        <include>com.puppycrawl.tools.checkstyle.meta.MetadataGeneratorUtil</include>
      </includes>
      <limits>
        <limit>
          <counter>LINE</counter>
          <value>COVEREDRATIO</value>
          <minimum>0.95</minimum>
        </limit>
        <limit>
          <counter>BRANCH</counter>
          <value>COVEREDRATIO</value>
          <minimum>1.00</minimum>
        </limit>
      </limits>
    </rule>
    <rule>
      <element>CLASS</element>
      <includes>
        <include>com.puppycrawl.tools.checkstyle.gui.BaseCellEditor</include>
      </includes>
      <limits>
        <limit>
          <counter>LINE</counter>
          <value>COVEREDRATIO</value>
          <minimum>0.76</minimum>
        </limit>
        <limit>
          <counter>BRANCH</counter>
          <value>COVEREDRATIO</value>
          <minimum>0.75</minimum>
        </limit>
      </limits>
    </rule>
    <rule>
      <element>CLASS</element>
      <includes>
        <include>com.puppycrawl.tools.checkstyle.gui.CodeSelector</include>
      </includes>
      <limits>
        <limit>
          <counter>LINE</counter>
          <value>COVEREDRATIO</value>
          <minimum>0.91</minimum>
        </limit>
        <limit>
          <counter>BRANCH</counter>
          <value>COVEREDRATIO</value>
          <minimum>0.50</minimum>
        </limit>
      </limits>
    </rule>
    <rule>
      <element>CLASS</element>
      <includes>
        <include>com.puppycrawl.tools.checkstyle.gui.ListToTreeSelectionModelWrapper</include>
      </includes>
      <limits>
        <limit>
          <counter>LINE</counter>
          <value>COVEREDRATIO</value>
          <minimum>0.74</minimum>
        </limit>
        <limit>
          <counter>BRANCH</counter>
          <value>COVEREDRATIO</value>
          <minimum>0.35</minimum>
        </limit>
      </limits>
    </rule>
    <rule>
      <element>CLASS</element>
      <includes>
        <include>com.puppycrawl.tools.checkstyle.gui.ParseTreeTableModel</include>
      </includes>
      <limits>
        <limit>
          <counter>LINE</counter>
          <value>COVEREDRATIO</value>
          <minimum>0.91</minimum>
        </limit>
        <limit>
          <counter>BRANCH</counter>
          <value>COVEREDRATIO</value>
          <minimum>0.83</minimum>
        </limit>
      </limits>
    </rule>
    <rule>
      <element>CLASS</element>
      <includes>
        <include>com.puppycrawl.tools.checkstyle.gui.TreeTable</include>
      </includes>
      <limits>
        <limit>
          <counter>LINE</counter>
          <value>COVEREDRATIO</value>
          <minimum>0.89</minimum>
        </limit>
        <limit>
          <counter>BRANCH</counter>
          <value>COVEREDRATIO</value>
          <minimum>0.54</minimum>
        </limit>
      </limits>
    </rule>
    <rule>
      <element>CLASS</element>
      <includes>
        <include>com.puppycrawl.tools.checkstyle.gui.TreeTable.TreeTableCellEditor</include>
      </includes>
      <limits>
        <limit>
          <counter>LINE</counter>
          <value>COVEREDRATIO</value>
          <minimum>0.06</minimum>
        </limit>
        <limit>
          <counter>BRANCH</counter>
          <value>COVEREDRATIO</value>
          <minimum>0.00</minimum>
        </limit>
      </limits>
    </rule>
    <rule>
      <element>CLASS</element>
      <includes>
        <include>com.puppycrawl.tools.checkstyle.gui.TreeTableCellRenderer</include>
      </includes>
      <limits>
        <limit>
          <counter>LINE</counter>
          <value>COVEREDRATIO</value>
          <minimum>0.46</minimum>
        </limit>
        <limit>
          <counter>BRANCH</counter>
          <value>COVEREDRATIO</value>
          <minimum>0.20</minimum>
        </limit>
      </limits>
    </rule>
    <rule>
      <element>CLASS</element>
      <includes>
        <include>com.puppycrawl.tools.checkstyle.gui.TreeTableModelAdapter</include>
      </includes>
      <limits>
        <limit>
          <counter>LINE</counter>
          <value>COVEREDRATIO</value>
          <minimum>0.86</minimum>
        </limit>
        <limit>
          <counter>BRANCH</counter>
          <value>COVEREDRATIO</value>
          <minimum>1.00</minimum>
        </limit>
      </limits>
    </rule>
    <rule>
      <element>CLASS</element>
      <includes>
        <include>com.puppycrawl.tools.checkstyle.gui.TreeTableModelAdapter.UpdatingTreeModelListener</include>
      </includes>
      <limits>
        <limit>
          <counter>LINE</counter>
          <value>COVEREDRATIO</value>
          <minimum>0.45</minimum>
        </limit>
        <limit>
          <counter>BRANCH</counter>
          <value>COVEREDRATIO</value>
          <minimum>1.00</minimum>
        </limit>
      </limits>
    </rule>
    <rule>
      <element>CLASS</element>
      <includes>
        <include>com.puppycrawl.tools.checkstyle.grammar.java.JavaLanguageParser</include>
      </includes>
      <limits>
        <limit>
          <counter>LINE</counter>
          <value>COVEREDRATIO</value>
          <minimum>0.80</minimum>
        </limit>
        <limit>
          <counter>BRANCH</counter>
          <value>COVEREDRATIO</value>
          <minimum>0.71</minimum>
        </limit>
      </limits>
    </rule>
    <rule>
      <element>CLASS</element>
      <includes>
        <include>com.puppycrawl.tools.checkstyle.grammar.java.JavaLanguageLexer</include>
      </includes>
      <limits>
        <limit>
          <counter>LINE</counter>
          <value>COVEREDRATIO</value>
          <minimum>0.80</minimum>
        </limit>
        <limit>
          <counter>BRANCH</counter>
          <value>COVEREDRATIO</value>
          <minimum>0.75</minimum>
        </limit>
      </limits>
    </rule>
    <rule>
      <element>CLASS</element>
      <includes>
        <include>com.puppycrawl.tools.checkstyle.grammar.javadoc.JavadocCommentsParser</include>
      </includes>
      <limits>
        <limit>
          <counter>LINE</counter>
          <value>COVEREDRATIO</value>
          <minimum>0.57</minimum>
        </limit>
        <limit>
          <counter>BRANCH</counter>
          <value>COVEREDRATIO</value>
          <minimum>0.48</minimum>
        </limit>
      </limits>
    </rule>
    <rule>
      <element>CLASS</element>
      <includes>
        <include>com.puppycrawl.tools.checkstyle.grammar.javadoc.JavadocCommentsLexer</include>
      </includes>
      <limits>
        <limit>
          <counter>LINE</counter>
          <value>COVEREDRATIO</value>
          <minimum>0.80</minimum>
        </limit>
        <limit>
          <counter>BRANCH</counter>
          <value>COVEREDRATIO</value>
          <minimum>0.64</minimum>
        </limit>
      </limits>
    </rule>
    <rule>
      <element>CLASS</element>
      <includes>
        <include>com.puppycrawl.tools.checkstyle.JavadocCommentsAstVisitor</include>
      </includes>
      <limits>
        <limit>
          <counter>LINE</counter>
          <value>COVEREDRATIO</value>
          <minimum>0.97</minimum>
        </limit>
        <limit>
          <counter>BRANCH</counter>
          <value>COVEREDRATIO</value>
          <minimum>0.97</minimum>
        </limit>
      </limits>
    </rule>
    <rule>
      <element>CLASS</element>
      <includes>
        <include>com.puppycrawl.tools.checkstyle.grammar.SimpleToken</include>
      </includes>
      <limits>
        <limit>
          <counter>LINE</counter>
          <value>COVEREDRATIO</value>
          <minimum>0.88</minimum>
        </limit>
        <limit>
          <counter>BRANCH</counter>
          <value>COVEREDRATIO</value>
          <minimum>0.70</minimum>
        </limit>
      </limits>
    </rule>
    <rule>
      <element>CLASS</element>
      <includes>
        <include>com.puppycrawl.tools.checkstyle.grammar.JavadocCommentsLexerUtil</include>
      </includes>
      <limits>
        <limit>
          <counter>LINE</counter>
          <value>COVEREDRATIO</value>
          <minimum>0.90</minimum>
        </limit>
        <limit>
          <counter>BRANCH</counter>
          <value>COVEREDRATIO</value>
          <minimum>0.92</minimum>
        </limit>
      </limits>
    </rule>
    <rule>
      <element>CLASS</element>
      <includes>
        <include>com.puppycrawl.tools.checkstyle.grammar.JavadocCommentsParserUtil</include>
      </includes>
      <limits>
        <limit>
          <counter>LINE</counter>
          <value>COVEREDRATIO</value>
          <minimum>0.50</minimum>
        </limit>
        <limit>
          <counter>BRANCH</counter>
          <value>COVEREDRATIO</value>
          <minimum>0.50</minimum>
        </limit>
      </limits>
    </rule>
    <rule>
      <element>CLASS</element>
      <includes>
        <include>com.puppycrawl.tools.checkstyle.CheckstyleParserErrorStrategy</include>
      </includes>
      <limits>
        <limit>
          <counter>LINE</counter>
          <value>COVEREDRATIO</value>
          <minimum>0.50</minimum>
        </limit>
        <limit>
          <counter>BRANCH</counter>
          <value>COVEREDRATIO</value>
          <minimum>1.00</minimum>
        </limit>
      </limits>
    </rule>
    <rule>
      <element>CLASS</element>
      <includes>
        <include>com.puppycrawl.tools.checkstyle.checks.javadoc.JavadocMethodCheck</include>
      </includes>
      <limits>
        <limit>
          <counter>LINE</counter>
          <value>COVEREDRATIO</value>
          <minimum>0.98</minimum>
        </limit>
        <limit>
          <counter>BRANCH</counter>
          <value>COVEREDRATIO</value>
          <minimum>0.94</minimum>
        </limit>
      </limits>
    </rule>
    <rule>
      <element>CLASS</element>
      <includes>
        <include>com.puppycrawl.tools.checkstyle.checks.javadoc.JavadocMethodCheck.RegularClass</include>
      </includes>
      <limits>
        <limit>
          <counter>LINE</counter>
          <value>COVEREDRATIO</value>
          <minimum>0.70</minimum>
        </limit>
        <limit>
          <counter>BRANCH</counter>
          <value>COVEREDRATIO</value>
          <minimum>0.00</minimum>
        </limit>
      </limits>
    </rule>
    <rule>
      <element>CLASS</element>
      <includes>
        <include>com.puppycrawl.tools.checkstyle.meta.JavadocMetadataScraperUtil</include>
      </includes>
      <limits>
        <limit>
          <counter>BRANCH</counter>
          <value>COVEREDRATIO</value>
          <minimum>0.90</minimum>
        </limit>
      </limits>
    </rule>
    <rule>
      <element>CLASS</element>
      <includes>
        <include>com.puppycrawl.tools.checkstyle.meta.XmlMetaWriter</include>
      </includes>
      <limits>
        <limit>
          <counter>LINE</counter>
          <value>COVEREDRATIO</value>
          <minimum>0.91</minimum>
        </limit>
        <limit>
          <counter>BRANCH</counter>
          <value>COVEREDRATIO</value>
          <minimum>0.75</minimum>
        </limit>
      </limits>
    </rule>
    <rule>
      <element>CLASS</element>
      <includes>
        <include>com.puppycrawl.tools.checkstyle.meta.XmlMetaReader</include>
      </includes>
      <limits>
        <limit>
          <counter>LINE</counter>
          <value>COVEREDRATIO</value>
          <minimum>0.95</minimum>
        </limit>
        <limit>
          <counter>BRANCH</counter>
          <value>COVEREDRATIO</value>
          <minimum>0.93</minimum>
        </limit>
      </limits>
    </rule>
  </rules>
  <skip default-value="false">${jacoco.skip}</skip>
</configuration>
[DEBUG] -----------------------------------------------------------------------
[DEBUG] Goal:          org.apache.maven.plugins:maven-failsafe-plugin:3.5.4:verify (verify)
[DEBUG] Style:         Regular
[DEBUG] Configuration: <?xml version="1.0" encoding="UTF-8"?>
<configuration>
  <basedir default-value="${basedir}"/>
  <encoding default-value="${project.reporting.outputEncoding}">${encoding}</encoding>
  <failIfNoTests default-value="false">${failIfNoTests}</failIfNoTests>
  <failOnFlakeCount default-value="0">${failsafe.failOnFlakeCount}</failOnFlakeCount>
  <reportsDirectory default-value="${project.build.directory}/failsafe-reports"/>
  <session default-value="${session}"/>
  <skip default-value="false">${maven.test.skip}</skip>
  <skipExec>${maven.test.skip.exec}</skipExec>
  <skipITs>${skipITs}</skipITs>
  <skipTests>${skipTests}</skipTests>
  <summaryFile default-value="${project.build.directory}/failsafe-reports/failsafe-summary.xml"/>
  <testClassesDirectory default-value="${project.build.testOutputDirectory}"/>
  <testFailureIgnore default-value="false">${maven.test.failure.ignore}</testFailureIgnore>
</configuration>
[DEBUG] -----------------------------------------------------------------------
[DEBUG] Goal:          org.apache.maven.plugins:maven-antrun-plugin:3.2.0:run (ant-phase-verify)
[DEBUG] Style:         Regular
[DEBUG] Configuration: <?xml version="1.0" encoding="UTF-8"?>
<configuration>
  <exportAntProperties default-value="false"/>
  <failOnError default-value="true"/>
  <localRepository>${localRepository}</localRepository>
  <mavenProject default-value="${project}"/>
  <pluginArtifacts>${plugin.artifacts}</pluginArtifacts>
  <session default-value="${session}"/>
  <skip default-value="false">${maven.antrun.skip}</skip>
  <sourceRoot>${sourceRoot}</sourceRoot>
  <target>
    <property name="mvn.project.build.directory" value="/Users/yuktinandwana/checkstyle_Workspace/target"/>
    <property name="mvn.runtime_classpath" refid="maven.runtime.classpath"/>
    <property name="mvn.java.version" value="21"/>
    <ant antfile="config/ant-phase-verify.xml"/>
  </target>
  <testSourceRoot>${testSourceRoot}</testSourceRoot>
  <versionsPropertyName default-value="maven.project.dependencies.versions"/>
</configuration>
[DEBUG] --- init fork of com.puppycrawl.tools:checkstyle:13.1.0-SNAPSHOT for org.apache.maven.plugins:maven-pmd-plugin:3.28.0:check (default) ---
[DEBUG] Dependencies (collect): []
[DEBUG] Dependencies (resolve): [test]
[DEBUG] -----------------------------------------------------------------------
[DEBUG] Goal:          org.apache.maven.plugins:maven-pmd-plugin:3.28.0:pmd (pmd)
[DEBUG] Style:         Regular
[DEBUG] Configuration: <?xml version="1.0" encoding="UTF-8"?>
<configuration>
  <aggregate default-value="false">${aggregate}</aggregate>
  <analysisCache default-value="false">true</analysisCache>
  <analysisCacheLocation default-value="${project.build.directory}/pmd/pmd.cache">${pmd.analysisCacheLocation}</analysisCacheLocation>
  <benchmark default-value="false">${pmd.benchmark}</benchmark>
  <benchmarkOutputFilename default-value="${project.build.directory}/pmd-benchmark.txt">${pmd.benchmarkOutputFilename}</benchmarkOutputFilename>
  <compileSourceRoots default-value="${project.compileSourceRoots}"/>
  <excludeFromFailureFile default-value="">${pmd.excludeFromFailureFile}</excludeFromFailureFile>
  <excludeRoots>
    <excludeRoot>src/it/resources</excludeRoot>
    <excludeRoot>src/test/resources</excludeRoot>
    <excludeRoot>src/xdocs-examples/resources</excludeRoot>
    <excludeRoot>target/generated-sources/antlr</excludeRoot>
    <excludeRoot>target/generated-sources/antlr/com/puppycrawl/tools/checkstyle/grammar/javadoc</excludeRoot>
  </excludeRoots>
  <format default-value="xml">${format}</format>
  <includeTests default-value="false">true</includeTests>
  <includeXmlInReports default-value="false"/>
  <inputEncoding default-value="${project.build.sourceEncoding}">${encoding}</inputEncoding>
  <language default-value="java"/>
  <linkXRef default-value="true">${linkXRef}</linkXRef>
  <locale default-value="default"/>
  <minimumPriority default-value="5">${minimumPriority}</minimumPriority>
  <mojoExecution default-value="${mojoExecution}"/>
  <outputDirectory default-value="${project.build.directory}/reports"/>
  <outputEncoding default-value="${project.reporting.outputEncoding}">${outputEncoding}</outputEncoding>
  <outputFormat>${output.format}</outputFormat>
  <outputTimestamp default-value="${project.build.outputTimestamp}"/>
  <project default-value="${project}"/>
  <reactorProjects default-value="${reactorProjects}"/>
  <remoteProjectRepositories default-value="${project.remoteProjectRepositories}"/>
  <renderProcessingErrors default-value="true">${pmd.renderProcessingErrors}</renderProcessingErrors>
  <renderRuleViolationPriority default-value="true">${pmd.renderRuleViolationPriority}</renderRuleViolationPriority>
  <renderSuppressedViolations default-value="true">${pmd.renderSuppressedViolations}</renderSuppressedViolations>
  <renderViolationsByPriority default-value="true">${pmd.renderViolationsByPriority}</renderViolationsByPriority>
  <repoSession default-value="${repositorySystemSession}"/>
  <rulesets>
    <ruleset>config/pmd-main.xml</ruleset>
    <ruleset>config/pmd-test.xml</ruleset>
  </rulesets>
  <rulesetsTargetDirectory default-value="${project.build.directory}/pmd/rulesets">${pmd.rulesetsTargetDirectory}</rulesetsTargetDirectory>
  <session default-value="${session}"/>
  <showPmdLog default-value="true">${pmd.showPmdLog}</showPmdLog>
  <siteDirectory default-value="${basedir}/src/site"/>
  <skip default-value="false">${pmd.skip}</skip>
  <skipEmptyReport default-value="false">false</skipEmptyReport>
  <skipPmdError default-value="true">${pmd.skipPmdError}</skipPmdError>
  <suppressMarker>${pmd.suppressMarker}</suppressMarker>
  <targetDirectory>${project.build.directory}</targetDirectory>
  <targetJdk default-value="${maven.compiler.source}">21</targetJdk>
  <testSourceRoots default-value="${project.testCompileSourceRoots}"/>
  <typeResolution default-value="true">${pmd.typeResolution}</typeResolution>
</configuration>
[DEBUG] --- exit fork of com.puppycrawl.tools:checkstyle:13.1.0-SNAPSHOT for org.apache.maven.plugins:maven-pmd-plugin:3.28.0:check (default) ---
[DEBUG] -----------------------------------------------------------------------
[DEBUG] Goal:          org.apache.maven.plugins:maven-pmd-plugin:3.28.0:check (default)
[DEBUG] Style:         Regular
[DEBUG] Configuration: <?xml version="1.0" encoding="UTF-8"?>
<configuration>
  <aggregate default-value="false">${aggregate}</aggregate>
  <excludeFromFailureFile default-value="">${pmd.excludeFromFailureFile}</excludeFromFailureFile>
  <failOnViolation default-value="true">true</failOnViolation>
  <failurePriority default-value="5">${pmd.failurePriority}</failurePriority>
  <maxAllowedViolations default-value="0">${pmd.maxAllowedViolations}</maxAllowedViolations>
  <printFailingErrors default-value="false">true</printFailingErrors>
  <project default-value="${project}"/>
  <skip default-value="false">${pmd.skip}</skip>
  <targetDirectory>${project.build.directory}</targetDirectory>
  <verbose default-value="false">${pmd.verbose}</verbose>
</configuration>
[DEBUG] --- init fork of com.puppycrawl.tools:checkstyle:13.1.0-SNAPSHOT for com.github.spotbugs:spotbugs-maven-plugin:4.9.8.2:check (default) ---
[DEBUG] Dependencies (collect): []
[DEBUG] Dependencies (resolve): [test]
[DEBUG] -----------------------------------------------------------------------
[DEBUG] Goal:          com.github.spotbugs:spotbugs-maven-plugin:4.9.8.2:spotbugs (spotbugs)
[DEBUG] Style:         Regular
[DEBUG] Configuration: <?xml version="1.0" encoding="UTF-8"?>
<configuration>
  <addSourceDirs default-value="false">${spotbugs.addSourceDirs}</addSourceDirs>
  <chooseVisitors>${spotbugs.chooseVisitors}</chooseVisitors>
  <classFilesDirectory default-value="${project.build.outputDirectory}"/>
  <debug default-value="false">${spotbugs.debug}</debug>
  <effort default-value="Default">Max</effort>
  <excludeBugsFile>${spotbugs.excludeBugsFile}</excludeBugsFile>
  <excludeBugsFiles>${spotbugs.excludeBugsFiles}</excludeBugsFiles>
  <excludeFilterFile>config/spotbugs-exclude.xml</excludeFilterFile>
  <excludeFilterFiles>${spotbugs.excludeFilterFiles}</excludeFilterFiles>
  <failOnError default-value="true">${spotbugs.failOnError}</failOnError>
  <fork default-value="true">${spotbugs.fork}</fork>
  <htmlOutput default-value="false">${spotbugs.htmlOutput}</htmlOutput>
  <includeFilterFile>${spotbugs.includeFilterFile}</includeFilterFile>
  <includeFilterFiles>${spotbugs.includeFilterFiles}</includeFilterFiles>
  <includeTests default-value="false">${spotbugs.includeTests}</includeTests>
  <inputEncoding default-value="${project.build.sourceEncoding}">${encoding}</inputEncoding>
  <jvmArgs>${spotbugs.jvmArgs}</jvmArgs>
  <locale default-value="default"/>
  <maxHeap default-value="512">${spotbugs.maxHeap}</maxHeap>
  <maxRank>${spotbugs.maxRank}</maxRank>
  <mojoExecution default-value="${mojoExecution}"/>
  <nested default-value="false">${spotbugs.nested}</nested>
  <noClassOk default-value="false">${spotbugs.noClassOk}</noClassOk>
  <omitVisitors>${spotbugs.omitVisitors}</omitVisitors>
  <onlyAnalyze>${spotbugs.onlyAnalyze}</onlyAnalyze>
  <outputDirectory default-value="${project.reporting.outputDirectory}"/>
  <outputEncoding default-value="${project.reporting.outputEncoding}">${outputEncoding}</outputEncoding>
  <outputFormat>${output.format}</outputFormat>
  <outputTimestamp default-value="${project.build.outputTimestamp}"/>
  <pluginArtifacts>${plugin.artifacts}</pluginArtifacts>
  <pluginList>${spotbugs.pluginList}</pluginList>
  <plugins>
    <plugin>
      <groupId>com.mebigfatguy.sb-contrib</groupId>
      <artifactId>sb-contrib</artifactId>
      <version>7.7.2</version>
    </plugin>
  </plugins>
  <project default-value="${project}"/>
  <reactorProjects default-value="${reactorProjects}"/>
  <relaxed default-value="false">${spotbugs.relaxed}</relaxed>
  <remoteProjectRepositories default-value="${project.remoteProjectRepositories}"/>
  <repoSession default-value="${repositorySystemSession}"/>
  <sarifFullPath default-value="false">${spotbugs.sarifFullPath}</sarifFullPath>
  <sarifOutput default-value="false">${spotbugs.sarifOutput}</sarifOutput>
  <sarifOutputDirectory default-value="${project.build.directory}">${spotbugs.sarifOutputDirectory}</sarifOutputDirectory>
  <sarifOutputFilename default-value="spotbugsSarif.json">${spotbugs.sarifOutputFilename}</sarifOutputFilename>
  <session default-value="${session}"/>
  <siteDirectory default-value="${basedir}/src/site"/>
  <skip default-value="false">${spotbugs.skip}</skip>
  <skipEmptyReport default-value="false">${spotbugs.skipEmptyReport}</skipEmptyReport>
  <sourceEncoding default-value="${project.build.sourceEncoding}">${encoding}</sourceEncoding>
  <spotbugsXmlOutputDirectory default-value="${project.build.directory}">target/spotbugsreports</spotbugsXmlOutputDirectory>
  <spotbugsXmlOutputFilename default-value="spotbugsXml.xml">${spotbugs.outputXmlFilename}</spotbugsXmlOutputFilename>
  <systemPropertyVariables>${spotbugs.systemPropertyVariables}</systemPropertyVariables>
  <testClassFilesDirectory default-value="${project.build.testOutputDirectory}"/>
  <threshold default-value="Default">Low</threshold>
  <timeout default-value="600000">${spotbugs.timeout}</timeout>
  <trace default-value="false">${spotbugs.trace}</trace>
  <userPrefs>${spotbugs.userPrefs}</userPrefs>
  <visitors>${spotbugs.visitors}</visitors>
  <xmlOutput default-value="false">${spotbugs.xmlOutput}</xmlOutput>
  <xmlOutputDirectory default-value="${project.build.directory}"/>
  <xrefLocation default-value="${project.reporting.outputDirectory}/xref"/>
  <xrefTestLocation default-value="${project.reporting.outputDirectory}/xref-test"/>
</configuration>
[DEBUG] --- exit fork of com.puppycrawl.tools:checkstyle:13.1.0-SNAPSHOT for com.github.spotbugs:spotbugs-maven-plugin:4.9.8.2:check (default) ---
[DEBUG] -----------------------------------------------------------------------
[DEBUG] Goal:          com.github.spotbugs:spotbugs-maven-plugin:4.9.8.2:check (default)
[DEBUG] Style:         Regular
[DEBUG] Configuration: <?xml version="1.0" encoding="UTF-8"?>
<configuration>
  <classFilesDirectory default-value="${project.build.outputDirectory}"/>
  <debug default-value="false">${spotbugs.debug}</debug>
  <failOnError default-value="true">${spotbugs.failOnError}</failOnError>
  <failThreshold>${spotbugs.failThreshold}</failThreshold>
  <includeTests default-value="false">${spotbugs.includeTests}</includeTests>
  <maxAllowedViolations default-value="0">${spotbugs.maxAllowedViolations}</maxAllowedViolations>
  <quiet default-value="false">${spotbugs.quiet}</quiet>
  <skip default-value="false">${spotbugs.skip}</skip>
  <spotbugsXmlOutputDirectory default-value="${project.build.directory}">target/spotbugsreports</spotbugsXmlOutputDirectory>
  <spotbugsXmlOutputFilename default-value="spotbugsXml.xml">${spotbugs.outputXmlFilename}</spotbugsXmlOutputFilename>
  <testClassFilesDirectory default-value="${project.build.testOutputDirectory}"/>
</configuration>
[DEBUG] -----------------------------------------------------------------------
[DEBUG] Goal:          de.thetaphi:forbiddenapis:3.10:check (forbiddenapis-main)
[DEBUG] Style:         Regular
[DEBUG] Configuration: <?xml version="1.0" encoding="UTF-8"?>
<configuration>
  <bundledSignatures>
    <bundledSignature>jdk-unsafe</bundledSignature>
    <bundledSignature>jdk-deprecated</bundledSignature>
    <bundledSignature>jdk-system-out</bundledSignature>
    <bundledSignature>jdk-non-portable</bundledSignature>
  </bundledSignatures>
  <classesDirectory default-value="${project.build.outputDirectory}"/>
  <classpathElements default-value="${project.compileClasspathElements}"/>
  <disableClassloadingCache default-value="false"/>
  <excludes>
    <exclude>**/Main.class</exclude>
    <exclude>**/Main$CliOptions.class</exclude>
    <exclude>**/JavadocPropertiesGenerator.class</exclude>
    <exclude>**/JavadocCommentsParser.class</exclude>
    <exclude>**/RegexpCheck.class</exclude>
    <exclude>**/NoCodeInFileCheck.class</exclude>
    <exclude>**/AbstractJavadocCheck.class</exclude>
    <exclude>**/AtclauseOrderCheck.class</exclude>
    <exclude>**/JavadocBlockTagLocationCheck.class</exclude>
    <exclude>**/JavadocLeadingAsteriskAlignCheck.class</exclude>
    <exclude>**/JavadocMethodCheck.class</exclude>
    <exclude>**/JavadocMissingLeadingAsteriskCheck.class</exclude>
    <exclude>**/JavadocMissingWhitespaceAfterAsteriskCheck.class</exclude>
    <exclude>**/JavadocParagraphCheck.class</exclude>
    <exclude>**/JavadocStyleCheck.class</exclude>
    <exclude>**/JavadocTagContinuationIndentationCheck.class</exclude>
    <exclude>**/JavadocTypeCheck.class</exclude>
    <exclude>**/MissingDeprecatedCheck.class</exclude>
    <exclude>**/NonEmptyAtclauseDescriptionCheck.class</exclude>
    <exclude>**/RequireEmptyLineBeforeBlockTagGroupCheck.class</exclude>
    <exclude>**/SingleLineJavadocCheck.class</exclude>
    <exclude>**/SummaryJavadocCheck.class</exclude>
    <exclude>**/WriteTagCheck.class</exclude>
    <exclude>**/JavadocMetadataScraperUtil.class</exclude>
  </excludes>
  <failOnMissingClasses default-value="true"/>
  <failOnUnresolvableSignatures default-value="true"/>
  <failOnUnsupportedJava default-value="false">false</failOnUnsupportedJava>
  <failOnViolation default-value="true">${forbiddenapis.failOnViolation}</failOnViolation>
  <ignoreSignaturesOfMissingClasses default-value="false"/>
  <packaging default-value="${project.packaging}"/>
  <projectRepos default-value="${project.remoteProjectRepositories}"/>
  <releaseVersion default-value="${maven.compiler.release}"/>
  <repoSession default-value="${repositorySystemSession}"/>
  <signaturesFiles>
    <signaturesFile>/Users/yuktinandwana/checkstyle_Workspace/config/signatures.txt</signaturesFile>
  </signaturesFiles>
  <skip default-value="false">${forbiddenapis.skip}</skip>
  <targetVersion default-value="${maven.compiler.target}">21</targetVersion>
</configuration>
[DEBUG] -----------------------------------------------------------------------
[DEBUG] Goal:          de.thetaphi:forbiddenapis:3.10:testCheck (forbiddenapis-test)
[DEBUG] Style:         Regular
[DEBUG] Configuration: <?xml version="1.0" encoding="UTF-8"?>
<configuration>
  <bundledSignatures>
    <bundledSignature>jdk-unsafe</bundledSignature>
    <bundledSignature>jdk-deprecated</bundledSignature>
    <bundledSignature>jdk-system-out</bundledSignature>
    <bundledSignature>jdk-non-portable</bundledSignature>
  </bundledSignatures>
  <classesDirectory default-value="${project.build.testOutputDirectory}"/>
  <classpathElements default-value="${project.testClasspathElements}"/>
  <disableClassloadingCache default-value="false"/>
  <excludes>
    <exclude>**/Example*</exclude>
    <exclude>**/Input*</exclude>
    <exclude>**/MainTest.class</exclude>
    <exclude>**/XpathFileGeneratorAuditListenerTest.class</exclude>
    <exclude>**/AllChecksTest.class</exclude>
    <exclude>**/DefaultConfigurationTest.class</exclude>
    <exclude>**/MetadataGeneratorUtilTest.class</exclude>
    <exclude>**/UniquePropertiesCheckTest.class</exclude>
    <exclude>**/OrderedPropertiesCheckTest.class</exclude>
    <exclude>**/RegexpMultilineCheckTest.class</exclude>
    <exclude>**/RegexpCheckTest.class</exclude>
    <exclude>**/SuppressWithPlainTextCommentFilterTest.class</exclude>
    <exclude>**/NewlineAtEndOfFileCheckTest.class</exclude>
    <exclude>**/IndentationCheckTest.class</exclude>
    <exclude>**/NoCodeInFileCheckTest.class</exclude>
    <exclude>**/RegexpOnFilenameCheckTest.class</exclude>
    <exclude>**/OneStatementPerLineCheckTest.class</exclude>
    <exclude>**/AbstractModuleTestSupport.class</exclude>
    <exclude>**/EmptyLineSeparatorCheckTest.class</exclude>
    <exclude>**/HeaderCheckTest.class</exclude>
    <exclude>**/RegexpHeaderCheckTest.class</exclude>
    <exclude>**/MultiFileRegexpHeaderCheckTest.class</exclude>
  </excludes>
  <failOnMissingClasses default-value="true"/>
  <failOnUnresolvableSignatures default-value="true"/>
  <failOnUnsupportedJava default-value="false">false</failOnUnsupportedJava>
  <failOnViolation default-value="true">${forbiddenapis.failOnViolation}</failOnViolation>
  <ignoreSignaturesOfMissingClasses default-value="false"/>
  <packaging default-value="${project.packaging}"/>
  <projectRepos default-value="${project.remoteProjectRepositories}"/>
  <releaseVersion default-value="${maven.compiler.release}"/>
  <repoSession default-value="${repositorySystemSession}"/>
  <signaturesFiles>
    <signaturesFile>/Users/yuktinandwana/checkstyle_Workspace/config/signatures-test.txt</signaturesFile>
  </signaturesFiles>
  <skip default-value="false">${forbiddenapis.skip}</skip>
  <targetVersion default-value="${maven.compiler.target}">21</targetVersion>
  <testReleaseVersion default-value="${maven.compiler.testRelease}"/>
  <testTargetVersion default-value="${maven.compiler.testTarget}"/>
</configuration>
[DEBUG] -----------------------------------------------------------------------
[DEBUG] Goal:          com.groupon.maven.plugin.json:json-schema-validator:1.2.0:validate (default)
[DEBUG] Style:         Regular
[DEBUG] Configuration: <?xml version="1.0" encoding="UTF-8"?>
<configuration>
  <project default-value="${project}"/>
  <validations>
    <validation>
      <directory>/Users/yuktinandwana/checkstyle_Workspace/src/test/resources/com/puppycrawl/tools/checkstyle/sariflogger</directory>
      <jsonSchema>file:////Users/yuktinandwana/checkstyle_Workspace/config/sarif-schema-2.1.0.json</jsonSchema>
      <includes>
        <include>**/*.sarif</include>
      </includes>
    </validation>${validate.validations}</validations>
</configuration>
[DEBUG] =======================================================================
[DEBUG] Using mirror maven-default-http-blocker (http://0.0.0.0/) for apache.snapshots (http://repository.apache.org/snapshots).
[DEBUG] Using mirror maven-default-http-blocker (http://0.0.0.0/) for codehaus.snapshots (http://snapshots.repository.codehaus.org).
[DEBUG] Dependency collection stats {ConflictMarker.analyzeTime=217875, ConflictMarker.markTime=103125, ConflictMarker.nodeCount=157, ConflictIdSorter.graphTime=79416, ConflictIdSorter.topsortTime=24750, ConflictIdSorter.conflictIdCount=74, ConflictIdSorter.conflictIdCycleCount=0, ConflictResolver.totalTime=2164291, ConflictResolver.conflictItemCount=117, DfDependencyCollector.collectTime=141308833, DfDependencyCollector.transformTime=2640000}
[DEBUG] com.puppycrawl.tools:checkstyle:jar:13.1.0-SNAPSHOT
[DEBUG]    info.picocli:picocli:jar:4.7.7:compile
[DEBUG]    org.antlr:antlr4-runtime:jar:4.13.2:compile
[DEBUG]    commons-beanutils:commons-beanutils:jar:1.11.0:compile
[DEBUG]       commons-collections:commons-collections:jar:3.2.2:compile
[DEBUG]    com.google.guava:guava:jar:33.5.0-jre:compile
[DEBUG]       com.google.guava:failureaccess:jar:1.0.3:compile
[DEBUG]       com.google.guava:listenablefuture:jar:9999.0-empty-to-avoid-conflict-with-guava:compile
[DEBUG]       org.jspecify:jspecify:jar:1.0.0:compile
[DEBUG]       com.google.errorprone:error_prone_annotations:jar:2.41.0:compile
[DEBUG]       com.google.j2objc:j2objc-annotations:jar:3.1:compile
[DEBUG]    org.apache.ant:ant:jar:1.10.15:provided
[DEBUG]       org.apache.ant:ant-launcher:jar:1.10.15:provided
[DEBUG]    org.reflections:reflections:jar:0.10.2:compile
[DEBUG]       org.javassist:javassist:jar:3.28.0-GA:compile
[DEBUG]       com.google.code.findbugs:jsr305:jar:3.0.2:compile
[DEBUG]    org.junit.jupiter:junit-jupiter-api:jar:6.0.2:test
[DEBUG]       org.opentest4j:opentest4j:jar:1.3.0:test
[DEBUG]       org.junit.platform:junit-platform-commons:jar:6.0.2:test (version managed from 6.0.2)
[DEBUG]       org.apiguardian:apiguardian-api:jar:1.1.2:test
[DEBUG]    org.junit.jupiter:junit-jupiter-engine:jar:6.0.2:test
[DEBUG]       org.junit.platform:junit-platform-engine:jar:6.0.2:test (version managed from 6.0.2)
[DEBUG]    org.itsallcode:junit5-system-extensions:jar:1.2.2:test
[DEBUG]    org.junit-pioneer:junit-pioneer:jar:2.3.0:test
[DEBUG]       org.junit.jupiter:junit-jupiter-params:jar:6.0.2:test (version managed from 5.11.2)
[DEBUG]       org.junit.platform:junit-platform-launcher:jar:6.0.2:test (version managed from 1.11.2)
[DEBUG]    com.tngtech.archunit:archunit-junit5:jar:1.4.1:test
[DEBUG]       com.tngtech.archunit:archunit-junit5-api:jar:1.4.1:test
[DEBUG]          com.tngtech.archunit:archunit:jar:1.4.1:test
[DEBUG]       com.tngtech.archunit:archunit-junit5-engine:jar:1.4.1:test
[DEBUG]          com.tngtech.archunit:archunit-junit5-engine-api:jar:1.4.1:test
[DEBUG]    com.github.caciocavallosilano:cacio-tta:jar:1.18:test
[DEBUG]       com.github.caciocavallosilano:cacio-shared:jar:1.18:test
[DEBUG]       org.assertj:assertj-swing-junit:jar:3.17.1:test
[DEBUG]          org.assertj:assertj-swing:jar:3.17.1:test
[DEBUG]             org.assertj:assertj-core:jar:3.17.2:test
[DEBUG]             org.easytesting:fest-util:jar:1.2.5:test
[DEBUG]          org.easytesting:fest-reflect:jar:1.4.1:test
[DEBUG]       net.bytebuddy:byte-buddy:jar:1.14.11:test
[DEBUG]       net.bytebuddy:byte-buddy-agent:jar:1.14.11:test
[DEBUG]    com.google.truth:truth:jar:1.4.4:test
[DEBUG]       junit:junit:jar:4.13.2:test
[DEBUG]          org.hamcrest:hamcrest-core:jar:1.3:test
[DEBUG]       com.google.auto.value:auto-value-annotations:jar:1.11.0:test
[DEBUG]       org.ow2.asm:asm:jar:9.7:test
[DEBUG]    nl.jqno.equalsverifier:equalsverifier:jar:4.3:test
[DEBUG]       org.objenesis:objenesis:jar:3.4:test
[DEBUG]    org.mockito:mockito-inline:jar:5.2.0:test
[DEBUG]       org.mockito:mockito-core:jar:5.2.0:test
[DEBUG]    commons-io:commons-io:jar:2.21.0:test
[DEBUG]    org.eclipse.jgit:org.eclipse.jgit:jar:7.5.0.202512021534-r:test
[DEBUG]       com.googlecode.javaewah:JavaEWAH:jar:1.2.3:test
[DEBUG]       commons-codec:commons-codec:jar:1.20.0:test
[DEBUG]    org.slf4j:slf4j-api:jar:2.0.17:runtime
[DEBUG]    org.slf4j:slf4j-simple:jar:2.0.17:runtime
[DEBUG]    org.jacoco:org.jacoco.agent:jar:runtime:0.8.14:test
[DEBUG]    de.thetaphi:forbiddenapis:jar:3.10:test
[DEBUG]    net.sf.saxon:Saxon-HE:jar:12.9:compile
[DEBUG]       org.xmlresolver:xmlresolver:jar:5.3.3:compile
[DEBUG]       org.xmlresolver:xmlresolver:jar:data:5.3.3:compile
[DEBUG]    org.checkerframework:checker-qual:jar:3.53.0:provided
[DEBUG]    org.apache.maven.doxia:doxia-core:jar:1.12.0:compile
[DEBUG]       org.apache.maven.doxia:doxia-sink-api:jar:1.12.0:compile
[DEBUG]       org.apache.maven.doxia:doxia-logging-api:jar:1.12.0:compile
[DEBUG]       org.codehaus.plexus:plexus-utils:jar:3.3.0:compile
[DEBUG]       org.codehaus.plexus:plexus-container-default:jar:2.1.0:compile
[DEBUG]          org.codehaus.plexus:plexus-classworlds:jar:2.6.0:compile
[DEBUG]          org.apache.xbean:xbean-reflect:jar:3.7:compile
[DEBUG]       org.codehaus.plexus:plexus-component-annotations:jar:2.1.0:compile
[DEBUG]       org.apache.commons:commons-lang3:jar:3.8.1:compile
[DEBUG]       org.apache.commons:commons-text:jar:1.3:compile
[DEBUG]       org.apache.httpcomponents:httpclient:jar:4.5.13:compile
[DEBUG]          commons-logging:commons-logging:jar:1.2:compile
[DEBUG]       org.apache.httpcomponents:httpcore:jar:4.4.14:compile
[DEBUG]    org.apache.maven.doxia:doxia-module-xdoc:jar:1.12.0:compile
[INFO] 
[INFO] --- clean:3.5.0:clean (default-clean) @ checkstyle ---
[DEBUG] Dependency collection stats {ConflictMarker.analyzeTime=6708, ConflictMarker.markTime=18875, ConflictMarker.nodeCount=2, ConflictIdSorter.graphTime=2667, ConflictIdSorter.topsortTime=3708, ConflictIdSorter.conflictIdCount=2, ConflictIdSorter.conflictIdCycleCount=0, ConflictResolver.totalTime=28792, ConflictResolver.conflictItemCount=2, DfDependencyCollector.collectTime=2970542, DfDependencyCollector.transformTime=70000}
[DEBUG] org.apache.maven.plugins:maven-clean-plugin:jar:3.5.0
[DEBUG]    org.codehaus.plexus:plexus-utils:jar:4.0.2:compile
[DEBUG] Created new class realm plugin>org.apache.maven.plugins:maven-clean-plugin:3.5.0
[DEBUG] Importing foreign packages into class realm plugin>org.apache.maven.plugins:maven-clean-plugin:3.5.0
[DEBUG]   Imported:  < project>com.puppycrawl.tools:checkstyle:13.1.0-SNAPSHOT
[DEBUG] Populating class realm plugin>org.apache.maven.plugins:maven-clean-plugin:3.5.0
[DEBUG]   Included: org.apache.maven.plugins:maven-clean-plugin:jar:3.5.0
[DEBUG]   Included: org.codehaus.plexus:plexus-utils:jar:4.0.2
[DEBUG] Loading mojo org.apache.maven.plugins:maven-clean-plugin:3.5.0:clean from plugin realm ClassRealm[plugin>org.apache.maven.plugins:maven-clean-plugin:3.5.0, parent: jdk.internal.loader.ClassLoaders$AppClassLoader@c387f44]
[DEBUG] Configuring mojo execution 'org.apache.maven.plugins:maven-clean-plugin:3.5.0:clean:default-clean' with basic configurator -->
[DEBUG]   (f) directory = /Users/yuktinandwana/checkstyle_Workspace/target
[DEBUG]   (f) excludeDefaultDirectories = false
[DEBUG]   (f) failOnError = true
[DEBUG]   (f) fast = false
[DEBUG]   (f) fastMode = background
[DEBUG]   (f) followSymLinks = false
[DEBUG]   (f) force = false
[DEBUG]   (f) outputDirectory = /Users/yuktinandwana/checkstyle_Workspace/target/classes
[DEBUG]   (f) reportDirectory = /Users/yuktinandwana/checkstyle_Workspace/target/classes
[DEBUG]   (f) retryOnError = true
[DEBUG]   (f) session = org.apache.maven.execution.MavenSession@6ae62c7e
[DEBUG]   (f) skip = false
[DEBUG]   (f) testOutputDirectory = /Users/yuktinandwana/checkstyle_Workspace/target/test-classes
[DEBUG] -- end configuration --
[DEBUG] Skipping non-existing directory /Users/yuktinandwana/checkstyle_Workspace/target
[DEBUG] Skipping non-existing directory /Users/yuktinandwana/checkstyle_Workspace/target/classes
[DEBUG] Skipping non-existing directory /Users/yuktinandwana/checkstyle_Workspace/target/test-classes
[DEBUG] Skipping non-existing directory /Users/yuktinandwana/checkstyle_Workspace/target/classes
[INFO] 
[INFO] --- tidy:1.4.0:check (validate) @ checkstyle ---
[DEBUG] Dependency collection stats {ConflictMarker.analyzeTime=8375, ConflictMarker.markTime=8417, ConflictMarker.nodeCount=4, ConflictIdSorter.graphTime=3750, ConflictIdSorter.topsortTime=4375, ConflictIdSorter.conflictIdCount=4, ConflictIdSorter.conflictIdCycleCount=0, ConflictResolver.totalTime=40250, ConflictResolver.conflictItemCount=4, DfDependencyCollector.collectTime=4953000, DfDependencyCollector.transformTime=73625}
[DEBUG] org.codehaus.mojo:tidy-maven-plugin:jar:1.4.0
[DEBUG]    org.codehaus.plexus:plexus-utils:jar:4.0.2:compile
[DEBUG]    com.fasterxml.woodstox:woodstox-core:jar:7.1.0:compile
[DEBUG]       org.codehaus.woodstox:stax2-api:jar:4.2.2:compile
[DEBUG] Created new class realm plugin>org.codehaus.mojo:tidy-maven-plugin:1.4.0
[DEBUG] Importing foreign packages into class realm plugin>org.codehaus.mojo:tidy-maven-plugin:1.4.0
[DEBUG]   Imported:  < project>com.puppycrawl.tools:checkstyle:13.1.0-SNAPSHOT
[DEBUG] Populating class realm plugin>org.codehaus.mojo:tidy-maven-plugin:1.4.0
[DEBUG]   Included: org.codehaus.mojo:tidy-maven-plugin:jar:1.4.0
[DEBUG]   Included: org.codehaus.plexus:plexus-utils:jar:4.0.2
[DEBUG]   Included: com.fasterxml.woodstox:woodstox-core:jar:7.1.0
[DEBUG]   Included: org.codehaus.woodstox:stax2-api:jar:4.2.2
[DEBUG] Loading mojo org.codehaus.mojo:tidy-maven-plugin:1.4.0:check from plugin realm ClassRealm[plugin>org.codehaus.mojo:tidy-maven-plugin:1.4.0, parent: jdk.internal.loader.ClassLoaders$AppClassLoader@c387f44]
[DEBUG] Configuring mojo execution 'org.codehaus.mojo:tidy-maven-plugin:1.4.0:check:validate' with basic configurator -->
[DEBUG]   (f) pomFile = /Users/yuktinandwana/checkstyle_Workspace/pom.xml
[DEBUG]   (f) project = MavenProject: com.puppycrawl.tools:checkstyle:13.1.0-SNAPSHOT @ /Users/yuktinandwana/checkstyle_Workspace/pom.xml
[DEBUG]   (f) skip = false
[DEBUG] -- end configuration --
[INFO] 
[INFO] --- enforcer:3.6.2:enforce (enforce-maven) @ checkstyle ---
[DEBUG] Dependency collection stats {ConflictMarker.analyzeTime=16833, ConflictMarker.markTime=11125, ConflictMarker.nodeCount=14, ConflictIdSorter.graphTime=7916, ConflictIdSorter.topsortTime=5959, ConflictIdSorter.conflictIdCount=11, ConflictIdSorter.conflictIdCycleCount=0, ConflictResolver.totalTime=100875, ConflictResolver.conflictItemCount=14, DfDependencyCollector.collectTime=17971791, DfDependencyCollector.transformTime=152000}
[DEBUG] org.apache.maven.plugins:maven-enforcer-plugin:jar:3.6.2
[DEBUG]    org.codehaus.plexus:plexus-utils:jar:4.0.2:compile
[DEBUG]    org.codehaus.plexus:plexus-xml:jar:3.0.1:compile
[DEBUG]    org.apache.maven.enforcer:enforcer-api:jar:3.6.2:compile
[DEBUG]    org.apache.maven.enforcer:enforcer-rules:jar:3.6.2:compile
[DEBUG]       org.apache.maven.resolver:maven-resolver-util:jar:1.9.23:compile (version managed from default)
[DEBUG]          org.apache.maven.resolver:maven-resolver-api:jar:1.9.23:provided (scope managed from default) (version managed from default)
[DEBUG]       org.apache.commons:commons-lang3:jar:3.19.0:compile (version managed from default)
[DEBUG]       commons-codec:commons-codec:jar:1.19.0:compile (version managed from default)
[DEBUG]       commons-io:commons-io:jar:2.20.0:compile (version managed from default)
[DEBUG]       org.apache-extras.beanshell:bsh:jar:2.0b6:compile
[DEBUG] Created new class realm plugin>org.apache.maven.plugins:maven-enforcer-plugin:3.6.2
[DEBUG] Importing foreign packages into class realm plugin>org.apache.maven.plugins:maven-enforcer-plugin:3.6.2
[DEBUG]   Imported:  < project>com.puppycrawl.tools:checkstyle:13.1.0-SNAPSHOT
[DEBUG] Populating class realm plugin>org.apache.maven.plugins:maven-enforcer-plugin:3.6.2
[DEBUG]   Included: org.apache.maven.plugins:maven-enforcer-plugin:jar:3.6.2
[DEBUG]   Included: org.codehaus.plexus:plexus-utils:jar:4.0.2
[DEBUG]   Included: org.codehaus.plexus:plexus-xml:jar:3.0.1
[DEBUG]   Included: org.apache.maven.enforcer:enforcer-api:jar:3.6.2
[DEBUG]   Included: org.apache.maven.enforcer:enforcer-rules:jar:3.6.2
[DEBUG]   Included: org.apache.commons:commons-lang3:jar:3.19.0
[DEBUG]   Included: commons-codec:commons-codec:jar:1.19.0
[DEBUG]   Included: commons-io:commons-io:jar:2.20.0
[DEBUG]   Included: org.apache-extras.beanshell:bsh:jar:2.0b6
[DEBUG] Loading mojo org.apache.maven.plugins:maven-enforcer-plugin:3.6.2:enforce from plugin realm ClassRealm[plugin>org.apache.maven.plugins:maven-enforcer-plugin:3.6.2, parent: jdk.internal.loader.ClassLoaders$AppClassLoader@c387f44]
[DEBUG] Configuring mojo execution 'org.apache.maven.plugins:maven-enforcer-plugin:3.6.2:enforce:enforce-maven' with basic configurator -->
[DEBUG]   (s) commandLineRules = []
[DEBUG]   (s) fail = true
[DEBUG]   (s) failFast = false
[DEBUG]   (s) failIfNoRules = true
[DEBUG]   (f) ignoreCache = false
[DEBUG]   (f) mojoExecution = org.apache.maven.plugins:maven-enforcer-plugin:3.6.2:enforce {execution: enforce-maven}
[DEBUG]   (f) project = MavenProject: com.puppycrawl.tools:checkstyle:13.1.0-SNAPSHOT @ /Users/yuktinandwana/checkstyle_Workspace/pom.xml
[DEBUG]   (f) rules = <rules><requireMavenVersion><version>(,2.1.0),(2.1.0,2.2.0),(2.2.0,)</version>
<message>Maven 2.1.0 and 2.2.0 produce incorrect GPG signatures and checksums respectively.</message>
</requireMavenVersion>
</rules>

[DEBUG]   (s) rulesToExecute = []
[DEBUG]   (s) rulesToSkip = []
[DEBUG]   (f) session = org.apache.maven.execution.MavenSession@6ae62c7e
[DEBUG]   (f) skip = false
[DEBUG] -- end configuration --
[DEBUG] Executing Rule 0: EnforcerRuleDesc[name=requireMavenVersion, rule=RequireMavenVersion[message=Maven 2.1.0 and 2.2.0 produce incorrect GPG signatures and checksums respectively., version=(,2.1.0),(2.1.0,2.2.0),(2.2.0,)], level=ERROR]
[DEBUG] Check cache for class org.apache.maven.enforcer.rules.version.RequireMavenVersion with id 491827297
[DEBUG] Add cache class org.apache.maven.enforcer.rules.version.RequireMavenVersion with id 491827297
[DEBUG] Detected Maven Version: 3.9.12
[DEBUG] Detected Maven Version: 3.9.12 is allowed in the range (,2.1.0),(2.1.0,2.2.0),(2.2.0,).
[INFO] Rule 0: org.apache.maven.enforcer.rules.version.RequireMavenVersion passed
[DEBUG] Finish Rule 0: org.apache.maven.enforcer.rules.version.RequireMavenVersion takes 0 ms
[INFO] 
[INFO] --- enforcer:3.6.2:enforce (enforce-versions) @ checkstyle ---
[DEBUG] Loading mojo org.apache.maven.plugins:maven-enforcer-plugin:3.6.2:enforce from plugin realm ClassRealm[plugin>org.apache.maven.plugins:maven-enforcer-plugin:3.6.2, parent: jdk.internal.loader.ClassLoaders$AppClassLoader@c387f44]
[DEBUG] Configuring mojo execution 'org.apache.maven.plugins:maven-enforcer-plugin:3.6.2:enforce:enforce-versions' with basic configurator -->
[DEBUG]   (s) commandLineRules = []
[DEBUG]   (s) fail = true
[DEBUG]   (s) failFast = false
[DEBUG]   (s) failIfNoRules = true
[DEBUG]   (f) ignoreCache = false
[DEBUG]   (f) mojoExecution = org.apache.maven.plugins:maven-enforcer-plugin:3.6.2:enforce {execution: enforce-versions}
[DEBUG]   (f) project = MavenProject: com.puppycrawl.tools:checkstyle:13.1.0-SNAPSHOT @ /Users/yuktinandwana/checkstyle_Workspace/pom.xml
[DEBUG]   (f) rules = <rules><requireJavaVersion><version>21</version>
</requireJavaVersion>
<requireMavenVersion><version>3.6.3</version>
</requireMavenVersion>
<dependencyConvergence><excludes><exclude>org.apache.maven.doxia:doxia-core</exclude>
<exclude>org.apache.commons*</exclude>
<exclude>org.apache.httpcomponents*</exclude>
<exclude>org.codehaus.plexus*</exclude>
<exclude>org.slf4j*</exclude>
</excludes>
</dependencyConvergence>
</rules>

[DEBUG]   (s) rulesToExecute = []
[DEBUG]   (s) rulesToSkip = []
[DEBUG]   (f) session = org.apache.maven.execution.MavenSession@6ae62c7e
[DEBUG]   (f) skip = false
[DEBUG] -- end configuration --
[DEBUG] Executing Rule 0: EnforcerRuleDesc[name=requireJavaVersion, rule=RequireJavaVersion[message=null, version=21, display=false], level=ERROR]
[DEBUG] Check cache for class org.apache.maven.enforcer.rules.version.RequireJavaVersion with id 1599
[DEBUG] Add cache class org.apache.maven.enforcer.rules.version.RequireJavaVersion with id 1599
[DEBUG] Detected Java Version: '21.0.9'
[DEBUG] Normalized Java Version: '21.0.9'
[DEBUG] Parsed Version: Major: 21 Minor: 0 Incremental: 9 Build: 0 Qualifier: null
[DEBUG] Detected JDK Version: 21.0.9 is allowed in the range [21,).
[INFO] Rule 0: org.apache.maven.enforcer.rules.version.RequireJavaVersion passed
[DEBUG] Finish Rule 0: org.apache.maven.enforcer.rules.version.RequireJavaVersion takes 8 ms
[DEBUG] Executing Rule 1: EnforcerRuleDesc[name=requireMavenVersion, rule=RequireMavenVersion[message=null, version=3.6.3], level=ERROR]
[DEBUG] Check cache for class org.apache.maven.enforcer.rules.version.RequireMavenVersion with id 48523328
[DEBUG] Add cache class org.apache.maven.enforcer.rules.version.RequireMavenVersion with id 48523328
[DEBUG] Detected Maven Version: 3.9.12
[DEBUG] Detected Maven Version: 3.9.12 is allowed in the range [3.6.3,).
[INFO] Rule 1: org.apache.maven.enforcer.rules.version.RequireMavenVersion passed
[DEBUG] Finish Rule 1: org.apache.maven.enforcer.rules.version.RequireMavenVersion takes 1 ms
[DEBUG] Executing Rule 2: EnforcerRuleDesc[name=dependencyConvergence, rule=DependencyConvergence[includes=null, excludes=[org.apache.maven.doxia:doxia-core, org.apache.commons*, org.apache.httpcomponents*, org.codehaus.plexus*, org.slf4j*], uniqueVersions=false], level=ERROR]
[DEBUG] Dependency collection stats {ConflictMarker.analyzeTime=43500, ConflictMarker.markTime=23042, ConflictMarker.nodeCount=62, ConflictIdSorter.graphTime=30750, ConflictIdSorter.topsortTime=12042, ConflictIdSorter.conflictIdCount=33, ConflictIdSorter.conflictIdCycleCount=0, ConflictResolver.totalTime=661792, ConflictResolver.conflictItemCount=43, DfDependencyCollector.collectTime=1123625, DfDependencyCollector.transformTime=783583}
[INFO] Rule 2: org.apache.maven.enforcer.rules.dependency.DependencyConvergence passed
[DEBUG] Finish Rule 2: org.apache.maven.enforcer.rules.dependency.DependencyConvergence takes 15 ms
[INFO] 
[INFO] --- xml:1.2.0:check-format (default) @ checkstyle ---
[DEBUG] Using mirror maven-default-http-blocker (http://0.0.0.0/) for apache.snapshots (http://people.apache.org/repo/m2-snapshot-repository).
[DEBUG] Dependency collection stats {ConflictMarker.analyzeTime=20625, ConflictMarker.markTime=16250, ConflictMarker.nodeCount=12, ConflictIdSorter.graphTime=45584, ConflictIdSorter.topsortTime=11416, ConflictIdSorter.conflictIdCount=9, ConflictIdSorter.conflictIdCycleCount=0, ConflictResolver.totalTime=262584, ConflictResolver.conflictItemCount=12, DfDependencyCollector.collectTime=13796500, DfDependencyCollector.transformTime=374791}
[DEBUG] org.codehaus.mojo:xml-maven-plugin:jar:1.2.0
[DEBUG]    org.codehaus.plexus:plexus-utils:jar:4.0.2:compile
[DEBUG]    org.codehaus.plexus:plexus-resources:jar:1.3.1:compile
[DEBUG]       org.codehaus.plexus:plexus-xml:jar:3.0.1:compile
[DEBUG]       javax.inject:javax.inject:jar:1:compile
[DEBUG]       org.slf4j:slf4j-api:jar:1.7.36:compile
[DEBUG]    xml-resolver:xml-resolver:jar:1.2:compile
[DEBUG]    org.codehaus.plexus:plexus-io:jar:3.5.2:compile
[DEBUG]       commons-io:commons-io:jar:2.20.0:compile (version managed from default)
[DEBUG] Created new class realm plugin>org.codehaus.mojo:xml-maven-plugin:1.2.0
[DEBUG] Importing foreign packages into class realm plugin>org.codehaus.mojo:xml-maven-plugin:1.2.0
[DEBUG]   Imported:  < project>com.puppycrawl.tools:checkstyle:13.1.0-SNAPSHOT
[DEBUG] Populating class realm plugin>org.codehaus.mojo:xml-maven-plugin:1.2.0
[DEBUG]   Included: org.codehaus.mojo:xml-maven-plugin:jar:1.2.0
[DEBUG]   Included: org.codehaus.plexus:plexus-utils:jar:4.0.2
[DEBUG]   Included: org.codehaus.plexus:plexus-resources:jar:1.3.1
[DEBUG]   Included: org.codehaus.plexus:plexus-xml:jar:3.0.1
[DEBUG]   Included: xml-resolver:xml-resolver:jar:1.2
[DEBUG]   Included: org.codehaus.plexus:plexus-io:jar:3.5.2
[DEBUG]   Included: commons-io:commons-io:jar:2.20.0
[DEBUG] Loading mojo org.codehaus.mojo:xml-maven-plugin:1.2.0:check-format from plugin realm ClassRealm[plugin>org.codehaus.mojo:xml-maven-plugin:1.2.0, parent: jdk.internal.loader.ClassLoaders$AppClassLoader@c387f44]
[DEBUG] Configuring mojo execution 'org.codehaus.mojo:xml-maven-plugin:1.2.0:check-format:default' with basic configurator -->
[DEBUG]   (f) basedir = /Users/yuktinandwana/checkstyle_Workspace
[DEBUG]   (f) catalogHandling = strict
[DEBUG]   (f) catalogs = [config/catalog.xml]
[DEBUG]   (f) encoding = UTF-8
[DEBUG]   (f) failOnFormatViolation = true
[DEBUG]   (s) directory = .
[DEBUG]   (s) includes = [**/*.xml, **/*.xsd, **/*.xml.vm]
[DEBUG]   (s) excludes = [.git/**, src/site/xdoc/**, target/**, .ci-temp/**, src/test/resources/**, src/xdocs-examples/resources/**, src/site/xdoc/releasenotes.xml, src/site/xdoc/releasenotes_old*.xml, src/main/resources/com/puppycrawl/tools/checkstyle/meta/**]
[DEBUG]   (f) formatFileSets = [FileSet {directory: ., PatternSet [includes: {**/*.xml, **/*.xsd, **/*.xml.vm}, excludes: {.git/**, src/site/xdoc/**, target/**, .ci-temp/**, src/test/resources/**, src/xdocs-examples/resources/**, src/site/xdoc/releasenotes.xml, src/site/xdoc/releasenotes_old*.xml, src/main/resources/com/puppycrawl/tools/checkstyle/meta/**}]}]
[DEBUG]   (s) indentSize = 2
[DEBUG]   (f) pluginDependencies = [org.codehaus.mojo:xml-maven-plugin:maven-plugin:1.2.0:, org.codehaus.plexus:plexus-utils:jar:4.0.2:compile, org.codehaus.plexus:plexus-resources:jar:1.3.1:compile, org.codehaus.plexus:plexus-xml:jar:3.0.1:compile, javax.inject:javax.inject:jar:1:compile, org.slf4j:slf4j-api:jar:1.7.36:compile, xml-resolver:xml-resolver:jar:1.2:compile, org.codehaus.plexus:plexus-io:jar:3.5.2:compile, commons-io:commons-io:jar:2.20.0:compile]
[DEBUG]   (f) project = MavenProject: com.puppycrawl.tools:checkstyle:13.1.0-SNAPSHOT @ /Users/yuktinandwana/checkstyle_Workspace/pom.xml
[DEBUG]   (f) settings = org.apache.maven.execution.SettingsAdapter@6baf25d7
[DEBUG]   (f) skip = false
[DEBUG]   (f) useDefaultFormatFileSet = false
[DEBUG] -- end configuration --
[DEBUG] No XML formatting violations found in file /Users/yuktinandwana/checkstyle_Workspace/./sevntu.checkstyle/sevntu-checks/config/pmd-main.xml
[DEBUG] No XML formatting violations found in file /Users/yuktinandwana/checkstyle_Workspace/./sevntu.checkstyle/sevntu-checks/config/import-control.xml
[ERROR] /Users/yuktinandwana/checkstyle_Workspace/./sevntu.checkstyle/sevntu-checks/config/ant-phase-verify-sevntu.xml:6,14: Delete 2 spaces. Expected 6 found 8 spaces before start element <not>
[ERROR] /Users/yuktinandwana/checkstyle_Workspace/./sevntu.checkstyle/sevntu-checks/config/ant-phase-verify-sevntu.xml:7,52: Delete 4 spaces. Expected 8 found 12 spaces before start element <isset>
[ERROR] /Users/yuktinandwana/checkstyle_Workspace/./sevntu.checkstyle/sevntu-checks/config/ant-phase-verify-sevntu.xml:8,15: Delete 2 spaces. Expected 6 found 8 spaces before end element </not>
[ERROR] /Users/yuktinandwana/checkstyle_Workspace/./sevntu.checkstyle/sevntu-checks/config/ant-phase-verify-sevntu.xml:9,50: Delete 2 spaces. Expected 6 found 8 spaces before start element <isfalse>
[ERROR] /Users/yuktinandwana/checkstyle_Workspace/./sevntu.checkstyle/sevntu-checks/config/ant-phase-verify-sevntu.xml:10,11: Delete 1 spaces. Expected 4 found 5 spaces before end element </or>
[ERROR] /Users/yuktinandwana/checkstyle_Workspace/./sevntu.checkstyle/sevntu-checks/config/checkstyle-formatter-for-eclipse.xml:3,83: Insert 2 spaces. Expected 2 found 0 spaces before start element <profile>
[ERROR] /Users/yuktinandwana/checkstyle_Workspace/./sevntu.checkstyle/sevntu-checks/config/checkstyle-formatter-for-eclipse.xml:4,103: Insert 4 spaces. Expected 4 found 0 spaces before start element <setting>
[ERROR] /Users/yuktinandwana/checkstyle_Workspace/./sevntu.checkstyle/sevntu-checks/config/checkstyle-formatter-for-eclipse.xml:5,84: Insert 4 spaces. Expected 4 found 0 spaces before start element <setting>
[ERROR] /Users/yuktinandwana/checkstyle_Workspace/./sevntu.checkstyle/sevntu-checks/config/checkstyle-formatter-for-eclipse.xml:6,101: Insert 4 spaces. Expected 4 found 0 spaces before start element <setting>
[ERROR] /Users/yuktinandwana/checkstyle_Workspace/./sevntu.checkstyle/sevntu-checks/config/checkstyle-formatter-for-eclipse.xml:7,114: Insert 4 spaces. Expected 4 found 0 spaces before start element <setting>
[ERROR] /Users/yuktinandwana/checkstyle_Workspace/./sevntu.checkstyle/sevntu-checks/config/checkstyle-formatter-for-eclipse.xml:8,116: Insert 4 spaces. Expected 4 found 0 spaces before start element <setting>
[ERROR] /Users/yuktinandwana/checkstyle_Workspace/./sevntu.checkstyle/sevntu-checks/config/checkstyle-formatter-for-eclipse.xml:9,105: Insert 4 spaces. Expected 4 found 0 spaces before start element <setting>
[ERROR] /Users/yuktinandwana/checkstyle_Workspace/./sevntu.checkstyle/sevntu-checks/config/checkstyle-formatter-for-eclipse.xml:10,113: Insert 4 spaces. Expected 4 found 0 spaces before start element <setting>
[ERROR] /Users/yuktinandwana/checkstyle_Workspace/./sevntu.checkstyle/sevntu-checks/config/checkstyle-formatter-for-eclipse.xml:11,103: Insert 4 spaces. Expected 4 found 0 spaces before start element <setting>
[ERROR] /Users/yuktinandwana/checkstyle_Workspace/./sevntu.checkstyle/sevntu-checks/config/checkstyle-formatter-for-eclipse.xml:12,116: Insert 4 spaces. Expected 4 found 0 spaces before start element <setting>
[ERROR] /Users/yuktinandwana/checkstyle_Workspace/./sevntu.checkstyle/sevntu-checks/config/checkstyle-formatter-for-eclipse.xml:13,98: Insert 4 spaces. Expected 4 found 0 spaces before start element <setting>
[ERROR] /Users/yuktinandwana/checkstyle_Workspace/./sevntu.checkstyle/sevntu-checks/config/checkstyle-formatter-for-eclipse.xml:14,110: Insert 4 spaces. Expected 4 found 0 spaces before start element <setting>
[ERROR] /Users/yuktinandwana/checkstyle_Workspace/./sevntu.checkstyle/sevntu-checks/config/checkstyle-formatter-for-eclipse.xml:15,120: Insert 4 spaces. Expected 4 found 0 spaces before start element <setting>
[ERROR] /Users/yuktinandwana/checkstyle_Workspace/./sevntu.checkstyle/sevntu-checks/config/checkstyle-formatter-for-eclipse.xml:16,116: Insert 4 spaces. Expected 4 found 0 spaces before start element <setting>
[ERROR] /Users/yuktinandwana/checkstyle_Workspace/./sevntu.checkstyle/sevntu-checks/config/checkstyle-formatter-for-eclipse.xml:17,82: Insert 4 spaces. Expected 4 found 0 spaces before start element <setting>
[ERROR] /Users/yuktinandwana/checkstyle_Workspace/./sevntu.checkstyle/sevntu-checks/config/checkstyle-formatter-for-eclipse.xml:18,111: Insert 4 spaces. Expected 4 found 0 spaces before start element <setting>
[ERROR] /Users/yuktinandwana/checkstyle_Workspace/./sevntu.checkstyle/sevntu-checks/config/checkstyle-formatter-for-eclipse.xml:19,77: Insert 4 spaces. Expected 4 found 0 spaces before start element <setting>
[ERROR] /Users/yuktinandwana/checkstyle_Workspace/./sevntu.checkstyle/sevntu-checks/config/checkstyle-formatter-for-eclipse.xml:20,141: Insert 4 spaces. Expected 4 found 0 spaces before start element <setting>
[ERROR] /Users/yuktinandwana/checkstyle_Workspace/./sevntu.checkstyle/sevntu-checks/config/checkstyle-formatter-for-eclipse.xml:21,106: Insert 4 spaces. Expected 4 found 0 spaces before start element <setting>
[ERROR] /Users/yuktinandwana/checkstyle_Workspace/./sevntu.checkstyle/sevntu-checks/config/checkstyle-formatter-for-eclipse.xml:22,104: Insert 4 spaces. Expected 4 found 0 spaces before start element <setting>
[ERROR] /Users/yuktinandwana/checkstyle_Workspace/./sevntu.checkstyle/sevntu-checks/config/checkstyle-formatter-for-eclipse.xml:23,94: Insert 4 spaces. Expected 4 found 0 spaces before start element <setting>
[ERROR] /Users/yuktinandwana/checkstyle_Workspace/./sevntu.checkstyle/sevntu-checks/config/checkstyle-formatter-for-eclipse.xml:24,90: Insert 4 spaces. Expected 4 found 0 spaces before start element <setting>
[ERROR] /Users/yuktinandwana/checkstyle_Workspace/./sevntu.checkstyle/sevntu-checks/config/checkstyle-formatter-for-eclipse.xml:25,100: Insert 4 spaces. Expected 4 found 0 spaces before start element <setting>
[ERROR] /Users/yuktinandwana/checkstyle_Workspace/./sevntu.checkstyle/sevntu-checks/config/checkstyle-formatter-for-eclipse.xml:26,127: Insert 4 spaces. Expected 4 found 0 spaces before start element <setting>
[ERROR] /Users/yuktinandwana/checkstyle_Workspace/./sevntu.checkstyle/sevntu-checks/config/checkstyle-formatter-for-eclipse.xml:27,91: Insert 4 spaces. Expected 4 found 0 spaces before start element <setting>
[ERROR] /Users/yuktinandwana/checkstyle_Workspace/./sevntu.checkstyle/sevntu-checks/config/checkstyle-formatter-for-eclipse.xml:28,105: Insert 4 spaces. Expected 4 found 0 spaces before start element <setting>
[ERROR] /Users/yuktinandwana/checkstyle_Workspace/./sevntu.checkstyle/sevntu-checks/config/checkstyle-formatter-for-eclipse.xml:29,88: Insert 4 spaces. Expected 4 found 0 spaces before start element <setting>
[ERROR] /Users/yuktinandwana/checkstyle_Workspace/./sevntu.checkstyle/sevntu-checks/config/checkstyle-formatter-for-eclipse.xml:30,105: Insert 4 spaces. Expected 4 found 0 spaces before start element <setting>
[ERROR] /Users/yuktinandwana/checkstyle_Workspace/./sevntu.checkstyle/sevntu-checks/config/checkstyle-formatter-for-eclipse.xml:31,95: Insert 4 spaces. Expected 4 found 0 spaces before start element <setting>
[ERROR] /Users/yuktinandwana/checkstyle_Workspace/./sevntu.checkstyle/sevntu-checks/config/checkstyle-formatter-for-eclipse.xml:32,103: Insert 4 spaces. Expected 4 found 0 spaces before start element <setting>
[ERROR] /Users/yuktinandwana/checkstyle_Workspace/./sevntu.checkstyle/sevntu-checks/config/checkstyle-formatter-for-eclipse.xml:33,97: Insert 4 spaces. Expected 4 found 0 spaces before start element <setting>
[ERROR] /Users/yuktinandwana/checkstyle_Workspace/./sevntu.checkstyle/sevntu-checks/config/checkstyle-formatter-for-eclipse.xml:34,110: Insert 4 spaces. Expected 4 found 0 spaces before start element <setting>
[ERROR] /Users/yuktinandwana/checkstyle_Workspace/./sevntu.checkstyle/sevntu-checks/config/checkstyle-formatter-for-eclipse.xml:35,104: Insert 4 spaces. Expected 4 found 0 spaces before start element <setting>
[ERROR] /Users/yuktinandwana/checkstyle_Workspace/./sevntu.checkstyle/sevntu-checks/config/checkstyle-formatter-for-eclipse.xml:36,120: Insert 4 spaces. Expected 4 found 0 spaces before start element <setting>
[ERROR] /Users/yuktinandwana/checkstyle_Workspace/./sevntu.checkstyle/sevntu-checks/config/checkstyle-formatter-for-eclipse.xml:37,110: Insert 4 spaces. Expected 4 found 0 spaces before start element <setting>
[ERROR] /Users/yuktinandwana/checkstyle_Workspace/./sevntu.checkstyle/sevntu-checks/config/checkstyle-formatter-for-eclipse.xml:38,113: Insert 4 spaces. Expected 4 found 0 spaces before start element <setting>
[ERROR] /Users/yuktinandwana/checkstyle_Workspace/./sevntu.checkstyle/sevntu-checks/config/checkstyle-formatter-for-eclipse.xml:39,108: Insert 4 spaces. Expected 4 found 0 spaces before start element <setting>
[ERROR] /Users/yuktinandwana/checkstyle_Workspace/./sevntu.checkstyle/sevntu-checks/config/checkstyle-formatter-for-eclipse.xml:40,105: Insert 4 spaces. Expected 4 found 0 spaces before start element <setting>
[ERROR] /Users/yuktinandwana/checkstyle_Workspace/./sevntu.checkstyle/sevntu-checks/config/checkstyle-formatter-for-eclipse.xml:41,83: Insert 4 spaces. Expected 4 found 0 spaces before start element <setting>
[ERROR] /Users/yuktinandwana/checkstyle_Workspace/./sevntu.checkstyle/sevntu-checks/config/checkstyle-formatter-for-eclipse.xml:42,106: Insert 4 spaces. Expected 4 found 0 spaces before start element <setting>
[ERROR] /Users/yuktinandwana/checkstyle_Workspace/./sevntu.checkstyle/sevntu-checks/config/checkstyle-formatter-for-eclipse.xml:43,82: Insert 4 spaces. Expected 4 found 0 spaces before start element <setting>
[ERROR] /Users/yuktinandwana/checkstyle_Workspace/./sevntu.checkstyle/sevntu-checks/config/checkstyle-formatter-for-eclipse.xml:44,105: Insert 4 spaces. Expected 4 found 0 spaces before start element <setting>
[ERROR] /Users/yuktinandwana/checkstyle_Workspace/./sevntu.checkstyle/sevntu-checks/config/checkstyle-formatter-for-eclipse.xml:45,103: Insert 4 spaces. Expected 4 found 0 spaces before start element <setting>
[ERROR] /Users/yuktinandwana/checkstyle_Workspace/./sevntu.checkstyle/sevntu-checks/config/checkstyle-formatter-for-eclipse.xml:46,129: Insert 4 spaces. Expected 4 found 0 spaces before start element <setting>
[ERROR] /Users/yuktinandwana/checkstyle_Workspace/./sevntu.checkstyle/sevntu-checks/config/checkstyle-formatter-for-eclipse.xml:47,114: Insert 4 spaces. Expected 4 found 0 spaces before start element <setting>
[ERROR] /Users/yuktinandwana/checkstyle_Workspace/./sevntu.checkstyle/sevntu-checks/config/checkstyle-formatter-for-eclipse.xml:48,86: Insert 4 spaces. Expected 4 found 0 spaces before start element <setting>
[ERROR] /Users/yuktinandwana/checkstyle_Workspace/./sevntu.checkstyle/sevntu-checks/config/checkstyle-formatter-for-eclipse.xml:49,98: Insert 4 spaces. Expected 4 found 0 spaces before start element <setting>
[ERROR] /Users/yuktinandwana/checkstyle_Workspace/./sevntu.checkstyle/sevntu-checks/config/checkstyle-formatter-for-eclipse.xml:50,84: Insert 4 spaces. Expected 4 found 0 spaces before start element <setting>
[ERROR] /Users/yuktinandwana/checkstyle_Workspace/./sevntu.checkstyle/sevntu-checks/config/checkstyle-formatter-for-eclipse.xml:51,65: Insert 4 spaces. Expected 4 found 0 spaces before start element <setting>
[ERROR] /Users/yuktinandwana/checkstyle_Workspace/./sevntu.checkstyle/sevntu-checks/config/checkstyle-formatter-for-eclipse.xml:52,114: Insert 4 spaces. Expected 4 found 0 spaces before start element <setting>
[ERROR] /Users/yuktinandwana/checkstyle_Workspace/./sevntu.checkstyle/sevntu-checks/config/checkstyle-formatter-for-eclipse.xml:53,129: Insert 4 spaces. Expected 4 found 0 spaces before start element <setting>
[ERROR] /Users/yuktinandwana/checkstyle_Workspace/./sevntu.checkstyle/sevntu-checks/config/checkstyle-formatter-for-eclipse.xml:54,89: Insert 4 spaces. Expected 4 found 0 spaces before start element <setting>
[ERROR] /Users/yuktinandwana/checkstyle_Workspace/./sevntu.checkstyle/sevntu-checks/config/checkstyle-formatter-for-eclipse.xml:55,121: Insert 4 spaces. Expected 4 found 0 spaces before start element <setting>
[ERROR] /Users/yuktinandwana/checkstyle_Workspace/./sevntu.checkstyle/sevntu-checks/config/checkstyle-formatter-for-eclipse.xml:56,108: Insert 4 spaces. Expected 4 found 0 spaces before start element <setting>
[ERROR] /Users/yuktinandwana/checkstyle_Workspace/./sevntu.checkstyle/sevntu-checks/config/checkstyle-formatter-for-eclipse.xml:57,79: Insert 4 spaces. Expected 4 found 0 spaces before start element <setting>
[ERROR] /Users/yuktinandwana/checkstyle_Workspace/./sevntu.checkstyle/sevntu-checks/config/checkstyle-formatter-for-eclipse.xml:58,105: Insert 4 spaces. Expected 4 found 0 spaces before start element <setting>
[ERROR] /Users/yuktinandwana/checkstyle_Workspace/./sevntu.checkstyle/sevntu-checks/config/checkstyle-formatter-for-eclipse.xml:59,111: Insert 4 spaces. Expected 4 found 0 spaces before start element <setting>
[ERROR] /Users/yuktinandwana/checkstyle_Workspace/./sevntu.checkstyle/sevntu-checks/config/checkstyle-formatter-for-eclipse.xml:60,126: Insert 4 spaces. Expected 4 found 0 spaces before start element <setting>
[ERROR] /Users/yuktinandwana/checkstyle_Workspace/./sevntu.checkstyle/sevntu-checks/config/checkstyle-formatter-for-eclipse.xml:61,88: Insert 4 spaces. Expected 4 found 0 spaces before start element <setting>
[ERROR] /Users/yuktinandwana/checkstyle_Workspace/./sevntu.checkstyle/sevntu-checks/config/checkstyle-formatter-for-eclipse.xml:62,91: Insert 4 spaces. Expected 4 found 0 spaces before start element <setting>
[ERROR] /Users/yuktinandwana/checkstyle_Workspace/./sevntu.checkstyle/sevntu-checks/config/checkstyle-formatter-for-eclipse.xml:63,119: Insert 4 spaces. Expected 4 found 0 spaces before start element <setting>
[ERROR] /Users/yuktinandwana/checkstyle_Workspace/./sevntu.checkstyle/sevntu-checks/config/checkstyle-formatter-for-eclipse.xml:64,109: Insert 4 spaces. Expected 4 found 0 spaces before start element <setting>
[ERROR] /Users/yuktinandwana/checkstyle_Workspace/./sevntu.checkstyle/sevntu-checks/config/checkstyle-formatter-for-eclipse.xml:65,118: Insert 4 spaces. Expected 4 found 0 spaces before start element <setting>
[ERROR] /Users/yuktinandwana/checkstyle_Workspace/./sevntu.checkstyle/sevntu-checks/config/checkstyle-formatter-for-eclipse.xml:66,102: Insert 4 spaces. Expected 4 found 0 spaces before start element <setting>
[ERROR] /Users/yuktinandwana/checkstyle_Workspace/./sevntu.checkstyle/sevntu-checks/config/checkstyle-formatter-for-eclipse.xml:67,112: Insert 4 spaces. Expected 4 found 0 spaces before start element <setting>
[ERROR] /Users/yuktinandwana/checkstyle_Workspace/./sevntu.checkstyle/sevntu-checks/config/checkstyle-formatter-for-eclipse.xml:68,103: Insert 4 spaces. Expected 4 found 0 spaces before start element <setting>
[ERROR] /Users/yuktinandwana/checkstyle_Workspace/./sevntu.checkstyle/sevntu-checks/config/checkstyle-formatter-for-eclipse.xml:69,95: Insert 4 spaces. Expected 4 found 0 spaces before start element <setting>
[ERROR] /Users/yuktinandwana/checkstyle_Workspace/./sevntu.checkstyle/sevntu-checks/config/checkstyle-formatter-for-eclipse.xml:70,98: Insert 4 spaces. Expected 4 found 0 spaces before start element <setting>
[ERROR] /Users/yuktinandwana/checkstyle_Workspace/./sevntu.checkstyle/sevntu-checks/config/checkstyle-formatter-for-eclipse.xml:71,125: Insert 4 spaces. Expected 4 found 0 spaces before start element <setting>
[ERROR] /Users/yuktinandwana/checkstyle_Workspace/./sevntu.checkstyle/sevntu-checks/config/checkstyle-formatter-for-eclipse.xml:72,113: Insert 4 spaces. Expected 4 found 0 spaces before start element <setting>
[ERROR] /Users/yuktinandwana/checkstyle_Workspace/./sevntu.checkstyle/sevntu-checks/config/checkstyle-formatter-for-eclipse.xml:73,116: Insert 4 spaces. Expected 4 found 0 spaces before start element <setting>
[ERROR] /Users/yuktinandwana/checkstyle_Workspace/./sevntu.checkstyle/sevntu-checks/config/checkstyle-formatter-for-eclipse.xml:74,130: Insert 4 spaces. Expected 4 found 0 spaces before start element <setting>
[ERROR] /Users/yuktinandwana/checkstyle_Workspace/./sevntu.checkstyle/sevntu-checks/config/checkstyle-formatter-for-eclipse.xml:75,104: Insert 4 spaces. Expected 4 found 0 spaces before start element <setting>
[ERROR] /Users/yuktinandwana/checkstyle_Workspace/./sevntu.checkstyle/sevntu-checks/config/checkstyle-formatter-for-eclipse.xml:76,104: Insert 4 spaces. Expected 4 found 0 spaces before start element <setting>
[ERROR] /Users/yuktinandwana/checkstyle_Workspace/./sevntu.checkstyle/sevntu-checks/config/checkstyle-formatter-for-eclipse.xml:77,69: Insert 4 spaces. Expected 4 found 0 spaces before start element <setting>
[ERROR] /Users/yuktinandwana/checkstyle_Workspace/./sevntu.checkstyle/sevntu-checks/config/checkstyle-formatter-for-eclipse.xml:78,102: Insert 4 spaces. Expected 4 found 0 spaces before start element <setting>
[ERROR] /Users/yuktinandwana/checkstyle_Workspace/./sevntu.checkstyle/sevntu-checks/config/checkstyle-formatter-for-eclipse.xml:79,123: Insert 4 spaces. Expected 4 found 0 spaces before start element <setting>
[ERROR] /Users/yuktinandwana/checkstyle_Workspace/./sevntu.checkstyle/sevntu-checks/config/checkstyle-formatter-for-eclipse.xml:80,130: Insert 4 spaces. Expected 4 found 0 spaces before start element <setting>
[ERROR] /Users/yuktinandwana/checkstyle_Workspace/./sevntu.checkstyle/sevntu-checks/config/checkstyle-formatter-for-eclipse.xml:81,132: Insert 4 spaces. Expected 4 found 0 spaces before start element <setting>
[ERROR] /Users/yuktinandwana/checkstyle_Workspace/./sevntu.checkstyle/sevntu-checks/config/checkstyle-formatter-for-eclipse.xml:82,123: Insert 4 spaces. Expected 4 found 0 spaces before start element <setting>
[ERROR] /Users/yuktinandwana/checkstyle_Workspace/./sevntu.checkstyle/sevntu-checks/config/checkstyle-formatter-for-eclipse.xml:83,105: Insert 4 spaces. Expected 4 found 0 spaces before start element <setting>
[ERROR] /Users/yuktinandwana/checkstyle_Workspace/./sevntu.checkstyle/sevntu-checks/config/checkstyle-formatter-for-eclipse.xml:84,74: Insert 4 spaces. Expected 4 found 0 spaces before start element <setting>
[ERROR] /Users/yuktinandwana/checkstyle_Workspace/./sevntu.checkstyle/sevntu-checks/config/checkstyle-formatter-for-eclipse.xml:85,125: Insert 4 spaces. Expected 4 found 0 spaces before start element <setting>
[ERROR] /Users/yuktinandwana/checkstyle_Workspace/./sevntu.checkstyle/sevntu-checks/config/checkstyle-formatter-for-eclipse.xml:86,82: Insert 4 spaces. Expected 4 found 0 spaces before start element <setting>
[ERROR] /Users/yuktinandwana/checkstyle_Workspace/./sevntu.checkstyle/sevntu-checks/config/checkstyle-formatter-for-eclipse.xml:87,120: Insert 4 spaces. Expected 4 found 0 spaces before start element <setting>
[ERROR] /Users/yuktinandwana/checkstyle_Workspace/./sevntu.checkstyle/sevntu-checks/config/checkstyle-formatter-for-eclipse.xml:88,103: Insert 4 spaces. Expected 4 found 0 spaces before start element <setting>
[ERROR] /Users/yuktinandwana/checkstyle_Workspace/./sevntu.checkstyle/sevntu-checks/config/checkstyle-formatter-for-eclipse.xml:89,83: Insert 4 spaces. Expected 4 found 0 spaces before start element <setting>
[ERROR] /Users/yuktinandwana/checkstyle_Workspace/./sevntu.checkstyle/sevntu-checks/config/checkstyle-formatter-for-eclipse.xml:90,85: Insert 4 spaces. Expected 4 found 0 spaces before start element <setting>
[ERROR] /Users/yuktinandwana/checkstyle_Workspace/./sevntu.checkstyle/sevntu-checks/config/checkstyle-formatter-for-eclipse.xml:91,77: Insert 4 spaces. Expected 4 found 0 spaces before start element <setting>
[ERROR] /Users/yuktinandwana/checkstyle_Workspace/./sevntu.checkstyle/sevntu-checks/config/checkstyle-formatter-for-eclipse.xml:92,125: Insert 4 spaces. Expected 4 found 0 spaces before start element <setting>
[ERROR] /Users/yuktinandwana/checkstyle_Workspace/./sevntu.checkstyle/sevntu-checks/config/checkstyle-formatter-for-eclipse.xml:93,105: Insert 4 spaces. Expected 4 found 0 spaces before start element <setting>
[ERROR] /Users/yuktinandwana/checkstyle_Workspace/./sevntu.checkstyle/sevntu-checks/config/checkstyle-formatter-for-eclipse.xml:94,94: Insert 4 spaces. Expected 4 found 0 spaces before start element <setting>
[ERROR] /Users/yuktinandwana/checkstyle_Workspace/./sevntu.checkstyle/sevntu-checks/config/checkstyle-formatter-for-eclipse.xml:95,83: Insert 4 spaces. Expected 4 found 0 spaces before start element <setting>
[ERROR] /Users/yuktinandwana/checkstyle_Workspace/./sevntu.checkstyle/sevntu-checks/config/checkstyle-formatter-for-eclipse.xml:96,95: Insert 4 spaces. Expected 4 found 0 spaces before start element <setting>
[ERROR] /Users/yuktinandwana/checkstyle_Workspace/./sevntu.checkstyle/sevntu-checks/config/checkstyle-formatter-for-eclipse.xml:97,96: Insert 4 spaces. Expected 4 found 0 spaces before start element <setting>
[ERROR] /Users/yuktinandwana/checkstyle_Workspace/./sevntu.checkstyle/sevntu-checks/config/checkstyle-formatter-for-eclipse.xml:98,95: Insert 4 spaces. Expected 4 found 0 spaces before start element <setting>
[ERROR] /Users/yuktinandwana/checkstyle_Workspace/./sevntu.checkstyle/sevntu-checks/config/checkstyle-formatter-for-eclipse.xml:99,111: Insert 4 spaces. Expected 4 found 0 spaces before start element <setting>
[ERROR] /Users/yuktinandwana/checkstyle_Workspace/./sevntu.checkstyle/sevntu-checks/config/checkstyle-formatter-for-eclipse.xml:100,110: Insert 4 spaces. Expected 4 found 0 spaces before start element <setting>
[ERROR] /Users/yuktinandwana/checkstyle_Workspace/./sevntu.checkstyle/sevntu-checks/config/checkstyle-formatter-for-eclipse.xml:101,108: Insert 4 spaces. Expected 4 found 0 spaces before start element <setting>
[ERROR] /Users/yuktinandwana/checkstyle_Workspace/./sevntu.checkstyle/sevntu-checks/config/checkstyle-formatter-for-eclipse.xml:102,114: Insert 4 spaces. Expected 4 found 0 spaces before start element <setting>
[ERROR] /Users/yuktinandwana/checkstyle_Workspace/./sevntu.checkstyle/sevntu-checks/config/checkstyle-formatter-for-eclipse.xml:103,99: Insert 4 spaces. Expected 4 found 0 spaces before start element <setting>
[ERROR] /Users/yuktinandwana/checkstyle_Workspace/./sevntu.checkstyle/sevntu-checks/config/checkstyle-formatter-for-eclipse.xml:104,91: Insert 4 spaces. Expected 4 found 0 spaces before start element <setting>
[ERROR] /Users/yuktinandwana/checkstyle_Workspace/./sevntu.checkstyle/sevntu-checks/config/checkstyle-formatter-for-eclipse.xml:105,124: Insert 4 spaces. Expected 4 found 0 spaces before start element <setting>
[ERROR] /Users/yuktinandwana/checkstyle_Workspace/./sevntu.checkstyle/sevntu-checks/config/checkstyle-formatter-for-eclipse.xml:106,135: Insert 4 spaces. Expected 4 found 0 spaces before start element <setting>
[ERROR] /Users/yuktinandwana/checkstyle_Workspace/./sevntu.checkstyle/sevntu-checks/config/checkstyle-formatter-for-eclipse.xml:107,113: Insert 4 spaces. Expected 4 found 0 spaces before start element <setting>
[ERROR] /Users/yuktinandwana/checkstyle_Workspace/./sevntu.checkstyle/sevntu-checks/config/checkstyle-formatter-for-eclipse.xml:108,109: Insert 4 spaces. Expected 4 found 0 spaces before start element <setting>
[ERROR] /Users/yuktinandwana/checkstyle_Workspace/./sevntu.checkstyle/sevntu-checks/config/checkstyle-formatter-for-eclipse.xml:109,122: Insert 4 spaces. Expected 4 found 0 spaces before start element <setting>
[ERROR] /Users/yuktinandwana/checkstyle_Workspace/./sevntu.checkstyle/sevntu-checks/config/checkstyle-formatter-for-eclipse.xml:110,124: Insert 4 spaces. Expected 4 found 0 spaces before start element <setting>
[ERROR] /Users/yuktinandwana/checkstyle_Workspace/./sevntu.checkstyle/sevntu-checks/config/checkstyle-formatter-for-eclipse.xml:111,109: Insert 4 spaces. Expected 4 found 0 spaces before start element <setting>
[ERROR] /Users/yuktinandwana/checkstyle_Workspace/./sevntu.checkstyle/sevntu-checks/config/checkstyle-formatter-for-eclipse.xml:112,93: Insert 4 spaces. Expected 4 found 0 spaces before start element <setting>
[ERROR] /Users/yuktinandwana/checkstyle_Workspace/./sevntu.checkstyle/sevntu-checks/config/checkstyle-formatter-for-eclipse.xml:113,116: Insert 4 spaces. Expected 4 found 0 spaces before start element <setting>
[ERROR] /Users/yuktinandwana/checkstyle_Workspace/./sevntu.checkstyle/sevntu-checks/config/checkstyle-formatter-for-eclipse.xml:114,117: Insert 4 spaces. Expected 4 found 0 spaces before start element <setting>
[ERROR] /Users/yuktinandwana/checkstyle_Workspace/./sevntu.checkstyle/sevntu-checks/config/checkstyle-formatter-for-eclipse.xml:115,117: Insert 4 spaces. Expected 4 found 0 spaces before start element <setting>
[ERROR] /Users/yuktinandwana/checkstyle_Workspace/./sevntu.checkstyle/sevntu-checks/config/checkstyle-formatter-for-eclipse.xml:116,105: Insert 4 spaces. Expected 4 found 0 spaces before start element <setting>
[ERROR] /Users/yuktinandwana/checkstyle_Workspace/./sevntu.checkstyle/sevntu-checks/config/checkstyle-formatter-for-eclipse.xml:117,109: Insert 4 spaces. Expected 4 found 0 spaces before start element <setting>
[ERROR] /Users/yuktinandwana/checkstyle_Workspace/./sevntu.checkstyle/sevntu-checks/config/checkstyle-formatter-for-eclipse.xml:118,136: Insert 4 spaces. Expected 4 found 0 spaces before start element <setting>
[ERROR] /Users/yuktinandwana/checkstyle_Workspace/./sevntu.checkstyle/sevntu-checks/config/checkstyle-formatter-for-eclipse.xml:119,116: Insert 4 spaces. Expected 4 found 0 spaces before start element <setting>
[ERROR] /Users/yuktinandwana/checkstyle_Workspace/./sevntu.checkstyle/sevntu-checks/config/checkstyle-formatter-for-eclipse.xml:120,113: Insert 4 spaces. Expected 4 found 0 spaces before start element <setting>
[ERROR] /Users/yuktinandwana/checkstyle_Workspace/./sevntu.checkstyle/sevntu-checks/config/checkstyle-formatter-for-eclipse.xml:121,83: Insert 4 spaces. Expected 4 found 0 spaces before start element <setting>
[ERROR] /Users/yuktinandwana/checkstyle_Workspace/./sevntu.checkstyle/sevntu-checks/config/checkstyle-formatter-for-eclipse.xml:122,103: Insert 4 spaces. Expected 4 found 0 spaces before start element <setting>
[ERROR] /Users/yuktinandwana/checkstyle_Workspace/./sevntu.checkstyle/sevntu-checks/config/checkstyle-formatter-for-eclipse.xml:123,98: Insert 4 spaces. Expected 4 found 0 spaces before start element <setting>
[ERROR] /Users/yuktinandwana/checkstyle_Workspace/./sevntu.checkstyle/sevntu-checks/config/checkstyle-formatter-for-eclipse.xml:124,92: Insert 4 spaces. Expected 4 found 0 spaces before start element <setting>
[ERROR] /Users/yuktinandwana/checkstyle_Workspace/./sevntu.checkstyle/sevntu-checks/config/checkstyle-formatter-for-eclipse.xml:125,108: Insert 4 spaces. Expected 4 found 0 spaces before start element <setting>
[ERROR] /Users/yuktinandwana/checkstyle_Workspace/./sevntu.checkstyle/sevntu-checks/config/checkstyle-formatter-for-eclipse.xml:126,105: Insert 4 spaces. Expected 4 found 0 spaces before start element <setting>
[ERROR] /Users/yuktinandwana/checkstyle_Workspace/./sevntu.checkstyle/sevntu-checks/config/checkstyle-formatter-for-eclipse.xml:127,76: Insert 4 spaces. Expected 4 found 0 spaces before start element <setting>
[ERROR] /Users/yuktinandwana/checkstyle_Workspace/./sevntu.checkstyle/sevntu-checks/config/checkstyle-formatter-for-eclipse.xml:128,116: Insert 4 spaces. Expected 4 found 0 spaces before start element <setting>
[ERROR] /Users/yuktinandwana/checkstyle_Workspace/./sevntu.checkstyle/sevntu-checks/config/checkstyle-formatter-for-eclipse.xml:129,105: Insert 4 spaces. Expected 4 found 0 spaces before start element <setting>
[ERROR] /Users/yuktinandwana/checkstyle_Workspace/./sevntu.checkstyle/sevntu-checks/config/checkstyle-formatter-for-eclipse.xml:130,105: Insert 4 spaces. Expected 4 found 0 spaces before start element <setting>
[ERROR] /Users/yuktinandwana/checkstyle_Workspace/./sevntu.checkstyle/sevntu-checks/config/checkstyle-formatter-for-eclipse.xml:131,124: Insert 4 spaces. Expected 4 found 0 spaces before start element <setting>
[ERROR] /Users/yuktinandwana/checkstyle_Workspace/./sevntu.checkstyle/sevntu-checks/config/checkstyle-formatter-for-eclipse.xml:132,100: Insert 4 spaces. Expected 4 found 0 spaces before start element <setting>
[ERROR] /Users/yuktinandwana/checkstyle_Workspace/./sevntu.checkstyle/sevntu-checks/config/checkstyle-formatter-for-eclipse.xml:133,85: Insert 4 spaces. Expected 4 found 0 spaces before start element <setting>
[ERROR] /Users/yuktinandwana/checkstyle_Workspace/./sevntu.checkstyle/sevntu-checks/config/checkstyle-formatter-for-eclipse.xml:134,116: Insert 4 spaces. Expected 4 found 0 spaces before start element <setting>
[ERROR] /Users/yuktinandwana/checkstyle_Workspace/./sevntu.checkstyle/sevntu-checks/config/checkstyle-formatter-for-eclipse.xml:135,124: Insert 4 spaces. Expected 4 found 0 spaces before start element <setting>
[ERROR] /Users/yuktinandwana/checkstyle_Workspace/./sevntu.checkstyle/sevntu-checks/config/checkstyle-formatter-for-eclipse.xml:136,106: Insert 4 spaces. Expected 4 found 0 spaces before start element <setting>
[ERROR] /Users/yuktinandwana/checkstyle_Workspace/./sevntu.checkstyle/sevntu-checks/config/checkstyle-formatter-for-eclipse.xml:137,106: Insert 4 spaces. Expected 4 found 0 spaces before start element <setting>
[ERROR] /Users/yuktinandwana/checkstyle_Workspace/./sevntu.checkstyle/sevntu-checks/config/checkstyle-formatter-for-eclipse.xml:138,128: Insert 4 spaces. Expected 4 found 0 spaces before start element <setting>
[ERROR] /Users/yuktinandwana/checkstyle_Workspace/./sevntu.checkstyle/sevntu-checks/config/checkstyle-formatter-for-eclipse.xml:139,120: Insert 4 spaces. Expected 4 found 0 spaces before start element <setting>
[ERROR] /Users/yuktinandwana/checkstyle_Workspace/./sevntu.checkstyle/sevntu-checks/config/checkstyle-formatter-for-eclipse.xml:140,73: Insert 4 spaces. Expected 4 found 0 spaces before start element <setting>
[ERROR] /Users/yuktinandwana/checkstyle_Workspace/./sevntu.checkstyle/sevntu-checks/config/checkstyle-formatter-for-eclipse.xml:141,129: Insert 4 spaces. Expected 4 found 0 spaces before start element <setting>
[ERROR] /Users/yuktinandwana/checkstyle_Workspace/./sevntu.checkstyle/sevntu-checks/config/checkstyle-formatter-for-eclipse.xml:142,119: Insert 4 spaces. Expected 4 found 0 spaces before start element <setting>
[ERROR] /Users/yuktinandwana/checkstyle_Workspace/./sevntu.checkstyle/sevntu-checks/config/checkstyle-formatter-for-eclipse.xml:143,104: Insert 4 spaces. Expected 4 found 0 spaces before start element <setting>
[ERROR] /Users/yuktinandwana/checkstyle_Workspace/./sevntu.checkstyle/sevntu-checks/config/checkstyle-formatter-for-eclipse.xml:144,124: Insert 4 spaces. Expected 4 found 0 spaces before start element <setting>
[ERROR] /Users/yuktinandwana/checkstyle_Workspace/./sevntu.checkstyle/sevntu-checks/config/checkstyle-formatter-for-eclipse.xml:145,101: Insert 4 spaces. Expected 4 found 0 spaces before start element <setting>
[ERROR] /Users/yuktinandwana/checkstyle_Workspace/./sevntu.checkstyle/sevntu-checks/config/checkstyle-formatter-for-eclipse.xml:146,128: Insert 4 spaces. Expected 4 found 0 spaces before start element <setting>
[ERROR] /Users/yuktinandwana/checkstyle_Workspace/./sevntu.checkstyle/sevntu-checks/config/checkstyle-formatter-for-eclipse.xml:147,130: Insert 4 spaces. Expected 4 found 0 spaces before start element <setting>
[ERROR] /Users/yuktinandwana/checkstyle_Workspace/./sevntu.checkstyle/sevntu-checks/config/checkstyle-formatter-for-eclipse.xml:148,108: Insert 4 spaces. Expected 4 found 0 spaces before start element <setting>
[ERROR] /Users/yuktinandwana/checkstyle_Workspace/./sevntu.checkstyle/sevntu-checks/config/checkstyle-formatter-for-eclipse.xml:149,129: Insert 4 spaces. Expected 4 found 0 spaces before start element <setting>
[ERROR] /Users/yuktinandwana/checkstyle_Workspace/./sevntu.checkstyle/sevntu-checks/config/checkstyle-formatter-for-eclipse.xml:150,106: Insert 4 spaces. Expected 4 found 0 spaces before start element <setting>
[ERROR] /Users/yuktinandwana/checkstyle_Workspace/./sevntu.checkstyle/sevntu-checks/config/checkstyle-formatter-for-eclipse.xml:151,113: Insert 4 spaces. Expected 4 found 0 spaces before start element <setting>
[ERROR] /Users/yuktinandwana/checkstyle_Workspace/./sevntu.checkstyle/sevntu-checks/config/checkstyle-formatter-for-eclipse.xml:152,101: Insert 4 spaces. Expected 4 found 0 spaces before start element <setting>
[ERROR] /Users/yuktinandwana/checkstyle_Workspace/./sevntu.checkstyle/sevntu-checks/config/checkstyle-formatter-for-eclipse.xml:153,102: Insert 4 spaces. Expected 4 found 0 spaces before start element <setting>
[ERROR] /Users/yuktinandwana/checkstyle_Workspace/./sevntu.checkstyle/sevntu-checks/config/checkstyle-formatter-for-eclipse.xml:154,80: Insert 4 spaces. Expected 4 found 0 spaces before start element <setting>
[ERROR] /Users/yuktinandwana/checkstyle_Workspace/./sevntu.checkstyle/sevntu-checks/config/checkstyle-formatter-for-eclipse.xml:155,118: Insert 4 spaces. Expected 4 found 0 spaces before start element <setting>
[ERROR] /Users/yuktinandwana/checkstyle_Workspace/./sevntu.checkstyle/sevntu-checks/config/checkstyle-formatter-for-eclipse.xml:156,103: Insert 4 spaces. Expected 4 found 0 spaces before start element <setting>
[ERROR] /Users/yuktinandwana/checkstyle_Workspace/./sevntu.checkstyle/sevntu-checks/config/checkstyle-formatter-for-eclipse.xml:157,120: Insert 4 spaces. Expected 4 found 0 spaces before start element <setting>
[ERROR] /Users/yuktinandwana/checkstyle_Workspace/./sevntu.checkstyle/sevntu-checks/config/checkstyle-formatter-for-eclipse.xml:158,98: Insert 4 spaces. Expected 4 found 0 spaces before start element <setting>
[ERROR] /Users/yuktinandwana/checkstyle_Workspace/./sevntu.checkstyle/sevntu-checks/config/checkstyle-formatter-for-eclipse.xml:159,91: Insert 4 spaces. Expected 4 found 0 spaces before start element <setting>
[ERROR] /Users/yuktinandwana/checkstyle_Workspace/./sevntu.checkstyle/sevntu-checks/config/checkstyle-formatter-for-eclipse.xml:160,125: Insert 4 spaces. Expected 4 found 0 spaces before start element <setting>
[ERROR] /Users/yuktinandwana/checkstyle_Workspace/./sevntu.checkstyle/sevntu-checks/config/checkstyle-formatter-for-eclipse.xml:161,111: Insert 4 spaces. Expected 4 found 0 spaces before start element <setting>
[ERROR] /Users/yuktinandwana/checkstyle_Workspace/./sevntu.checkstyle/sevntu-checks/config/checkstyle-formatter-for-eclipse.xml:162,130: Insert 4 spaces. Expected 4 found 0 spaces before start element <setting>
[ERROR] /Users/yuktinandwana/checkstyle_Workspace/./sevntu.checkstyle/sevntu-checks/config/checkstyle-formatter-for-eclipse.xml:163,124: Insert 4 spaces. Expected 4 found 0 spaces before start element <setting>
[ERROR] /Users/yuktinandwana/checkstyle_Workspace/./sevntu.checkstyle/sevntu-checks/config/checkstyle-formatter-for-eclipse.xml:164,123: Insert 4 spaces. Expected 4 found 0 spaces before start element <setting>
[ERROR] /Users/yuktinandwana/checkstyle_Workspace/./sevntu.checkstyle/sevntu-checks/config/checkstyle-formatter-for-eclipse.xml:165,103: Insert 4 spaces. Expected 4 found 0 spaces before start element <setting>
[ERROR] /Users/yuktinandwana/checkstyle_Workspace/./sevntu.checkstyle/sevntu-checks/config/checkstyle-formatter-for-eclipse.xml:166,117: Insert 4 spaces. Expected 4 found 0 spaces before start element <setting>
[ERROR] /Users/yuktinandwana/checkstyle_Workspace/./sevntu.checkstyle/sevntu-checks/config/checkstyle-formatter-for-eclipse.xml:167,69: Insert 4 spaces. Expected 4 found 0 spaces before start element <setting>
[ERROR] /Users/yuktinandwana/checkstyle_Workspace/./sevntu.checkstyle/sevntu-checks/config/checkstyle-formatter-for-eclipse.xml:168,104: Insert 4 spaces. Expected 4 found 0 spaces before start element <setting>
[ERROR] /Users/yuktinandwana/checkstyle_Workspace/./sevntu.checkstyle/sevntu-checks/config/checkstyle-formatter-for-eclipse.xml:169,136: Insert 4 spaces. Expected 4 found 0 spaces before start element <setting>
[ERROR] /Users/yuktinandwana/checkstyle_Workspace/./sevntu.checkstyle/sevntu-checks/config/checkstyle-formatter-for-eclipse.xml:170,116: Insert 4 spaces. Expected 4 found 0 spaces before start element <setting>
[ERROR] /Users/yuktinandwana/checkstyle_Workspace/./sevntu.checkstyle/sevntu-checks/config/checkstyle-formatter-for-eclipse.xml:171,107: Insert 4 spaces. Expected 4 found 0 spaces before start element <setting>
[ERROR] /Users/yuktinandwana/checkstyle_Workspace/./sevntu.checkstyle/sevntu-checks/config/checkstyle-formatter-for-eclipse.xml:172,110: Insert 4 spaces. Expected 4 found 0 spaces before start element <setting>
[ERROR] /Users/yuktinandwana/checkstyle_Workspace/./sevntu.checkstyle/sevntu-checks/config/checkstyle-formatter-for-eclipse.xml:173,104: Insert 4 spaces. Expected 4 found 0 spaces before start element <setting>
[ERROR] /Users/yuktinandwana/checkstyle_Workspace/./sevntu.checkstyle/sevntu-checks/config/checkstyle-formatter-for-eclipse.xml:174,143: Insert 4 spaces. Expected 4 found 0 spaces before start element <setting>
[ERROR] /Users/yuktinandwana/checkstyle_Workspace/./sevntu.checkstyle/sevntu-checks/config/checkstyle-formatter-for-eclipse.xml:175,126: Insert 4 spaces. Expected 4 found 0 spaces before start element <setting>
[ERROR] /Users/yuktinandwana/checkstyle_Workspace/./sevntu.checkstyle/sevntu-checks/config/checkstyle-formatter-for-eclipse.xml:176,101: Insert 4 spaces. Expected 4 found 0 spaces before start element <setting>
[ERROR] /Users/yuktinandwana/checkstyle_Workspace/./sevntu.checkstyle/sevntu-checks/config/checkstyle-formatter-for-eclipse.xml:177,104: Insert 4 spaces. Expected 4 found 0 spaces before start element <setting>
[ERROR] /Users/yuktinandwana/checkstyle_Workspace/./sevntu.checkstyle/sevntu-checks/config/checkstyle-formatter-for-eclipse.xml:178,87: Insert 4 spaces. Expected 4 found 0 spaces before start element <setting>
[ERROR] /Users/yuktinandwana/checkstyle_Workspace/./sevntu.checkstyle/sevntu-checks/config/checkstyle-formatter-for-eclipse.xml:179,133: Insert 4 spaces. Expected 4 found 0 spaces before start element <setting>
[ERROR] /Users/yuktinandwana/checkstyle_Workspace/./sevntu.checkstyle/sevntu-checks/config/checkstyle-formatter-for-eclipse.xml:180,122: Insert 4 spaces. Expected 4 found 0 spaces before start element <setting>
[ERROR] /Users/yuktinandwana/checkstyle_Workspace/./sevntu.checkstyle/sevntu-checks/config/checkstyle-formatter-for-eclipse.xml:181,104: Insert 4 spaces. Expected 4 found 0 spaces before start element <setting>
[ERROR] /Users/yuktinandwana/checkstyle_Workspace/./sevntu.checkstyle/sevntu-checks/config/checkstyle-formatter-for-eclipse.xml:182,94: Insert 4 spaces. Expected 4 found 0 spaces before start element <setting>
[ERROR] /Users/yuktinandwana/checkstyle_Workspace/./sevntu.checkstyle/sevntu-checks/config/checkstyle-formatter-for-eclipse.xml:183,116: Insert 4 spaces. Expected 4 found 0 spaces before start element <setting>
[ERROR] /Users/yuktinandwana/checkstyle_Workspace/./sevntu.checkstyle/sevntu-checks/config/checkstyle-formatter-for-eclipse.xml:184,127: Insert 4 spaces. Expected 4 found 0 spaces before start element <setting>
[ERROR] /Users/yuktinandwana/checkstyle_Workspace/./sevntu.checkstyle/sevntu-checks/config/checkstyle-formatter-for-eclipse.xml:185,108: Insert 4 spaces. Expected 4 found 0 spaces before start element <setting>
[ERROR] /Users/yuktinandwana/checkstyle_Workspace/./sevntu.checkstyle/sevntu-checks/config/checkstyle-formatter-for-eclipse.xml:186,90: Insert 4 spaces. Expected 4 found 0 spaces before start element <setting>
[ERROR] /Users/yuktinandwana/checkstyle_Workspace/./sevntu.checkstyle/sevntu-checks/config/checkstyle-formatter-for-eclipse.xml:187,103: Insert 4 spaces. Expected 4 found 0 spaces before start element <setting>
[ERROR] /Users/yuktinandwana/checkstyle_Workspace/./sevntu.checkstyle/sevntu-checks/config/checkstyle-formatter-for-eclipse.xml:188,112: Insert 4 spaces. Expected 4 found 0 spaces before start element <setting>
[ERROR] /Users/yuktinandwana/checkstyle_Workspace/./sevntu.checkstyle/sevntu-checks/config/checkstyle-formatter-for-eclipse.xml:189,88: Insert 4 spaces. Expected 4 found 0 spaces before start element <setting>
[ERROR] /Users/yuktinandwana/checkstyle_Workspace/./sevntu.checkstyle/sevntu-checks/config/checkstyle-formatter-for-eclipse.xml:190,92: Insert 4 spaces. Expected 4 found 0 spaces before start element <setting>
[ERROR] /Users/yuktinandwana/checkstyle_Workspace/./sevntu.checkstyle/sevntu-checks/config/checkstyle-formatter-for-eclipse.xml:191,90: Insert 4 spaces. Expected 4 found 0 spaces before start element <setting>
[ERROR] /Users/yuktinandwana/checkstyle_Workspace/./sevntu.checkstyle/sevntu-checks/config/checkstyle-formatter-for-eclipse.xml:192,115: Insert 4 spaces. Expected 4 found 0 spaces before start element <setting>
[ERROR] /Users/yuktinandwana/checkstyle_Workspace/./sevntu.checkstyle/sevntu-checks/config/checkstyle-formatter-for-eclipse.xml:193,129: Insert 4 spaces. Expected 4 found 0 spaces before start element <setting>
[ERROR] /Users/yuktinandwana/checkstyle_Workspace/./sevntu.checkstyle/sevntu-checks/config/checkstyle-formatter-for-eclipse.xml:194,124: Insert 4 spaces. Expected 4 found 0 spaces before start element <setting>
[ERROR] /Users/yuktinandwana/checkstyle_Workspace/./sevntu.checkstyle/sevntu-checks/config/checkstyle-formatter-for-eclipse.xml:195,107: Insert 4 spaces. Expected 4 found 0 spaces before start element <setting>
[ERROR] /Users/yuktinandwana/checkstyle_Workspace/./sevntu.checkstyle/sevntu-checks/config/checkstyle-formatter-for-eclipse.xml:196,99: Insert 4 spaces. Expected 4 found 0 spaces before start element <setting>
[ERROR] /Users/yuktinandwana/checkstyle_Workspace/./sevntu.checkstyle/sevntu-checks/config/checkstyle-formatter-for-eclipse.xml:197,92: Insert 4 spaces. Expected 4 found 0 spaces before start element <setting>
[ERROR] /Users/yuktinandwana/checkstyle_Workspace/./sevntu.checkstyle/sevntu-checks/config/checkstyle-formatter-for-eclipse.xml:198,79: Insert 4 spaces. Expected 4 found 0 spaces before start element <setting>
[ERROR] /Users/yuktinandwana/checkstyle_Workspace/./sevntu.checkstyle/sevntu-checks/config/checkstyle-formatter-for-eclipse.xml:199,91: Insert 4 spaces. Expected 4 found 0 spaces before start element <setting>
[ERROR] /Users/yuktinandwana/checkstyle_Workspace/./sevntu.checkstyle/sevntu-checks/config/checkstyle-formatter-for-eclipse.xml:200,122: Insert 4 spaces. Expected 4 found 0 spaces before start element <setting>
[ERROR] /Users/yuktinandwana/checkstyle_Workspace/./sevntu.checkstyle/sevntu-checks/config/checkstyle-formatter-for-eclipse.xml:201,99: Insert 4 spaces. Expected 4 found 0 spaces before start element <setting>
[ERROR] /Users/yuktinandwana/checkstyle_Workspace/./sevntu.checkstyle/sevntu-checks/config/checkstyle-formatter-for-eclipse.xml:202,110: Insert 4 spaces. Expected 4 found 0 spaces before start element <setting>
[ERROR] /Users/yuktinandwana/checkstyle_Workspace/./sevntu.checkstyle/sevntu-checks/config/checkstyle-formatter-for-eclipse.xml:203,107: Insert 4 spaces. Expected 4 found 0 spaces before start element <setting>
[ERROR] /Users/yuktinandwana/checkstyle_Workspace/./sevntu.checkstyle/sevntu-checks/config/checkstyle-formatter-for-eclipse.xml:204,103: Insert 4 spaces. Expected 4 found 0 spaces before start element <setting>
[ERROR] /Users/yuktinandwana/checkstyle_Workspace/./sevntu.checkstyle/sevntu-checks/config/checkstyle-formatter-for-eclipse.xml:205,108: Insert 4 spaces. Expected 4 found 0 spaces before start element <setting>
[ERROR] /Users/yuktinandwana/checkstyle_Workspace/./sevntu.checkstyle/sevntu-checks/config/checkstyle-formatter-for-eclipse.xml:206,141: Insert 4 spaces. Expected 4 found 0 spaces before start element <setting>
[ERROR] /Users/yuktinandwana/checkstyle_Workspace/./sevntu.checkstyle/sevntu-checks/config/checkstyle-formatter-for-eclipse.xml:207,88: Insert 4 spaces. Expected 4 found 0 spaces before start element <setting>
[ERROR] /Users/yuktinandwana/checkstyle_Workspace/./sevntu.checkstyle/sevntu-checks/config/checkstyle-formatter-for-eclipse.xml:208,120: Insert 4 spaces. Expected 4 found 0 spaces before start element <setting>
[ERROR] /Users/yuktinandwana/checkstyle_Workspace/./sevntu.checkstyle/sevntu-checks/config/checkstyle-formatter-for-eclipse.xml:209,95: Insert 4 spaces. Expected 4 found 0 spaces before start element <setting>
[ERROR] /Users/yuktinandwana/checkstyle_Workspace/./sevntu.checkstyle/sevntu-checks/config/checkstyle-formatter-for-eclipse.xml:210,119: Insert 4 spaces. Expected 4 found 0 spaces before start element <setting>
[ERROR] /Users/yuktinandwana/checkstyle_Workspace/./sevntu.checkstyle/sevntu-checks/config/checkstyle-formatter-for-eclipse.xml:211,95: Insert 4 spaces. Expected 4 found 0 spaces before start element <setting>
[ERROR] /Users/yuktinandwana/checkstyle_Workspace/./sevntu.checkstyle/sevntu-checks/config/checkstyle-formatter-for-eclipse.xml:212,108: Insert 4 spaces. Expected 4 found 0 spaces before start element <setting>
[ERROR] /Users/yuktinandwana/checkstyle_Workspace/./sevntu.checkstyle/sevntu-checks/config/checkstyle-formatter-for-eclipse.xml:213,83: Insert 4 spaces. Expected 4 found 0 spaces before start element <setting>
[ERROR] /Users/yuktinandwana/checkstyle_Workspace/./sevntu.checkstyle/sevntu-checks/config/checkstyle-formatter-for-eclipse.xml:214,106: Insert 4 spaces. Expected 4 found 0 spaces before start element <setting>
[ERROR] /Users/yuktinandwana/checkstyle_Workspace/./sevntu.checkstyle/sevntu-checks/config/checkstyle-formatter-for-eclipse.xml:215,126: Insert 4 spaces. Expected 4 found 0 spaces before start element <setting>
[ERROR] /Users/yuktinandwana/checkstyle_Workspace/./sevntu.checkstyle/sevntu-checks/config/checkstyle-formatter-for-eclipse.xml:216,83: Insert 4 spaces. Expected 4 found 0 spaces before start element <setting>
[ERROR] /Users/yuktinandwana/checkstyle_Workspace/./sevntu.checkstyle/sevntu-checks/config/checkstyle-formatter-for-eclipse.xml:217,100: Insert 4 spaces. Expected 4 found 0 spaces before start element <setting>
[ERROR] /Users/yuktinandwana/checkstyle_Workspace/./sevntu.checkstyle/sevntu-checks/config/checkstyle-formatter-for-eclipse.xml:218,101: Insert 4 spaces. Expected 4 found 0 spaces before start element <setting>
[ERROR] /Users/yuktinandwana/checkstyle_Workspace/./sevntu.checkstyle/sevntu-checks/config/checkstyle-formatter-for-eclipse.xml:219,108: Insert 4 spaces. Expected 4 found 0 spaces before start element <setting>
[ERROR] /Users/yuktinandwana/checkstyle_Workspace/./sevntu.checkstyle/sevntu-checks/config/checkstyle-formatter-for-eclipse.xml:220,106: Insert 4 spaces. Expected 4 found 0 spaces before start element <setting>
[ERROR] /Users/yuktinandwana/checkstyle_Workspace/./sevntu.checkstyle/sevntu-checks/config/checkstyle-formatter-for-eclipse.xml:221,104: Insert 4 spaces. Expected 4 found 0 spaces before start element <setting>
[ERROR] /Users/yuktinandwana/checkstyle_Workspace/./sevntu.checkstyle/sevntu-checks/config/checkstyle-formatter-for-eclipse.xml:222,130: Insert 4 spaces. Expected 4 found 0 spaces before start element <setting>
[ERROR] /Users/yuktinandwana/checkstyle_Workspace/./sevntu.checkstyle/sevntu-checks/config/checkstyle-formatter-for-eclipse.xml:223,84: Insert 4 spaces. Expected 4 found 0 spaces before start element <setting>
[ERROR] /Users/yuktinandwana/checkstyle_Workspace/./sevntu.checkstyle/sevntu-checks/config/checkstyle-formatter-for-eclipse.xml:224,97: Insert 4 spaces. Expected 4 found 0 spaces before start element <setting>
[ERROR] /Users/yuktinandwana/checkstyle_Workspace/./sevntu.checkstyle/sevntu-checks/config/checkstyle-formatter-for-eclipse.xml:225,80: Insert 4 spaces. Expected 4 found 0 spaces before start element <setting>
[ERROR] /Users/yuktinandwana/checkstyle_Workspace/./sevntu.checkstyle/sevntu-checks/config/checkstyle-formatter-for-eclipse.xml:226,108: Insert 4 spaces. Expected 4 found 0 spaces before start element <setting>
[ERROR] /Users/yuktinandwana/checkstyle_Workspace/./sevntu.checkstyle/sevntu-checks/config/checkstyle-formatter-for-eclipse.xml:227,130: Insert 4 spaces. Expected 4 found 0 spaces before start element <setting>
[ERROR] /Users/yuktinandwana/checkstyle_Workspace/./sevntu.checkstyle/sevntu-checks/config/checkstyle-formatter-for-eclipse.xml:228,136: Insert 4 spaces. Expected 4 found 0 spaces before start element <setting>
[ERROR] /Users/yuktinandwana/checkstyle_Workspace/./sevntu.checkstyle/sevntu-checks/config/checkstyle-formatter-for-eclipse.xml:229,114: Insert 4 spaces. Expected 4 found 0 spaces before start element <setting>
[ERROR] /Users/yuktinandwana/checkstyle_Workspace/./sevntu.checkstyle/sevntu-checks/config/checkstyle-formatter-for-eclipse.xml:230,102: Insert 4 spaces. Expected 4 found 0 spaces before start element <setting>
[ERROR] /Users/yuktinandwana/checkstyle_Workspace/./sevntu.checkstyle/sevntu-checks/config/checkstyle-formatter-for-eclipse.xml:231,142: Insert 4 spaces. Expected 4 found 0 spaces before start element <setting>
[ERROR] /Users/yuktinandwana/checkstyle_Workspace/./sevntu.checkstyle/sevntu-checks/config/checkstyle-formatter-for-eclipse.xml:232,110: Insert 4 spaces. Expected 4 found 0 spaces before start element <setting>
[ERROR] /Users/yuktinandwana/checkstyle_Workspace/./sevntu.checkstyle/sevntu-checks/config/checkstyle-formatter-for-eclipse.xml:233,106: Insert 4 spaces. Expected 4 found 0 spaces before start element <setting>
[ERROR] /Users/yuktinandwana/checkstyle_Workspace/./sevntu.checkstyle/sevntu-checks/config/checkstyle-formatter-for-eclipse.xml:234,87: Insert 4 spaces. Expected 4 found 0 spaces before start element <setting>
[ERROR] /Users/yuktinandwana/checkstyle_Workspace/./sevntu.checkstyle/sevntu-checks/config/checkstyle-formatter-for-eclipse.xml:235,112: Insert 4 spaces. Expected 4 found 0 spaces before start element <setting>
[ERROR] /Users/yuktinandwana/checkstyle_Workspace/./sevntu.checkstyle/sevntu-checks/config/checkstyle-formatter-for-eclipse.xml:236,112: Insert 4 spaces. Expected 4 found 0 spaces before start element <setting>
[ERROR] /Users/yuktinandwana/checkstyle_Workspace/./sevntu.checkstyle/sevntu-checks/config/checkstyle-formatter-for-eclipse.xml:237,121: Insert 4 spaces. Expected 4 found 0 spaces before start element <setting>
[ERROR] /Users/yuktinandwana/checkstyle_Workspace/./sevntu.checkstyle/sevntu-checks/config/checkstyle-formatter-for-eclipse.xml:238,105: Insert 4 spaces. Expected 4 found 0 spaces before start element <setting>
[ERROR] /Users/yuktinandwana/checkstyle_Workspace/./sevntu.checkstyle/sevntu-checks/config/checkstyle-formatter-for-eclipse.xml:239,117: Insert 4 spaces. Expected 4 found 0 spaces before start element <setting>
[ERROR] /Users/yuktinandwana/checkstyle_Workspace/./sevntu.checkstyle/sevntu-checks/config/checkstyle-formatter-for-eclipse.xml:240,81: Insert 4 spaces. Expected 4 found 0 spaces before start element <setting>
[ERROR] /Users/yuktinandwana/checkstyle_Workspace/./sevntu.checkstyle/sevntu-checks/config/checkstyle-formatter-for-eclipse.xml:241,100: Insert 4 spaces. Expected 4 found 0 spaces before start element <setting>
[ERROR] /Users/yuktinandwana/checkstyle_Workspace/./sevntu.checkstyle/sevntu-checks/config/checkstyle-formatter-for-eclipse.xml:242,96: Insert 4 spaces. Expected 4 found 0 spaces before start element <setting>
[ERROR] /Users/yuktinandwana/checkstyle_Workspace/./sevntu.checkstyle/sevntu-checks/config/checkstyle-formatter-for-eclipse.xml:243,83: Insert 4 spaces. Expected 4 found 0 spaces before start element <setting>
[ERROR] /Users/yuktinandwana/checkstyle_Workspace/./sevntu.checkstyle/sevntu-checks/config/checkstyle-formatter-for-eclipse.xml:244,90: Insert 4 spaces. Expected 4 found 0 spaces before start element <setting>
[ERROR] /Users/yuktinandwana/checkstyle_Workspace/./sevntu.checkstyle/sevntu-checks/config/checkstyle-formatter-for-eclipse.xml:245,120: Insert 4 spaces. Expected 4 found 0 spaces before start element <setting>
[ERROR] /Users/yuktinandwana/checkstyle_Workspace/./sevntu.checkstyle/sevntu-checks/config/checkstyle-formatter-for-eclipse.xml:246,87: Insert 4 spaces. Expected 4 found 0 spaces before start element <setting>
[ERROR] /Users/yuktinandwana/checkstyle_Workspace/./sevntu.checkstyle/sevntu-checks/config/checkstyle-formatter-for-eclipse.xml:247,93: Insert 4 spaces. Expected 4 found 0 spaces before start element <setting>
[ERROR] /Users/yuktinandwana/checkstyle_Workspace/./sevntu.checkstyle/sevntu-checks/config/checkstyle-formatter-for-eclipse.xml:248,126: Insert 4 spaces. Expected 4 found 0 spaces before start element <setting>
[ERROR] /Users/yuktinandwana/checkstyle_Workspace/./sevntu.checkstyle/sevntu-checks/config/checkstyle-formatter-for-eclipse.xml:249,131: Insert 4 spaces. Expected 4 found 0 spaces before start element <setting>
[ERROR] /Users/yuktinandwana/checkstyle_Workspace/./sevntu.checkstyle/sevntu-checks/config/checkstyle-formatter-for-eclipse.xml:250,131: Insert 4 spaces. Expected 4 found 0 spaces before start element <setting>
[ERROR] /Users/yuktinandwana/checkstyle_Workspace/./sevntu.checkstyle/sevntu-checks/config/checkstyle-formatter-for-eclipse.xml:251,112: Insert 4 spaces. Expected 4 found 0 spaces before start element <setting>
[ERROR] /Users/yuktinandwana/checkstyle_Workspace/./sevntu.checkstyle/sevntu-checks/config/checkstyle-formatter-for-eclipse.xml:252,126: Insert 4 spaces. Expected 4 found 0 spaces before start element <setting>
[ERROR] /Users/yuktinandwana/checkstyle_Workspace/./sevntu.checkstyle/sevntu-checks/config/checkstyle-formatter-for-eclipse.xml:253,106: Insert 4 spaces. Expected 4 found 0 spaces before start element <setting>
[ERROR] /Users/yuktinandwana/checkstyle_Workspace/./sevntu.checkstyle/sevntu-checks/config/checkstyle-formatter-for-eclipse.xml:254,113: Insert 4 spaces. Expected 4 found 0 spaces before start element <setting>
[ERROR] /Users/yuktinandwana/checkstyle_Workspace/./sevntu.checkstyle/sevntu-checks/config/checkstyle-formatter-for-eclipse.xml:255,123: Insert 4 spaces. Expected 4 found 0 spaces before start element <setting>
[ERROR] /Users/yuktinandwana/checkstyle_Workspace/./sevntu.checkstyle/sevntu-checks/config/checkstyle-formatter-for-eclipse.xml:256,98: Insert 4 spaces. Expected 4 found 0 spaces before start element <setting>
[ERROR] /Users/yuktinandwana/checkstyle_Workspace/./sevntu.checkstyle/sevntu-checks/config/checkstyle-formatter-for-eclipse.xml:257,103: Insert 4 spaces. Expected 4 found 0 spaces before start element <setting>
[ERROR] /Users/yuktinandwana/checkstyle_Workspace/./sevntu.checkstyle/sevntu-checks/config/checkstyle-formatter-for-eclipse.xml:258,117: Insert 4 spaces. Expected 4 found 0 spaces before start element <setting>
[ERROR] /Users/yuktinandwana/checkstyle_Workspace/./sevntu.checkstyle/sevntu-checks/config/checkstyle-formatter-for-eclipse.xml:259,124: Insert 4 spaces. Expected 4 found 0 spaces before start element <setting>
[ERROR] /Users/yuktinandwana/checkstyle_Workspace/./sevntu.checkstyle/sevntu-checks/config/checkstyle-formatter-for-eclipse.xml:260,124: Insert 4 spaces. Expected 4 found 0 spaces before start element <setting>
[ERROR] /Users/yuktinandwana/checkstyle_Workspace/./sevntu.checkstyle/sevntu-checks/config/checkstyle-formatter-for-eclipse.xml:261,106: Insert 4 spaces. Expected 4 found 0 spaces before start element <setting>
[ERROR] /Users/yuktinandwana/checkstyle_Workspace/./sevntu.checkstyle/sevntu-checks/config/checkstyle-formatter-for-eclipse.xml:262,105: Insert 4 spaces. Expected 4 found 0 spaces before start element <setting>
[ERROR] /Users/yuktinandwana/checkstyle_Workspace/./sevntu.checkstyle/sevntu-checks/config/checkstyle-formatter-for-eclipse.xml:263,143: Insert 4 spaces. Expected 4 found 0 spaces before start element <setting>
[ERROR] /Users/yuktinandwana/checkstyle_Workspace/./sevntu.checkstyle/sevntu-checks/config/checkstyle-formatter-for-eclipse.xml:264,118: Insert 4 spaces. Expected 4 found 0 spaces before start element <setting>
[ERROR] /Users/yuktinandwana/checkstyle_Workspace/./sevntu.checkstyle/sevntu-checks/config/checkstyle-formatter-for-eclipse.xml:265,117: Insert 4 spaces. Expected 4 found 0 spaces before start element <setting>
[ERROR] /Users/yuktinandwana/checkstyle_Workspace/./sevntu.checkstyle/sevntu-checks/config/checkstyle-formatter-for-eclipse.xml:266,119: Insert 4 spaces. Expected 4 found 0 spaces before start element <setting>
[ERROR] /Users/yuktinandwana/checkstyle_Workspace/./sevntu.checkstyle/sevntu-checks/config/checkstyle-formatter-for-eclipse.xml:267,118: Insert 4 spaces. Expected 4 found 0 spaces before start element <setting>
[ERROR] /Users/yuktinandwana/checkstyle_Workspace/./sevntu.checkstyle/sevntu-checks/config/checkstyle-formatter-for-eclipse.xml:268,100: Insert 4 spaces. Expected 4 found 0 spaces before start element <setting>
[ERROR] /Users/yuktinandwana/checkstyle_Workspace/./sevntu.checkstyle/sevntu-checks/config/checkstyle-formatter-for-eclipse.xml:269,83: Insert 4 spaces. Expected 4 found 0 spaces before start element <setting>
[ERROR] /Users/yuktinandwana/checkstyle_Workspace/./sevntu.checkstyle/sevntu-checks/config/checkstyle-formatter-for-eclipse.xml:270,118: Insert 4 spaces. Expected 4 found 0 spaces before start element <setting>
[ERROR] /Users/yuktinandwana/checkstyle_Workspace/./sevntu.checkstyle/sevntu-checks/config/checkstyle-formatter-for-eclipse.xml:271,117: Insert 4 spaces. Expected 4 found 0 spaces before start element <setting>
[ERROR] /Users/yuktinandwana/checkstyle_Workspace/./sevntu.checkstyle/sevntu-checks/config/checkstyle-formatter-for-eclipse.xml:272,98: Insert 4 spaces. Expected 4 found 0 spaces before start element <setting>
[ERROR] /Users/yuktinandwana/checkstyle_Workspace/./sevntu.checkstyle/sevntu-checks/config/checkstyle-formatter-for-eclipse.xml:273,104: Insert 4 spaces. Expected 4 found 0 spaces before start element <setting>
[ERROR] /Users/yuktinandwana/checkstyle_Workspace/./sevntu.checkstyle/sevntu-checks/config/checkstyle-formatter-for-eclipse.xml:274,129: Insert 4 spaces. Expected 4 found 0 spaces before start element <setting>
[ERROR] /Users/yuktinandwana/checkstyle_Workspace/./sevntu.checkstyle/sevntu-checks/config/checkstyle-formatter-for-eclipse.xml:275,105: Insert 4 spaces. Expected 4 found 0 spaces before start element <setting>
[ERROR] /Users/yuktinandwana/checkstyle_Workspace/./sevntu.checkstyle/sevntu-checks/config/checkstyle-formatter-for-eclipse.xml:276,94: Insert 4 spaces. Expected 4 found 0 spaces before start element <setting>
[ERROR] /Users/yuktinandwana/checkstyle_Workspace/./sevntu.checkstyle/sevntu-checks/config/checkstyle-formatter-for-eclipse.xml:277,106: Insert 4 spaces. Expected 4 found 0 spaces before start element <setting>
[ERROR] /Users/yuktinandwana/checkstyle_Workspace/./sevntu.checkstyle/sevntu-checks/config/checkstyle-formatter-for-eclipse.xml:278,95: Insert 4 spaces. Expected 4 found 0 spaces before start element <setting>
[ERROR] /Users/yuktinandwana/checkstyle_Workspace/./sevntu.checkstyle/sevntu-checks/config/checkstyle-formatter-for-eclipse.xml:279,104: Insert 4 spaces. Expected 4 found 0 spaces before start element <setting>
[ERROR] /Users/yuktinandwana/checkstyle_Workspace/./sevntu.checkstyle/sevntu-checks/config/checkstyle-formatter-for-eclipse.xml:280,105: Insert 4 spaces. Expected 4 found 0 spaces before start element <setting>
[ERROR] /Users/yuktinandwana/checkstyle_Workspace/./sevntu.checkstyle/sevntu-checks/config/checkstyle-formatter-for-eclipse.xml:281,121: Insert 4 spaces. Expected 4 found 0 spaces before start element <setting>
[ERROR] /Users/yuktinandwana/checkstyle_Workspace/./sevntu.checkstyle/sevntu-checks/config/checkstyle-formatter-for-eclipse.xml:282,97: Insert 4 spaces. Expected 4 found 0 spaces before start element <setting>
[ERROR] /Users/yuktinandwana/checkstyle_Workspace/./sevntu.checkstyle/sevntu-checks/config/checkstyle-formatter-for-eclipse.xml:283,98: Insert 4 spaces. Expected 4 found 0 spaces before start element <setting>
[ERROR] /Users/yuktinandwana/checkstyle_Workspace/./sevntu.checkstyle/sevntu-checks/config/checkstyle-formatter-for-eclipse.xml:284,103: Insert 4 spaces. Expected 4 found 0 spaces before start element <setting>
[ERROR] /Users/yuktinandwana/checkstyle_Workspace/./sevntu.checkstyle/sevntu-checks/config/checkstyle-formatter-for-eclipse.xml:285,116: Insert 4 spaces. Expected 4 found 0 spaces before start element <setting>
[ERROR] /Users/yuktinandwana/checkstyle_Workspace/./sevntu.checkstyle/sevntu-checks/config/checkstyle-formatter-for-eclipse.xml:286,103: Insert 4 spaces. Expected 4 found 0 spaces before start element <setting>
[ERROR] /Users/yuktinandwana/checkstyle_Workspace/./sevntu.checkstyle/sevntu-checks/config/checkstyle-formatter-for-eclipse.xml:287,89: Insert 4 spaces. Expected 4 found 0 spaces before start element <setting>
[ERROR] /Users/yuktinandwana/checkstyle_Workspace/./sevntu.checkstyle/sevntu-checks/config/checkstyle-formatter-for-eclipse.xml:288,110: Insert 4 spaces. Expected 4 found 0 spaces before start element <setting>
[ERROR] /Users/yuktinandwana/checkstyle_Workspace/./sevntu.checkstyle/sevntu-checks/config/checkstyle-formatter-for-eclipse.xml:289,108: Insert 4 spaces. Expected 4 found 0 spaces before start element <setting>
[ERROR] /Users/yuktinandwana/checkstyle_Workspace/./sevntu.checkstyle/sevntu-checks/config/checkstyle-formatter-for-eclipse.xml:290,107: Insert 4 spaces. Expected 4 found 0 spaces before start element <setting>
[ERROR] /Users/yuktinandwana/checkstyle_Workspace/./sevntu.checkstyle/sevntu-checks/config/checkstyle-formatter-for-eclipse.xml:291,109: Insert 4 spaces. Expected 4 found 0 spaces before start element <setting>
[ERROR] /Users/yuktinandwana/checkstyle_Workspace/./sevntu.checkstyle/sevntu-checks/config/checkstyle-formatter-for-eclipse.xml:292,95: Insert 4 spaces. Expected 4 found 0 spaces before start element <setting>
[ERROR] /Users/yuktinandwana/checkstyle_Workspace/./sevntu.checkstyle/sevntu-checks/config/checkstyle-formatter-for-eclipse.xml:293,94: Insert 4 spaces. Expected 4 found 0 spaces before start element <setting>
[ERROR] /Users/yuktinandwana/checkstyle_Workspace/./sevntu.checkstyle/sevntu-checks/config/checkstyle-formatter-for-eclipse.xml:294,11: Insert 2 spaces. Expected 2 found 0 spaces before end element </profile>
[ERROR] /Users/yuktinandwana/checkstyle_Workspace/./sevntu.checkstyle/sevntu-checks/config/suppressions.xml:9,404: Delete 2 spaces. Expected 2 found 4 spaces before start element <suppress>
[ERROR] /Users/yuktinandwana/checkstyle_Workspace/./sevntu.checkstyle/sevntu-checks/config/suppressions.xml:10,78: Delete 2 spaces. Expected 2 found 4 spaces before start element <suppress>
[ERROR] /Users/yuktinandwana/checkstyle_Workspace/./sevntu.checkstyle/sevntu-checks/config/suppressions.xml:14,78: Delete 2 spaces. Expected 2 found 4 spaces before start element <suppress>
[ERROR] /Users/yuktinandwana/checkstyle_Workspace/./sevntu.checkstyle/sevntu-checks/config/suppressions.xml:17,108: Delete 2 spaces. Expected 2 found 4 spaces before start element <suppress>
[ERROR] /Users/yuktinandwana/checkstyle_Workspace/./sevntu.checkstyle/sevntu-checks/config/suppressions.xml:20,81: Delete 2 spaces. Expected 2 found 4 spaces before start element <suppress>
[ERROR] /Users/yuktinandwana/checkstyle_Workspace/./sevntu.checkstyle/sevntu-checks/config/suppressions.xml:21,48: Delete 2 spaces. Expected 2 found 4 spaces before start element <suppress>
[ERROR] /Users/yuktinandwana/checkstyle_Workspace/./sevntu.checkstyle/sevntu-checks/config/suppressions.xml:24,96: Delete 2 spaces. Expected 2 found 4 spaces before start element <suppress>
[ERROR] /Users/yuktinandwana/checkstyle_Workspace/./sevntu.checkstyle/sevntu-checks/config/suppressions.xml:27,53: Delete 2 spaces. Expected 2 found 4 spaces before start element <suppress>
[ERROR] /Users/yuktinandwana/checkstyle_Workspace/./sevntu.checkstyle/sevntu-checks/config/suppressions.xml:30,100: Delete 2 spaces. Expected 2 found 4 spaces before start element <suppress>
[ERROR] /Users/yuktinandwana/checkstyle_Workspace/./sevntu.checkstyle/sevntu-checks/config/suppressions.xml:31,95: Delete 2 spaces. Expected 2 found 4 spaces before start element <suppress>
[ERROR] /Users/yuktinandwana/checkstyle_Workspace/./sevntu.checkstyle/sevntu-checks/config/suppressions.xml:32,88: Delete 2 spaces. Expected 2 found 4 spaces before start element <suppress>
[ERROR] /Users/yuktinandwana/checkstyle_Workspace/./sevntu.checkstyle/sevntu-checks/config/suppressions.xml:33,91: Delete 2 spaces. Expected 2 found 4 spaces before start element <suppress>
[ERROR] /Users/yuktinandwana/checkstyle_Workspace/./sevntu.checkstyle/sevntu-checks/config/suppressions.xml:36,61: Delete 2 spaces. Expected 2 found 4 spaces before start element <suppress>
[ERROR] /Users/yuktinandwana/checkstyle_Workspace/./sevntu.checkstyle/sevntu-checks/config/suppressions.xml:39,95: Delete 2 spaces. Expected 2 found 4 spaces before start element <suppress>
[ERROR] /Users/yuktinandwana/checkstyle_Workspace/./sevntu.checkstyle/sevntu-checks/config/suppressions.xml:40,70: Delete 2 spaces. Expected 2 found 4 spaces before start element <suppress>
[ERROR] /Users/yuktinandwana/checkstyle_Workspace/./sevntu.checkstyle/sevntu-checks/config/suppressions.xml:43,54: Delete 2 spaces. Expected 2 found 4 spaces before start element <suppress>
[ERROR] /Users/yuktinandwana/checkstyle_Workspace/./sevntu.checkstyle/sevntu-checks/config/suppressions.xml:46,60: Delete 2 spaces. Expected 2 found 4 spaces before start element <suppress>
[ERROR] /Users/yuktinandwana/checkstyle_Workspace/./sevntu.checkstyle/sevntu-checks/config/sevntu-suppressions.xml:9,66: Delete 2 spaces. Expected 2 found 4 spaces before start element <suppress>
[ERROR] /Users/yuktinandwana/checkstyle_Workspace/./sevntu.checkstyle/sevntu-checks/config/sevntu-suppressions.xml:12,86: Delete 2 spaces. Expected 2 found 4 spaces before start element <suppress>
[ERROR] /Users/yuktinandwana/checkstyle_Workspace/./sevntu.checkstyle/sevntu-checks/config/sevntu-suppressions.xml:13,90: Delete 2 spaces. Expected 2 found 4 spaces before start element <suppress>
[ERROR] /Users/yuktinandwana/checkstyle_Workspace/./sevntu.checkstyle/sevntu-checks/config/sevntu-suppressions.xml:14,77: Delete 2 spaces. Expected 2 found 4 spaces before start element <suppress>
[DEBUG] No XML formatting violations found in file /Users/yuktinandwana/checkstyle_Workspace/./sevntu.checkstyle/sevntu-checks/config/checkstyle-non-main-files-suppressions.xml
[ERROR] /Users/yuktinandwana/checkstyle_Workspace/./sevntu.checkstyle/sevntu-checks/config/pmd.xml:52,64: Insert 1 spaces. Expected 6 found 5 spaces before start element <property>
[ERROR] /Users/yuktinandwana/checkstyle_Workspace/./sevntu.checkstyle/sevntu-checks/config/pmd.xml:53,80: Insert 1 spaces. Expected 6 found 5 spaces before start element <property>
[ERROR] /Users/yuktinandwana/checkstyle_Workspace/./sevntu.checkstyle/sevntu-checks/config/pmd.xml:54,68: Insert 1 spaces. Expected 6 found 5 spaces before start element <property>
[ERROR] /Users/yuktinandwana/checkstyle_Workspace/./sevntu.checkstyle/sevntu-checks/config/pmd.xml:55,63: Insert 1 spaces. Expected 6 found 5 spaces before start element <property>
[ERROR] /Users/yuktinandwana/checkstyle_Workspace/./sevntu.checkstyle/sevntu-checks/config/pmd.xml:56,69: Insert 1 spaces. Expected 6 found 5 spaces before start element <property>
[ERROR] /Users/yuktinandwana/checkstyle_Workspace/./sevntu.checkstyle/sevntu-checks/config/pmd.xml:57,75: Insert 1 spaces. Expected 6 found 5 spaces before start element <property>
[INFO] ------------------------------------------------------------------------
[INFO] BUILD FAILURE
[INFO] ------------------------------------------------------------------------
[INFO] Total time:  0.731 s
[INFO] Finished at: 2026-01-15T11:36:44+05:30
[INFO] ------------------------------------------------------------------------
[ERROR] Failed to execute goal org.codehaus.mojo:xml-maven-plugin:1.2.0:check-format (default) on project checkstyle: Could not process file /Users/yuktinandwana/checkstyle_Workspace/./sevntu.checkstyle/sevntu-checks/config/sevntu-checks.xml: Content is not allowed in prolog. -> [Help 1]
org.apache.maven.lifecycle.LifecycleExecutionException: Failed to execute goal org.codehaus.mojo:xml-maven-plugin:1.2.0:check-format (default) on project checkstyle: Could not process file /Users/yuktinandwana/checkstyle_Workspace/./sevntu.checkstyle/sevntu-checks/config/sevntu-checks.xml
    at org.apache.maven.lifecycle.internal.MojoExecutor.doExecute2 (MojoExecutor.java:333)
    at org.apache.maven.lifecycle.internal.MojoExecutor.doExecute (MojoExecutor.java:316)
    at org.apache.maven.lifecycle.internal.MojoExecutor.execute (MojoExecutor.java:212)
    at org.apache.maven.lifecycle.internal.MojoExecutor.execute (MojoExecutor.java:174)
    at org.apache.maven.lifecycle.internal.MojoExecutor.access$000 (MojoExecutor.java:75)
    at org.apache.maven.lifecycle.internal.MojoExecutor$1.run (MojoExecutor.java:162)
    at org.apache.maven.plugin.DefaultMojosExecutionStrategy.execute (DefaultMojosExecutionStrategy.java:39)
    at org.apache.maven.lifecycle.internal.MojoExecutor.execute (MojoExecutor.java:159)
    at org.apache.maven.lifecycle.internal.LifecycleModuleBuilder.buildProject (LifecycleModuleBuilder.java:105)
    at org.apache.maven.lifecycle.internal.LifecycleModuleBuilder.buildProject (LifecycleModuleBuilder.java:73)
    at org.apache.maven.lifecycle.internal.builder.singlethreaded.SingleThreadedBuilder.build (SingleThreadedBuilder.java:53)
    at org.apache.maven.lifecycle.internal.LifecycleStarter.execute (LifecycleStarter.java:118)
    at org.apache.maven.DefaultMaven.doExecute (DefaultMaven.java:261)
    at org.apache.maven.DefaultMaven.doExecute (DefaultMaven.java:173)
    at org.apache.maven.DefaultMaven.execute (DefaultMaven.java:101)
    at org.apache.maven.cli.MavenCli.execute (MavenCli.java:919)
    at org.apache.maven.cli.MavenCli.doMain (MavenCli.java:285)
    at org.apache.maven.cli.MavenCli.main (MavenCli.java:207)
    at jdk.internal.reflect.DirectMethodHandleAccessor.invoke (DirectMethodHandleAccessor.java:103)
    at java.lang.reflect.Method.invoke (Method.java:580)
    at org.codehaus.plexus.classworlds.launcher.Launcher.launchEnhanced (Launcher.java:255)
    at org.codehaus.plexus.classworlds.launcher.Launcher.launch (Launcher.java:201)
    at org.codehaus.plexus.classworlds.launcher.Launcher.mainWithExitCode (Launcher.java:361)
    at org.codehaus.plexus.classworlds.launcher.Launcher.main (Launcher.java:314)
Caused by: org.apache.maven.plugin.MojoExecutionException: Could not process file /Users/yuktinandwana/checkstyle_Workspace/./sevntu.checkstyle/sevntu-checks/config/sevntu-checks.xml
    at org.codehaus.mojo.xml.CheckFormatMojo.check (CheckFormatMojo.java:161)
    at org.codehaus.mojo.xml.CheckFormatMojo.execute (CheckFormatMojo.java:206)
    at org.apache.maven.plugin.DefaultBuildPluginManager.executeMojo (DefaultBuildPluginManager.java:126)
    at org.apache.maven.lifecycle.internal.MojoExecutor.doExecute2 (MojoExecutor.java:328)
    at org.apache.maven.lifecycle.internal.MojoExecutor.doExecute (MojoExecutor.java:316)
    at org.apache.maven.lifecycle.internal.MojoExecutor.execute (MojoExecutor.java:212)
    at org.apache.maven.lifecycle.internal.MojoExecutor.execute (MojoExecutor.java:174)
    at org.apache.maven.lifecycle.internal.MojoExecutor.access$000 (MojoExecutor.java:75)
    at org.apache.maven.lifecycle.internal.MojoExecutor$1.run (MojoExecutor.java:162)
    at org.apache.maven.plugin.DefaultMojosExecutionStrategy.execute (DefaultMojosExecutionStrategy.java:39)
    at org.apache.maven.lifecycle.internal.MojoExecutor.execute (MojoExecutor.java:159)
    at org.apache.maven.lifecycle.internal.LifecycleModuleBuilder.buildProject (LifecycleModuleBuilder.java:105)
    at org.apache.maven.lifecycle.internal.LifecycleModuleBuilder.buildProject (LifecycleModuleBuilder.java:73)
    at org.apache.maven.lifecycle.internal.builder.singlethreaded.SingleThreadedBuilder.build (SingleThreadedBuilder.java:53)
    at org.apache.maven.lifecycle.internal.LifecycleStarter.execute (LifecycleStarter.java:118)
    at org.apache.maven.DefaultMaven.doExecute (DefaultMaven.java:261)
    at org.apache.maven.DefaultMaven.doExecute (DefaultMaven.java:173)
    at org.apache.maven.DefaultMaven.execute (DefaultMaven.java:101)
    at org.apache.maven.cli.MavenCli.execute (MavenCli.java:919)
    at org.apache.maven.cli.MavenCli.doMain (MavenCli.java:285)
    at org.apache.maven.cli.MavenCli.main (MavenCli.java:207)
    at jdk.internal.reflect.DirectMethodHandleAccessor.invoke (DirectMethodHandleAccessor.java:103)
    at java.lang.reflect.Method.invoke (Method.java:580)
    at org.codehaus.plexus.classworlds.launcher.Launcher.launchEnhanced (Launcher.java:255)
    at org.codehaus.plexus.classworlds.launcher.Launcher.launch (Launcher.java:201)
    at org.codehaus.plexus.classworlds.launcher.Launcher.mainWithExitCode (Launcher.java:361)
    at org.codehaus.plexus.classworlds.launcher.Launcher.main (Launcher.java:314)
Caused by: org.xml.sax.SAXParseException: Content is not allowed in prolog.
    at com.sun.org.apache.xerces.internal.util.ErrorHandlerWrapper.createSAXParseException (ErrorHandlerWrapper.java:204)
    at com.sun.org.apache.xerces.internal.util.ErrorHandlerWrapper.fatalError (ErrorHandlerWrapper.java:178)
    at com.sun.org.apache.xerces.internal.impl.XMLErrorReporter.reportError (XMLErrorReporter.java:400)
    at com.sun.org.apache.xerces.internal.impl.XMLErrorReporter.reportError (XMLErrorReporter.java:327)
    at com.sun.org.apache.xerces.internal.impl.XMLScanner.reportFatalError (XMLScanner.java:1465)
    at com.sun.org.apache.xerces.internal.impl.XMLDocumentScannerImpl$PrologDriver.next (XMLDocumentScannerImpl.java:978)
    at com.sun.org.apache.xerces.internal.impl.XMLDocumentScannerImpl.next (XMLDocumentScannerImpl.java:605)
    at com.sun.org.apache.xerces.internal.impl.XMLDocumentFragmentScannerImpl.scanDocument (XMLDocumentFragmentScannerImpl.java:542)
    at com.sun.org.apache.xerces.internal.parsers.XML11Configuration.parse (XML11Configuration.java:889)
    at com.sun.org.apache.xerces.internal.parsers.XML11Configuration.parse (XML11Configuration.java:825)
    at com.sun.org.apache.xerces.internal.parsers.XMLParser.parse (XMLParser.java:141)
    at com.sun.org.apache.xerces.internal.parsers.AbstractSAXParser.parse (AbstractSAXParser.java:1224)
    at com.sun.org.apache.xerces.internal.jaxp.SAXParserImpl$JAXPSAXParser.parse (SAXParserImpl.java:637)
    at com.sun.org.apache.xerces.internal.jaxp.SAXParserImpl.parse (SAXParserImpl.java:326)
    at org.codehaus.mojo.xml.CheckFormatMojo.check (CheckFormatMojo.java:159)
    at org.codehaus.mojo.xml.CheckFormatMojo.execute (CheckFormatMojo.java:206)
    at org.apache.maven.plugin.DefaultBuildPluginManager.executeMojo (DefaultBuildPluginManager.java:126)
    at org.apache.maven.lifecycle.internal.MojoExecutor.doExecute2 (MojoExecutor.java:328)
    at org.apache.maven.lifecycle.internal.MojoExecutor.doExecute (MojoExecutor.java:316)
    at org.apache.maven.lifecycle.internal.MojoExecutor.execute (MojoExecutor.java:212)
    at org.apache.maven.lifecycle.internal.MojoExecutor.execute (MojoExecutor.java:174)
    at org.apache.maven.lifecycle.internal.MojoExecutor.access$000 (MojoExecutor.java:75)
    at org.apache.maven.lifecycle.internal.MojoExecutor$1.run (MojoExecutor.java:162)
    at org.apache.maven.plugin.DefaultMojosExecutionStrategy.execute (DefaultMojosExecutionStrategy.java:39)
    at org.apache.maven.lifecycle.internal.MojoExecutor.execute (MojoExecutor.java:159)
    at org.apache.maven.lifecycle.internal.LifecycleModuleBuilder.buildProject (LifecycleModuleBuilder.java:105)
    at org.apache.maven.lifecycle.internal.LifecycleModuleBuilder.buildProject (LifecycleModuleBuilder.java:73)
    at org.apache.maven.lifecycle.internal.builder.singlethreaded.SingleThreadedBuilder.build (SingleThreadedBuilder.java:53)
    at org.apache.maven.lifecycle.internal.LifecycleStarter.execute (LifecycleStarter.java:118)
    at org.apache.maven.DefaultMaven.doExecute (DefaultMaven.java:261)
    at org.apache.maven.DefaultMaven.doExecute (DefaultMaven.java:173)
    at org.apache.maven.DefaultMaven.execute (DefaultMaven.java:101)
    at org.apache.maven.cli.MavenCli.execute (MavenCli.java:919)
    at org.apache.maven.cli.MavenCli.doMain (MavenCli.java:285)
    at org.apache.maven.cli.MavenCli.main (MavenCli.java:207)
    at jdk.internal.reflect.DirectMethodHandleAccessor.invoke (DirectMethodHandleAccessor.java:103)
    at java.lang.reflect.Method.invoke (Method.java:580)
    at org.codehaus.plexus.classworlds.launcher.Launcher.launchEnhanced (Launcher.java:255)
    at org.codehaus.plexus.classworlds.launcher.Launcher.launch (Launcher.java:201)
    at org.codehaus.plexus.classworlds.launcher.Launcher.mainWithExitCode (Launcher.java:361)
    at org.codehaus.plexus.classworlds.launcher.Launcher.main (Launcher.java:314)
[ERROR] 
[ERROR] 
[ERROR] For more information about the errors and possible solutions, please read the following articles:
[ERROR] [Help 1] http://cwiki.apache.org/confluence/display/MAVEN/MojoExecutionException
[DEBUG] Shutting down adapter factory; available factories [file-lock, rwlock-local, semaphore-local, noop]; available name mappers [discriminating, file-gaecv, file-gav, file-hgaecv, file-hgav, file-static, gaecv, gav, static]
[DEBUG] Shutting down 'file-lock' factory
[DEBUG] Shutting down 'rwlock-local' factory
[DEBUG] Shutting down 'semaphore-local' factory
[DEBUG] Shutting down 'noop' factory
